#
# There is insufficient memory for the Java Runtime Environment to continue.
# Native memory allocation (mmap) failed to map 230686720 bytes for G1 virtual space
# Possible reasons:
#   The system is out of physical RAM or swap space
#   The process is running with CompressedOops enabled, and the Java Heap may be blocking the growth of the native heap
# Possible solutions:
#   Reduce memory load on the system
#   Increase physical memory or swap space
#   Check if swap backing store is full
#   Decrease Java heap size (-Xmx/-Xms)
#   Decrease number of Java threads
#   Decrease Java thread stack sizes (-Xss)
#   Set larger code cache with -XX:ReservedCodeCacheSize=
#   JVM is running with Unscaled Compressed Oops mode in which the Java heap is
#     placed in the first 4GB address space. The Java Heap base address is the
#     maximum limit for the native heap growth. Please use -XX:HeapBaseMinAddress
#     to set the Java Heap base and to place the Java Heap above 4GB virtual address.
# This output file may be truncated or incomplete.
#
#  Out of Memory Error (os_windows.cpp:3825), pid=8600, tid=9572
#
# JRE version: OpenJDK Runtime Environment (17.0.10) (build 17.0.10+0--11572160)
# Java VM: OpenJDK 64-Bit Server VM (17.0.10+0--11572160, mixed mode, tiered, compressed oops, compressed class ptrs, g1 gc, windows-amd64)
# No core dump will be written. Minidumps are not enabled by default on client versions of Windows
#

---------------  S U M M A R Y ------------

Command Line: org.jetbrains.kotlin.cli.jvm.K2JVMCompiler @C:\Users\aksha\Downloads\mappls-android-compose-demo-main\mappls-android-compose-demo-main\app\build\20240519_4410080051603798113.compiler.options

Host: AMD Ryzen 5 5500U with Radeon Graphics         , 12 cores, 5G,  Windows 11 , 64 bit Build 22621 (10.0.22621.3527)
Time: Sun May 19 17:39:12 2024 India Standard Time elapsed time: 56.724626 seconds (0d 0h 0m 56s)

---------------  T H R E A D  ---------------

Current thread (0x00000210e4c70680):  VMThread "VM Thread" [stack: 0x00000022e7600000,0x00000022e7700000] [id=9572]

Stack: [0x00000022e7600000,0x00000022e7700000]
Native frames: (J=compiled Java code, j=interpreted, Vv=VM code, C=native code)
V  [jvm.dll+0x688e89]
V  [jvm.dll+0x84247a]
V  [jvm.dll+0x8440be]
V  [jvm.dll+0x844723]
V  [jvm.dll+0x24be0f]
V  [jvm.dll+0x685c59]
V  [jvm.dll+0x67a50a]
V  [jvm.dll+0x30cbab]
V  [jvm.dll+0x314056]
V  [jvm.dll+0x363dce]
V  [jvm.dll+0x363fff]
V  [jvm.dll+0x2e2978]
V  [jvm.dll+0x2e0b54]
V  [jvm.dll+0x2e015c]
V  [jvm.dll+0x32502b]
V  [jvm.dll+0x848e1b]
V  [jvm.dll+0x849b61]
V  [jvm.dll+0x84a07d]
V  [jvm.dll+0x84a454]
V  [jvm.dll+0x84a520]
V  [jvm.dll+0x7f0d1a]
V  [jvm.dll+0x687d05]
C  [ucrtbase.dll+0x29333]
C  [KERNEL32.DLL+0x1257d]
C  [ntdll.dll+0x5aa48]

VM_Operation (0x00000022e70fc7d0): G1CollectForAllocation, mode: safepoint, requested by thread 0x00000210cbe690d0


---------------  P R O C E S S  ---------------

Threads class SMR info:
_java_thread_list=0x00000210e91850c0, length=12, elements={
0x00000210cbe690d0, 0x00000210e4cef270, 0x00000210e4cf00f0, 0x00000210e4cd9a20,
0x00000210e4cf93c0, 0x00000210e4cfdea0, 0x00000210e4cfe860, 0x00000210e902dc00,
0x00000210e902e510, 0x00000210e9031700, 0x00000210e91a6b70, 0x00000210e91ba2a0
}

Java Threads: ( => current thread )
  0x00000210cbe690d0 JavaThread "main" [_thread_blocked, id=14912, stack(0x00000022e7000000,0x00000022e7100000)]
  0x00000210e4cef270 JavaThread "Reference Handler" daemon [_thread_blocked, id=3892, stack(0x00000022e7700000,0x00000022e7800000)]
  0x00000210e4cf00f0 JavaThread "Finalizer" daemon [_thread_blocked, id=20432, stack(0x00000022e7800000,0x00000022e7900000)]
  0x00000210e4cd9a20 JavaThread "Signal Dispatcher" daemon [_thread_blocked, id=6608, stack(0x00000022e7900000,0x00000022e7a00000)]
  0x00000210e4cf93c0 JavaThread "Attach Listener" daemon [_thread_blocked, id=3136, stack(0x00000022e7a00000,0x00000022e7b00000)]
  0x00000210e4cfdea0 JavaThread "Service Thread" daemon [_thread_blocked, id=4192, stack(0x00000022e7b00000,0x00000022e7c00000)]
  0x00000210e4cfe860 JavaThread "Monitor Deflation Thread" daemon [_thread_blocked, id=3692, stack(0x00000022e7c00000,0x00000022e7d00000)]
  0x00000210e902dc00 JavaThread "C2 CompilerThread0" daemon [_thread_blocked, id=17440, stack(0x00000022e7d00000,0x00000022e7e00000)]
  0x00000210e902e510 JavaThread "C1 CompilerThread0" daemon [_thread_blocked, id=20096, stack(0x00000022e7e00000,0x00000022e7f00000)]
  0x00000210e9031700 JavaThread "Sweeper thread" daemon [_thread_blocked, id=11932, stack(0x00000022e7f00000,0x00000022e8000000)]
  0x00000210e91a6b70 JavaThread "Notification Thread" daemon [_thread_blocked, id=8864, stack(0x00000022e8000000,0x00000022e8100000)]
  0x00000210e91ba2a0 JavaThread "Common-Cleaner" daemon [_thread_blocked, id=17192, stack(0x00000022e8200000,0x00000022e8300000)]

Other Threads:
=>0x00000210e4c70680 VMThread "VM Thread" [stack: 0x00000022e7600000,0x00000022e7700000] [id=9572]
  0x00000210e906b650 WatcherThread [stack: 0x00000022e8100000,0x00000022e8200000] [id=5836]
  0x00000210cbeb5670 GCTaskThread "GC Thread#0" [stack: 0x00000022e7100000,0x00000022e7200000] [id=20504]
  0x00000210e936f7b0 GCTaskThread "GC Thread#1" [stack: 0x00000022e8300000,0x00000022e8400000] [id=6088]
  0x00000210e936e470 GCTaskThread "GC Thread#2" [stack: 0x00000022e8400000,0x00000022e8500000] [id=9352]
  0x00000210e936e9f0 GCTaskThread "GC Thread#3" [stack: 0x00000022e8500000,0x00000022e8600000] [id=21112]
  0x00000210e936f4f0 GCTaskThread "GC Thread#4" [stack: 0x00000022e8600000,0x00000022e8700000] [id=18652]
  0x00000210e936ecb0 GCTaskThread "GC Thread#5" [stack: 0x00000022e8700000,0x00000022e8800000] [id=7036]
  0x00000210e936e730 GCTaskThread "GC Thread#6" [stack: 0x00000022e8800000,0x00000022e8900000] [id=19744]
  0x00000210e9e58360 GCTaskThread "GC Thread#7" [stack: 0x00000022e8900000,0x00000022e8a00000] [id=9584]
  0x00000210e9e55ce0 GCTaskThread "GC Thread#8" [stack: 0x00000022e8a00000,0x00000022e8b00000] [id=1396]
  0x00000210e9e57020 GCTaskThread "GC Thread#9" [stack: 0x00000022e8d00000,0x00000022e8e00000] [id=21080]
  0x00000210cbec2180 ConcurrentGCThread "G1 Main Marker" [stack: 0x00000022e7200000,0x00000022e7300000] [id=21380]
  0x00000210cbec3340 ConcurrentGCThread "G1 Conc#0" [stack: 0x00000022e7300000,0x00000022e7400000] [id=19596]
  0x00000210e9e572e0 ConcurrentGCThread "G1 Conc#1" [stack: 0x00000022e8b00000,0x00000022e8c00000] [id=15248]
  0x00000210e9e554a0 ConcurrentGCThread "G1 Conc#2" [stack: 0x00000022e8c00000,0x00000022e8d00000] [id=5008]
  0x00000210e4b320c0 ConcurrentGCThread "G1 Refine#0" [stack: 0x00000022e7400000,0x00000022e7500000] [id=14972]
  0x00000210eba54c10 ConcurrentGCThread "G1 Refine#1" [stack: 0x00000022e8e00000,0x00000022e8f00000] [id=6652]
  0x00000210eba51b10 ConcurrentGCThread "G1 Refine#2" [stack: 0x00000022e8f00000,0x00000022e9000000] [id=12976]
  0x00000210eba52a20 ConcurrentGCThread "G1 Refine#3" [stack: 0x00000022e9000000,0x00000022e9100000] [id=2388]
  0x00000210e4b32af0 ConcurrentGCThread "G1 Service" [stack: 0x00000022e7500000,0x00000022e7600000] [id=21016]

Threads with active compile tasks:
C2 CompilerThread0    57883 12594       4       org.jetbrains.kotlin.types.checker.ClassicTypeSystemContext$DefaultImpls::asDefinitelyNotNullType (108 bytes)
C1 CompilerThread0    57883 12714       3       org.jetbrains.kotlin.ir.visitors.IrElementTransformerVoid::access$transformChildrenVoid (6 bytes)

VM state: at safepoint (normal execution)

VM Mutex/Monitor currently owned by a thread:  ([mutex/lock_event])
[0x00000210cbe641e0] Threads_lock - owner thread: 0x00000210e4c70680
[0x00000210cbe64db0] Heap_lock - owner thread: 0x00000210cbe690d0

Heap address: 0x00000000a2200000, size: 1502 MB, Compressed Oops mode: 32-bit

CDS archive(s) not mapped
Compressed class space mapped at: 0x0000000100000000-0x0000000140000000, reserved size: 1073741824
Narrow klass base: 0x0000000000000000, Narrow klass shift: 3, Narrow klass range: 0x140000000

GC Precious Log:
 CPUs: 12 total, 12 available
 Memory: 6005M
 Large Page Support: Disabled
 NUMA Support: Disabled
 Compressed Oops: Enabled (32-bit)
 Heap Region Size: 1M
 Heap Min Capacity: 8M
 Heap Initial Capacity: 94M
 Heap Max Capacity: 1502M
 Pre-touch: Disabled
 Parallel Workers: 10
 Concurrent Workers: 3
 Concurrent Refinement Workers: 10
 Periodic GC: Disabled

Heap:
 garbage-first heap   total 225280K, used 87536K [0x00000000a2200000, 0x0000000100000000)
  region size 1024K, 2 young (2048K), 2 survivors (2048K)
 Metaspace       used 73530K, committed 73792K, reserved 1179648K
  class space    used 8336K, committed 8448K, reserved 1048576K

Heap Regions: E=young(eden), S=young(survivor), O=old, HS=humongous(starts), HC=humongous(continues), CS=collection set, F=free, OA=open archive, CA=closed archive, TAMS=top-at-mark-start (previous, next)
|   0|0x00000000a2200000, 0x00000000a2300000, 0x00000000a2300000|100%|HS|  |TAMS 0x00000000a2300000, 0x00000000a2200000| Complete 
|   1|0x00000000a2300000, 0x00000000a2400000, 0x00000000a2400000|100%|HC|  |TAMS 0x00000000a2400000, 0x00000000a2300000| Complete 
|   2|0x00000000a2400000, 0x00000000a2500000, 0x00000000a2500000|100%|HC|  |TAMS 0x00000000a2500000, 0x00000000a2400000| Complete 
|   3|0x00000000a2500000, 0x00000000a2600000, 0x00000000a2600000|100%| O|  |TAMS 0x00000000a2600000, 0x00000000a2500000| Untracked 
|   4|0x00000000a2600000, 0x00000000a2700000, 0x00000000a2700000|100%| O|  |TAMS 0x00000000a2700000, 0x00000000a2600000| Untracked 
|   5|0x00000000a2700000, 0x00000000a2800000, 0x00000000a2800000|100%| O|  |TAMS 0x00000000a2800000, 0x00000000a2700000| Untracked 
|   6|0x00000000a2800000, 0x00000000a2900000, 0x00000000a2900000|100%|HS|  |TAMS 0x00000000a2900000, 0x00000000a2800000| Complete 
|   7|0x00000000a2900000, 0x00000000a2a00000, 0x00000000a2a00000|100%|HC|  |TAMS 0x00000000a2a00000, 0x00000000a2900000| Complete 
|   8|0x00000000a2a00000, 0x00000000a2b00000, 0x00000000a2b00000|100%|HC|  |TAMS 0x00000000a2b00000, 0x00000000a2a00000| Complete 
|   9|0x00000000a2b00000, 0x00000000a2c00000, 0x00000000a2c00000|100%|HS|  |TAMS 0x00000000a2c00000, 0x00000000a2b00000| Complete 
|  10|0x00000000a2c00000, 0x00000000a2d00000, 0x00000000a2d00000|100%|HC|  |TAMS 0x00000000a2d00000, 0x00000000a2c00000| Complete 
|  11|0x00000000a2d00000, 0x00000000a2e00000, 0x00000000a2e00000|100%|HC|  |TAMS 0x00000000a2e00000, 0x00000000a2d00000| Complete 
|  12|0x00000000a2e00000, 0x00000000a2f00000, 0x00000000a2f00000|100%| O|  |TAMS 0x00000000a2f00000, 0x00000000a2e00000| Untracked 
|  13|0x00000000a2f00000, 0x00000000a3000000, 0x00000000a3000000|100%| O|  |TAMS 0x00000000a3000000, 0x00000000a2f00000| Untracked 
|  14|0x00000000a3000000, 0x00000000a3100000, 0x00000000a3100000|100%| O|  |TAMS 0x00000000a3100000, 0x00000000a3000000| Untracked 
|  15|0x00000000a3100000, 0x00000000a3200000, 0x00000000a3200000|100%| O|  |TAMS 0x00000000a3200000, 0x00000000a3100000| Untracked 
|  16|0x00000000a3200000, 0x00000000a3300000, 0x00000000a3300000|100%| O|  |TAMS 0x00000000a3300000, 0x00000000a3200000| Untracked 
|  17|0x00000000a3300000, 0x00000000a3400000, 0x00000000a3400000|100%| O|  |TAMS 0x00000000a3400000, 0x00000000a3300000| Untracked 
|  18|0x00000000a3400000, 0x00000000a3500000, 0x00000000a3500000|100%| O|  |TAMS 0x00000000a3500000, 0x00000000a3400000| Untracked 
|  19|0x00000000a3500000, 0x00000000a3600000, 0x00000000a3600000|100%| O|  |TAMS 0x00000000a3500000, 0x00000000a3500000| Untracked 
|  20|0x00000000a3600000, 0x00000000a3700000, 0x00000000a3700000|100%| O|  |TAMS 0x00000000a3600000, 0x00000000a3600000| Untracked 
|  21|0x00000000a3700000, 0x00000000a3800000, 0x00000000a3800000|100%| O|  |TAMS 0x00000000a3800000, 0x00000000a3700000| Untracked 
|  22|0x00000000a3800000, 0x00000000a3900000, 0x00000000a3900000|100%| O|  |TAMS 0x00000000a3900000, 0x00000000a3800000| Untracked 
|  23|0x00000000a3900000, 0x00000000a3a00000, 0x00000000a3a00000|100%| O|  |TAMS 0x00000000a3a00000, 0x00000000a3900000| Untracked 
|  24|0x00000000a3a00000, 0x00000000a3b00000, 0x00000000a3b00000|100%| O|  |TAMS 0x00000000a3b00000, 0x00000000a3a00000| Untracked 
|  25|0x00000000a3b00000, 0x00000000a3c00000, 0x00000000a3c00000|100%| O|  |TAMS 0x00000000a3b00000, 0x00000000a3b00000| Untracked 
|  26|0x00000000a3c00000, 0x00000000a3d00000, 0x00000000a3d00000|100%| O|  |TAMS 0x00000000a3d00000, 0x00000000a3c00000| Untracked 
|  27|0x00000000a3d00000, 0x00000000a3e00000, 0x00000000a3e00000|100%| O|  |TAMS 0x00000000a3e00000, 0x00000000a3d00000| Untracked 
|  28|0x00000000a3e00000, 0x00000000a3f00000, 0x00000000a3f00000|100%| O|  |TAMS 0x00000000a3f00000, 0x00000000a3e00000| Untracked 
|  29|0x00000000a3f00000, 0x00000000a4000000, 0x00000000a4000000|100%| O|  |TAMS 0x00000000a4000000, 0x00000000a3f00000| Untracked 
|  30|0x00000000a4000000, 0x00000000a4100000, 0x00000000a4100000|100%| O|  |TAMS 0x00000000a4100000, 0x00000000a4000000| Untracked 
|  31|0x00000000a4100000, 0x00000000a4200000, 0x00000000a4200000|100%| O|  |TAMS 0x00000000a4100000, 0x00000000a4100000| Untracked 
|  32|0x00000000a4200000, 0x00000000a4300000, 0x00000000a4300000|100%| O|  |TAMS 0x00000000a4300000, 0x00000000a4200000| Untracked 
|  33|0x00000000a4300000, 0x00000000a4400000, 0x00000000a4400000|100%|HS|  |TAMS 0x00000000a4400000, 0x00000000a4300000| Complete 
|  34|0x00000000a4400000, 0x00000000a4500000, 0x00000000a4500000|100%|HC|  |TAMS 0x00000000a4500000, 0x00000000a4400000| Complete 
|  35|0x00000000a4500000, 0x00000000a4600000, 0x00000000a4600000|100%| O|  |TAMS 0x00000000a4600000, 0x00000000a4500000| Untracked 
|  36|0x00000000a4600000, 0x00000000a4700000, 0x00000000a4700000|100%| O|  |TAMS 0x00000000a4700000, 0x00000000a4600000| Untracked 
|  37|0x00000000a4700000, 0x00000000a4800000, 0x00000000a4800000|100%| O|  |TAMS 0x00000000a4800000, 0x00000000a4700000| Untracked 
|  38|0x00000000a4800000, 0x00000000a4900000, 0x00000000a4900000|100%| O|  |TAMS 0x00000000a4900000, 0x00000000a4800000| Untracked 
|  39|0x00000000a4900000, 0x00000000a4a00000, 0x00000000a4a00000|100%| O|  |TAMS 0x00000000a4a00000, 0x00000000a4900000| Untracked 
|  40|0x00000000a4a00000, 0x00000000a4b00000, 0x00000000a4b00000|100%| O|  |TAMS 0x00000000a4b00000, 0x00000000a4a00000| Untracked 
|  41|0x00000000a4b00000, 0x00000000a4c00000, 0x00000000a4c00000|100%| O|  |TAMS 0x00000000a4c00000, 0x00000000a4b00000| Untracked 
|  42|0x00000000a4c00000, 0x00000000a4d00000, 0x00000000a4d00000|100%| O|  |TAMS 0x00000000a4d00000, 0x00000000a4c00000| Untracked 
|  43|0x00000000a4d00000, 0x00000000a4e00000, 0x00000000a4e00000|100%| O|  |TAMS 0x00000000a4e00000, 0x00000000a4d00000| Untracked 
|  44|0x00000000a4e00000, 0x00000000a4f00000, 0x00000000a4f00000|100%| O|  |TAMS 0x00000000a4f00000, 0x00000000a4e00000| Untracked 
|  45|0x00000000a4f00000, 0x00000000a5000000, 0x00000000a5000000|100%| O|  |TAMS 0x00000000a5000000, 0x00000000a4f00000| Untracked 
|  46|0x00000000a5000000, 0x00000000a5100000, 0x00000000a5100000|100%| O|  |TAMS 0x00000000a5100000, 0x00000000a5000000| Untracked 
|  47|0x00000000a5100000, 0x00000000a5200000, 0x00000000a5200000|100%| O|  |TAMS 0x00000000a5200000, 0x00000000a5100000| Untracked 
|  48|0x00000000a5200000, 0x00000000a5300000, 0x00000000a5300000|100%| O|  |TAMS 0x00000000a5300000, 0x00000000a5200000| Untracked 
|  49|0x00000000a5300000, 0x00000000a5400000, 0x00000000a5400000|100%| O|  |TAMS 0x00000000a5400000, 0x00000000a5300000| Untracked 
|  50|0x00000000a5400000, 0x00000000a5500000, 0x00000000a5500000|100%| O|  |TAMS 0x00000000a5500000, 0x00000000a5400000| Untracked 
|  51|0x00000000a5500000, 0x00000000a5600000, 0x00000000a5600000|100%| O|  |TAMS 0x00000000a5600000, 0x00000000a5500000| Untracked 
|  52|0x00000000a5600000, 0x00000000a5700000, 0x00000000a5700000|100%| O|  |TAMS 0x00000000a5700000, 0x00000000a5600000| Untracked 
|  53|0x00000000a5700000, 0x00000000a5800000, 0x00000000a5800000|100%| O|  |TAMS 0x00000000a5800000, 0x00000000a5700000| Untracked 
|  54|0x00000000a5800000, 0x00000000a5900000, 0x00000000a5900000|100%| O|  |TAMS 0x00000000a5900000, 0x00000000a5800000| Untracked 
|  55|0x00000000a5900000, 0x00000000a5a00000, 0x00000000a5a00000|100%| O|  |TAMS 0x00000000a5a00000, 0x00000000a5900000| Untracked 
|  56|0x00000000a5a00000, 0x00000000a5b00000, 0x00000000a5b00000|100%| O|  |TAMS 0x00000000a5b00000, 0x00000000a5a00000| Untracked 
|  57|0x00000000a5b00000, 0x00000000a5c00000, 0x00000000a5c00000|100%| O|  |TAMS 0x00000000a5c00000, 0x00000000a5b00000| Untracked 
|  58|0x00000000a5c00000, 0x00000000a5d00000, 0x00000000a5d00000|100%| O|  |TAMS 0x00000000a5d00000, 0x00000000a5c00000| Untracked 
|  59|0x00000000a5d00000, 0x00000000a5e00000, 0x00000000a5e00000|100%| O|  |TAMS 0x00000000a5e00000, 0x00000000a5d00000| Untracked 
|  60|0x00000000a5e00000, 0x00000000a5f00000, 0x00000000a5f00000|100%| O|  |TAMS 0x00000000a5f00000, 0x00000000a5e00000| Untracked 
|  61|0x00000000a5f00000, 0x00000000a6000000, 0x00000000a6000000|100%| O|  |TAMS 0x00000000a6000000, 0x00000000a5f00000| Untracked 
|  62|0x00000000a6000000, 0x00000000a6100000, 0x00000000a6100000|100%| O|  |TAMS 0x00000000a606e000, 0x00000000a6000000| Untracked 
|  63|0x00000000a6100000, 0x00000000a6200000, 0x00000000a6200000|100%| O|  |TAMS 0x00000000a6100000, 0x00000000a6100000| Untracked 
|  64|0x00000000a6200000, 0x00000000a6300000, 0x00000000a6300000|100%| O|  |TAMS 0x00000000a6200000, 0x00000000a6200000| Untracked 
|  65|0x00000000a6300000, 0x00000000a6400000, 0x00000000a6400000|100%| O|  |TAMS 0x00000000a6300000, 0x00000000a6300000| Untracked 
|  66|0x00000000a6400000, 0x00000000a6500000, 0x00000000a6500000|100%| O|  |TAMS 0x00000000a6400000, 0x00000000a6400000| Untracked 
|  67|0x00000000a6500000, 0x00000000a6600000, 0x00000000a6600000|100%|HS|  |TAMS 0x00000000a6500000, 0x00000000a6500000| Complete 
|  68|0x00000000a6600000, 0x00000000a6700000, 0x00000000a6700000|100%|HC|  |TAMS 0x00000000a6600000, 0x00000000a6600000| Complete 
|  69|0x00000000a6700000, 0x00000000a6800000, 0x00000000a6800000|100%| O|  |TAMS 0x00000000a6700000, 0x00000000a6700000| Untracked 
|  70|0x00000000a6800000, 0x00000000a6900000, 0x00000000a6900000|100%| O|  |TAMS 0x00000000a6800000, 0x00000000a6800000| Untracked 
|  71|0x00000000a6900000, 0x00000000a6a00000, 0x00000000a6a00000|100%| O|  |TAMS 0x00000000a6900000, 0x00000000a6900000| Untracked 
|  72|0x00000000a6a00000, 0x00000000a6b00000, 0x00000000a6b00000|100%| O|  |TAMS 0x00000000a6a00000, 0x00000000a6a00000| Untracked 
|  73|0x00000000a6b00000, 0x00000000a6c00000, 0x00000000a6c00000|100%| O|  |TAMS 0x00000000a6b00000, 0x00000000a6b00000| Untracked 
|  74|0x00000000a6c00000, 0x00000000a6d00000, 0x00000000a6d00000|100%| O|  |TAMS 0x00000000a6c00000, 0x00000000a6c00000| Untracked 
|  75|0x00000000a6d00000, 0x00000000a6e00000, 0x00000000a6e00000|100%| O|  |TAMS 0x00000000a6d00000, 0x00000000a6d00000| Untracked 
|  76|0x00000000a6e00000, 0x00000000a6f00000, 0x00000000a6f00000|100%| O|  |TAMS 0x00000000a6e00000, 0x00000000a6e00000| Untracked 
|  77|0x00000000a6f00000, 0x00000000a7000000, 0x00000000a7000000|100%| O|  |TAMS 0x00000000a6f00000, 0x00000000a6f00000| Untracked 
|  78|0x00000000a7000000, 0x00000000a7100000, 0x00000000a7100000|100%| O|  |TAMS 0x00000000a7000000, 0x00000000a7000000| Untracked 
|  79|0x00000000a7100000, 0x00000000a7200000, 0x00000000a7200000|100%| O|  |TAMS 0x00000000a7100000, 0x00000000a7100000| Untracked 
|  80|0x00000000a7200000, 0x00000000a7300000, 0x00000000a7300000|100%| O|  |TAMS 0x00000000a7200000, 0x00000000a7200000| Untracked 
|  81|0x00000000a7300000, 0x00000000a7400000, 0x00000000a7400000|100%| O|  |TAMS 0x00000000a7300000, 0x00000000a7300000| Untracked 
|  82|0x00000000a7400000, 0x00000000a7500000, 0x00000000a7500000|100%| O|  |TAMS 0x00000000a7400000, 0x00000000a7400000| Untracked 
|  83|0x00000000a7500000, 0x00000000a75e9000, 0x00000000a7600000| 91%| O|  |TAMS 0x00000000a7500000, 0x00000000a7500000| Untracked 
|  84|0x00000000a7600000, 0x00000000a7600000, 0x00000000a7700000|  0%| F|  |TAMS 0x00000000a7600000, 0x00000000a7600000| Untracked 
|  85|0x00000000a7700000, 0x00000000a7700000, 0x00000000a7800000|  0%| F|  |TAMS 0x00000000a7700000, 0x00000000a7700000| Untracked 
|  86|0x00000000a7800000, 0x00000000a7800000, 0x00000000a7900000|  0%| F|  |TAMS 0x00000000a7800000, 0x00000000a7800000| Untracked 
|  87|0x00000000a7900000, 0x00000000a7900000, 0x00000000a7a00000|  0%| F|  |TAMS 0x00000000a7900000, 0x00000000a7900000| Untracked 
|  88|0x00000000a7a00000, 0x00000000a7a00000, 0x00000000a7b00000|  0%| F|  |TAMS 0x00000000a7a00000, 0x00000000a7a00000| Untracked 
|  89|0x00000000a7b00000, 0x00000000a7b00000, 0x00000000a7c00000|  0%| F|  |TAMS 0x00000000a7b00000, 0x00000000a7b00000| Untracked 
|  90|0x00000000a7c00000, 0x00000000a7c00000, 0x00000000a7d00000|  0%| F|  |TAMS 0x00000000a7c00000, 0x00000000a7c00000| Untracked 
|  91|0x00000000a7d00000, 0x00000000a7d00000, 0x00000000a7e00000|  0%| F|  |TAMS 0x00000000a7d00000, 0x00000000a7d00000| Untracked 
|  92|0x00000000a7e00000, 0x00000000a7e00000, 0x00000000a7f00000|  0%| F|  |TAMS 0x00000000a7e00000, 0x00000000a7e00000| Untracked 
|  93|0x00000000a7f00000, 0x00000000a7f00000, 0x00000000a8000000|  0%| F|  |TAMS 0x00000000a7f00000, 0x00000000a7f00000| Untracked 
|  94|0x00000000a8000000, 0x00000000a8000000, 0x00000000a8100000|  0%| F|  |TAMS 0x00000000a8000000, 0x00000000a8000000| Untracked 
|  95|0x00000000a8100000, 0x00000000a8100000, 0x00000000a8200000|  0%| F|  |TAMS 0x00000000a8100000, 0x00000000a8100000| Untracked 
|  96|0x00000000a8200000, 0x00000000a8200000, 0x00000000a8300000|  0%| F|  |TAMS 0x00000000a8200000, 0x00000000a8200000| Untracked 
|  97|0x00000000a8300000, 0x00000000a8300000, 0x00000000a8400000|  0%| F|  |TAMS 0x00000000a8300000, 0x00000000a8300000| Untracked 
|  98|0x00000000a8400000, 0x00000000a8400000, 0x00000000a8500000|  0%| F|  |TAMS 0x00000000a8400000, 0x00000000a8400000| Untracked 
|  99|0x00000000a8500000, 0x00000000a8500000, 0x00000000a8600000|  0%| F|  |TAMS 0x00000000a8500000, 0x00000000a8500000| Untracked 
| 100|0x00000000a8600000, 0x00000000a8600000, 0x00000000a8700000|  0%| F|  |TAMS 0x00000000a8600000, 0x00000000a8600000| Untracked 
| 101|0x00000000a8700000, 0x00000000a8700000, 0x00000000a8800000|  0%| F|  |TAMS 0x00000000a8700000, 0x00000000a8700000| Untracked 
| 102|0x00000000a8800000, 0x00000000a8800000, 0x00000000a8900000|  0%| F|  |TAMS 0x00000000a8800000, 0x00000000a8800000| Untracked 
| 103|0x00000000a8900000, 0x00000000a8900000, 0x00000000a8a00000|  0%| F|  |TAMS 0x00000000a8900000, 0x00000000a8900000| Untracked 
| 104|0x00000000a8a00000, 0x00000000a8a00000, 0x00000000a8b00000|  0%| F|  |TAMS 0x00000000a8a00000, 0x00000000a8a00000| Untracked 
| 105|0x00000000a8b00000, 0x00000000a8b00000, 0x00000000a8c00000|  0%| F|  |TAMS 0x00000000a8b00000, 0x00000000a8b00000| Untracked 
| 106|0x00000000a8c00000, 0x00000000a8c00000, 0x00000000a8d00000|  0%| F|  |TAMS 0x00000000a8c00000, 0x00000000a8c00000| Untracked 
| 107|0x00000000a8d00000, 0x00000000a8d00000, 0x00000000a8e00000|  0%| F|  |TAMS 0x00000000a8d00000, 0x00000000a8d00000| Untracked 
| 108|0x00000000a8e00000, 0x00000000a8e00000, 0x00000000a8f00000|  0%| F|  |TAMS 0x00000000a8e00000, 0x00000000a8e00000| Untracked 
| 109|0x00000000a8f00000, 0x00000000a8f00000, 0x00000000a9000000|  0%| F|  |TAMS 0x00000000a8f00000, 0x00000000a8f00000| Untracked 
| 110|0x00000000a9000000, 0x00000000a9000000, 0x00000000a9100000|  0%| F|  |TAMS 0x00000000a9000000, 0x00000000a9000000| Untracked 
| 111|0x00000000a9100000, 0x00000000a9100000, 0x00000000a9200000|  0%| F|  |TAMS 0x00000000a9100000, 0x00000000a9100000| Untracked 
| 112|0x00000000a9200000, 0x00000000a9200000, 0x00000000a9300000|  0%| F|  |TAMS 0x00000000a9200000, 0x00000000a9200000| Untracked 
| 113|0x00000000a9300000, 0x00000000a9300000, 0x00000000a9400000|  0%| F|  |TAMS 0x00000000a9300000, 0x00000000a9300000| Untracked 
| 114|0x00000000a9400000, 0x00000000a9400000, 0x00000000a9500000|  0%| F|  |TAMS 0x00000000a9400000, 0x00000000a9400000| Untracked 
| 115|0x00000000a9500000, 0x00000000a9500000, 0x00000000a9600000|  0%| F|  |TAMS 0x00000000a9500000, 0x00000000a9500000| Untracked 
| 116|0x00000000a9600000, 0x00000000a9600000, 0x00000000a9700000|  0%| F|  |TAMS 0x00000000a9600000, 0x00000000a9600000| Untracked 
| 117|0x00000000a9700000, 0x00000000a9700000, 0x00000000a9800000|  0%| F|  |TAMS 0x00000000a9700000, 0x00000000a9700000| Untracked 
| 118|0x00000000a9800000, 0x00000000a9800000, 0x00000000a9900000|  0%| F|  |TAMS 0x00000000a9800000, 0x00000000a9800000| Untracked 
| 119|0x00000000a9900000, 0x00000000a9900000, 0x00000000a9a00000|  0%| F|  |TAMS 0x00000000a9900000, 0x00000000a9900000| Untracked 
| 120|0x00000000a9a00000, 0x00000000a9a00000, 0x00000000a9b00000|  0%| F|  |TAMS 0x00000000a9a00000, 0x00000000a9a00000| Untracked 
| 121|0x00000000a9b00000, 0x00000000a9b00000, 0x00000000a9c00000|  0%| F|  |TAMS 0x00000000a9b00000, 0x00000000a9b00000| Untracked 
| 122|0x00000000a9c00000, 0x00000000a9c00000, 0x00000000a9d00000|  0%| F|  |TAMS 0x00000000a9c00000, 0x00000000a9c00000| Untracked 
| 123|0x00000000a9d00000, 0x00000000a9d00000, 0x00000000a9e00000|  0%| F|  |TAMS 0x00000000a9d00000, 0x00000000a9d00000| Untracked 
| 124|0x00000000a9e00000, 0x00000000a9e00000, 0x00000000a9f00000|  0%| F|  |TAMS 0x00000000a9e00000, 0x00000000a9e00000| Untracked 
| 125|0x00000000a9f00000, 0x00000000a9f00000, 0x00000000aa000000|  0%| F|  |TAMS 0x00000000a9f00000, 0x00000000a9f00000| Untracked 
| 126|0x00000000aa000000, 0x00000000aa000000, 0x00000000aa100000|  0%| F|  |TAMS 0x00000000aa000000, 0x00000000aa000000| Untracked 
| 127|0x00000000aa100000, 0x00000000aa100000, 0x00000000aa200000|  0%| F|  |TAMS 0x00000000aa100000, 0x00000000aa100000| Untracked 
| 128|0x00000000aa200000, 0x00000000aa200000, 0x00000000aa300000|  0%| F|  |TAMS 0x00000000aa200000, 0x00000000aa200000| Untracked 
| 129|0x00000000aa300000, 0x00000000aa300000, 0x00000000aa400000|  0%| F|  |TAMS 0x00000000aa300000, 0x00000000aa300000| Untracked 
| 130|0x00000000aa400000, 0x00000000aa400000, 0x00000000aa500000|  0%| F|  |TAMS 0x00000000aa400000, 0x00000000aa400000| Untracked 
| 131|0x00000000aa500000, 0x00000000aa500000, 0x00000000aa600000|  0%| F|  |TAMS 0x00000000aa500000, 0x00000000aa500000| Untracked 
| 132|0x00000000aa600000, 0x00000000aa600000, 0x00000000aa700000|  0%| F|  |TAMS 0x00000000aa600000, 0x00000000aa600000| Untracked 
| 133|0x00000000aa700000, 0x00000000aa700000, 0x00000000aa800000|  0%| F|  |TAMS 0x00000000aa700000, 0x00000000aa700000| Untracked 
| 134|0x00000000aa800000, 0x00000000aa800000, 0x00000000aa900000|  0%| F|  |TAMS 0x00000000aa800000, 0x00000000aa800000| Untracked 
| 135|0x00000000aa900000, 0x00000000aa900000, 0x00000000aaa00000|  0%| F|  |TAMS 0x00000000aa900000, 0x00000000aa900000| Untracked 
| 136|0x00000000aaa00000, 0x00000000aaa00000, 0x00000000aab00000|  0%| F|  |TAMS 0x00000000aaa00000, 0x00000000aaa00000| Untracked 
| 137|0x00000000aab00000, 0x00000000aab00000, 0x00000000aac00000|  0%| F|  |TAMS 0x00000000aab00000, 0x00000000aab00000| Untracked 
| 138|0x00000000aac00000, 0x00000000aac00000, 0x00000000aad00000|  0%| F|  |TAMS 0x00000000aac00000, 0x00000000aac00000| Untracked 
| 139|0x00000000aad00000, 0x00000000aad00000, 0x00000000aae00000|  0%| F|  |TAMS 0x00000000aad00000, 0x00000000aad00000| Untracked 
| 140|0x00000000aae00000, 0x00000000aae00000, 0x00000000aaf00000|  0%| F|  |TAMS 0x00000000aae00000, 0x00000000aae00000| Untracked 
| 141|0x00000000aaf00000, 0x00000000aaf00000, 0x00000000ab000000|  0%| F|  |TAMS 0x00000000aaf00000, 0x00000000aaf00000| Untracked 
| 142|0x00000000ab000000, 0x00000000ab000000, 0x00000000ab100000|  0%| F|  |TAMS 0x00000000ab000000, 0x00000000ab000000| Untracked 
| 143|0x00000000ab100000, 0x00000000ab100000, 0x00000000ab200000|  0%| F|  |TAMS 0x00000000ab100000, 0x00000000ab100000| Untracked 
| 144|0x00000000ab200000, 0x00000000ab200000, 0x00000000ab300000|  0%| F|  |TAMS 0x00000000ab200000, 0x00000000ab200000| Untracked 
| 145|0x00000000ab300000, 0x00000000ab300000, 0x00000000ab400000|  0%| F|  |TAMS 0x00000000ab300000, 0x00000000ab300000| Untracked 
| 146|0x00000000ab400000, 0x00000000ab400000, 0x00000000ab500000|  0%| F|  |TAMS 0x00000000ab400000, 0x00000000ab400000| Untracked 
| 147|0x00000000ab500000, 0x00000000ab500000, 0x00000000ab600000|  0%| F|  |TAMS 0x00000000ab500000, 0x00000000ab500000| Untracked 
| 148|0x00000000ab600000, 0x00000000ab600000, 0x00000000ab700000|  0%| F|  |TAMS 0x00000000ab600000, 0x00000000ab600000| Untracked 
| 149|0x00000000ab700000, 0x00000000ab700000, 0x00000000ab800000|  0%| F|  |TAMS 0x00000000ab700000, 0x00000000ab700000| Untracked 
| 150|0x00000000ab800000, 0x00000000ab800000, 0x00000000ab900000|  0%| F|  |TAMS 0x00000000ab800000, 0x00000000ab800000| Untracked 
| 151|0x00000000ab900000, 0x00000000ab900000, 0x00000000aba00000|  0%| F|  |TAMS 0x00000000ab900000, 0x00000000ab900000| Untracked 
| 152|0x00000000aba00000, 0x00000000aba00000, 0x00000000abb00000|  0%| F|  |TAMS 0x00000000aba00000, 0x00000000aba00000| Untracked 
| 153|0x00000000abb00000, 0x00000000abb00000, 0x00000000abc00000|  0%| F|  |TAMS 0x00000000abb00000, 0x00000000abb00000| Untracked 
| 154|0x00000000abc00000, 0x00000000abc00000, 0x00000000abd00000|  0%| F|  |TAMS 0x00000000abc00000, 0x00000000abc00000| Untracked 
| 155|0x00000000abd00000, 0x00000000abd00000, 0x00000000abe00000|  0%| F|  |TAMS 0x00000000abd00000, 0x00000000abd00000| Untracked 
| 156|0x00000000abe00000, 0x00000000abe00000, 0x00000000abf00000|  0%| F|  |TAMS 0x00000000abe00000, 0x00000000abe00000| Untracked 
| 157|0x00000000abf00000, 0x00000000abf00000, 0x00000000ac000000|  0%| F|  |TAMS 0x00000000abf00000, 0x00000000abf00000| Untracked 
| 158|0x00000000ac000000, 0x00000000ac000000, 0x00000000ac100000|  0%| F|  |TAMS 0x00000000ac000000, 0x00000000ac000000| Untracked 
| 159|0x00000000ac100000, 0x00000000ac100000, 0x00000000ac200000|  0%| F|  |TAMS 0x00000000ac100000, 0x00000000ac100000| Untracked 
| 160|0x00000000ac200000, 0x00000000ac200000, 0x00000000ac300000|  0%| F|  |TAMS 0x00000000ac200000, 0x00000000ac200000| Untracked 
| 161|0x00000000ac300000, 0x00000000ac300000, 0x00000000ac400000|  0%| F|  |TAMS 0x00000000ac300000, 0x00000000ac300000| Untracked 
| 162|0x00000000ac400000, 0x00000000ac400000, 0x00000000ac500000|  0%| F|  |TAMS 0x00000000ac400000, 0x00000000ac400000| Untracked 
| 163|0x00000000ac500000, 0x00000000ac500000, 0x00000000ac600000|  0%| F|  |TAMS 0x00000000ac500000, 0x00000000ac500000| Untracked 
| 164|0x00000000ac600000, 0x00000000ac600000, 0x00000000ac700000|  0%| F|  |TAMS 0x00000000ac600000, 0x00000000ac600000| Untracked 
| 165|0x00000000ac700000, 0x00000000ac700000, 0x00000000ac800000|  0%| F|  |TAMS 0x00000000ac700000, 0x00000000ac700000| Untracked 
| 166|0x00000000ac800000, 0x00000000ac800000, 0x00000000ac900000|  0%| F|  |TAMS 0x00000000ac800000, 0x00000000ac800000| Untracked 
| 167|0x00000000ac900000, 0x00000000ac900000, 0x00000000aca00000|  0%| F|  |TAMS 0x00000000ac900000, 0x00000000ac900000| Untracked 
| 168|0x00000000aca00000, 0x00000000aca00000, 0x00000000acb00000|  0%| F|  |TAMS 0x00000000aca00000, 0x00000000aca00000| Untracked 
| 169|0x00000000acb00000, 0x00000000acb00000, 0x00000000acc00000|  0%| F|  |TAMS 0x00000000acb00000, 0x00000000acb00000| Untracked 
| 170|0x00000000acc00000, 0x00000000acc00000, 0x00000000acd00000|  0%| F|  |TAMS 0x00000000acc00000, 0x00000000acc00000| Untracked 
| 171|0x00000000acd00000, 0x00000000acd00000, 0x00000000ace00000|  0%| F|  |TAMS 0x00000000acd00000, 0x00000000acd00000| Untracked 
| 172|0x00000000ace00000, 0x00000000ace00000, 0x00000000acf00000|  0%| F|  |TAMS 0x00000000ace00000, 0x00000000ace00000| Untracked 
| 173|0x00000000acf00000, 0x00000000acf00000, 0x00000000ad000000|  0%| F|  |TAMS 0x00000000acf00000, 0x00000000acf00000| Untracked 
| 174|0x00000000ad000000, 0x00000000ad000000, 0x00000000ad100000|  0%| F|  |TAMS 0x00000000ad000000, 0x00000000ad000000| Untracked 
| 175|0x00000000ad100000, 0x00000000ad100000, 0x00000000ad200000|  0%| F|  |TAMS 0x00000000ad100000, 0x00000000ad100000| Untracked 
| 176|0x00000000ad200000, 0x00000000ad200000, 0x00000000ad300000|  0%| F|  |TAMS 0x00000000ad200000, 0x00000000ad200000| Untracked 
| 177|0x00000000ad300000, 0x00000000ad300000, 0x00000000ad400000|  0%| F|  |TAMS 0x00000000ad300000, 0x00000000ad300000| Untracked 
| 178|0x00000000ad400000, 0x00000000ad400000, 0x00000000ad500000|  0%| F|  |TAMS 0x00000000ad400000, 0x00000000ad400000| Untracked 
| 179|0x00000000ad500000, 0x00000000ad500000, 0x00000000ad600000|  0%| F|  |TAMS 0x00000000ad500000, 0x00000000ad500000| Untracked 
| 180|0x00000000ad600000, 0x00000000ad600000, 0x00000000ad700000|  0%| F|  |TAMS 0x00000000ad600000, 0x00000000ad600000| Untracked 
| 181|0x00000000ad700000, 0x00000000ad700000, 0x00000000ad800000|  0%| F|  |TAMS 0x00000000ad700000, 0x00000000ad700000| Untracked 
| 182|0x00000000ad800000, 0x00000000ad800000, 0x00000000ad900000|  0%| F|  |TAMS 0x00000000ad800000, 0x00000000ad800000| Untracked 
| 183|0x00000000ad900000, 0x00000000ad900000, 0x00000000ada00000|  0%| F|  |TAMS 0x00000000ad900000, 0x00000000ad900000| Untracked 
| 184|0x00000000ada00000, 0x00000000ada00000, 0x00000000adb00000|  0%| F|  |TAMS 0x00000000ada00000, 0x00000000ada00000| Untracked 
| 185|0x00000000adb00000, 0x00000000adb00000, 0x00000000adc00000|  0%| F|  |TAMS 0x00000000adb00000, 0x00000000adb00000| Untracked 
| 186|0x00000000adc00000, 0x00000000adc00000, 0x00000000add00000|  0%| F|  |TAMS 0x00000000adc00000, 0x00000000adc00000| Untracked 
| 187|0x00000000add00000, 0x00000000add00000, 0x00000000ade00000|  0%| F|  |TAMS 0x00000000add00000, 0x00000000add00000| Untracked 
| 188|0x00000000ade00000, 0x00000000ade00000, 0x00000000adf00000|  0%| F|  |TAMS 0x00000000ade00000, 0x00000000ade00000| Untracked 
| 189|0x00000000adf00000, 0x00000000adf00000, 0x00000000ae000000|  0%| F|  |TAMS 0x00000000adf00000, 0x00000000adf00000| Untracked 
| 190|0x00000000ae000000, 0x00000000ae000000, 0x00000000ae100000|  0%| F|  |TAMS 0x00000000ae000000, 0x00000000ae000000| Untracked 
| 191|0x00000000ae100000, 0x00000000ae100000, 0x00000000ae200000|  0%| F|  |TAMS 0x00000000ae100000, 0x00000000ae100000| Untracked 
| 192|0x00000000ae200000, 0x00000000ae200000, 0x00000000ae300000|  0%| F|  |TAMS 0x00000000ae200000, 0x00000000ae200000| Untracked 
| 193|0x00000000ae300000, 0x00000000ae300000, 0x00000000ae400000|  0%| F|  |TAMS 0x00000000ae300000, 0x00000000ae300000| Untracked 
| 194|0x00000000ae400000, 0x00000000ae400000, 0x00000000ae500000|  0%| F|  |TAMS 0x00000000ae400000, 0x00000000ae400000| Untracked 
| 195|0x00000000ae500000, 0x00000000ae500000, 0x00000000ae600000|  0%| F|  |TAMS 0x00000000ae500000, 0x00000000ae500000| Untracked 
| 196|0x00000000ae600000, 0x00000000ae600000, 0x00000000ae700000|  0%| F|  |TAMS 0x00000000ae600000, 0x00000000ae600000| Untracked 
| 197|0x00000000ae700000, 0x00000000ae700000, 0x00000000ae800000|  0%| F|  |TAMS 0x00000000ae700000, 0x00000000ae700000| Untracked 
| 198|0x00000000ae800000, 0x00000000ae800000, 0x00000000ae900000|  0%| F|  |TAMS 0x00000000ae800000, 0x00000000ae800000| Untracked 
| 199|0x00000000ae900000, 0x00000000ae900000, 0x00000000aea00000|  0%| F|  |TAMS 0x00000000ae900000, 0x00000000ae900000| Untracked 
| 200|0x00000000aea00000, 0x00000000aea00000, 0x00000000aeb00000|  0%| F|  |TAMS 0x00000000aea00000, 0x00000000aea00000| Untracked 
| 201|0x00000000aeb00000, 0x00000000aeb00000, 0x00000000aec00000|  0%| F|  |TAMS 0x00000000aeb00000, 0x00000000aeb00000| Untracked 
| 202|0x00000000aec00000, 0x00000000aec00000, 0x00000000aed00000|  0%| F|  |TAMS 0x00000000aec00000, 0x00000000aec00000| Untracked 
| 203|0x00000000aed00000, 0x00000000aed00000, 0x00000000aee00000|  0%| F|  |TAMS 0x00000000aed00000, 0x00000000aed00000| Untracked 
| 204|0x00000000aee00000, 0x00000000aee00000, 0x00000000aef00000|  0%| F|  |TAMS 0x00000000aee00000, 0x00000000aee00000| Untracked 
| 205|0x00000000aef00000, 0x00000000aef00000, 0x00000000af000000|  0%| F|  |TAMS 0x00000000aef00000, 0x00000000aef00000| Untracked 
| 206|0x00000000af000000, 0x00000000af000000, 0x00000000af100000|  0%| F|  |TAMS 0x00000000af000000, 0x00000000af000000| Untracked 
| 207|0x00000000af100000, 0x00000000af193258, 0x00000000af200000| 57%| S|CS|TAMS 0x00000000af100000, 0x00000000af100000| Complete 
| 208|0x00000000af200000, 0x00000000af300000, 0x00000000af300000|100%| S|CS|TAMS 0x00000000af200000, 0x00000000af200000| Complete 
| 209|0x00000000af300000, 0x00000000af300000, 0x00000000af400000|  0%| F|  |TAMS 0x00000000af300000, 0x00000000af300000| Untracked 
| 210|0x00000000af400000, 0x00000000af400000, 0x00000000af500000|  0%| F|  |TAMS 0x00000000af400000, 0x00000000af400000| Untracked 
| 211|0x00000000af500000, 0x00000000af500000, 0x00000000af600000|  0%| F|  |TAMS 0x00000000af500000, 0x00000000af500000| Untracked 
| 212|0x00000000af600000, 0x00000000af600000, 0x00000000af700000|  0%| F|  |TAMS 0x00000000af600000, 0x00000000af600000| Untracked 
| 213|0x00000000af700000, 0x00000000af700000, 0x00000000af800000|  0%| F|  |TAMS 0x00000000af700000, 0x00000000af700000| Untracked 
| 214|0x00000000af800000, 0x00000000af800000, 0x00000000af900000|  0%| F|  |TAMS 0x00000000af800000, 0x00000000af800000| Untracked 
| 215|0x00000000af900000, 0x00000000af900000, 0x00000000afa00000|  0%| F|  |TAMS 0x00000000af900000, 0x00000000af900000| Untracked 
| 216|0x00000000afa00000, 0x00000000afa00000, 0x00000000afb00000|  0%| F|  |TAMS 0x00000000afa00000, 0x00000000afa00000| Untracked 
| 217|0x00000000afb00000, 0x00000000afb00000, 0x00000000afc00000|  0%| F|  |TAMS 0x00000000afb00000, 0x00000000afb00000| Untracked 
|1500|0x00000000ffe00000, 0x00000000ffe00000, 0x00000000fff00000|  0%| F|  |TAMS 0x00000000ffe00000, 0x00000000ffe00000| Untracked 
|1501|0x00000000fff00000, 0x00000000fff00000, 0x0000000100000000|  0%| F|  |TAMS 0x00000000fff00000, 0x00000000fff00000| Untracked 

Card table byte_map: [0x00000210deb80000,0x00000210dee70000] _byte_map_base: 0x00000210de66f000

Marking Bits (Prev, Next): (CMBitMap*) 0x00000210cbeb5cd0, (CMBitMap*) 0x00000210cbeb5c90
 Prev Bits: [0x00000210e08e0000, 0x00000210e2058000)
 Next Bits: [0x00000210df160000, 0x00000210e08d8000)

Polling page: 0x00000210c9dc0000

Metaspace:

Usage:
  Non-class:     63.67 MB used.
      Class:      8.14 MB used.
       Both:     71.81 MB used.

Virtual space:
  Non-class space:      128.00 MB reserved,      63.81 MB ( 50%) committed,  2 nodes.
      Class space:        1.00 GB reserved,       8.25 MB ( <1%) committed,  1 nodes.
             Both:        1.12 GB reserved,      72.06 MB (  6%) committed. 

Chunk freelists:
   Non-Class:  15.44 MB
       Class:  7.72 MB
        Both:  23.16 MB

MaxMetaspaceSize: unlimited
CompressedClassSpaceSize: 1.00 GB
Initial GC threshold: 21.00 MB
Current GC threshold: 94.94 MB
CDS: off
MetaspaceReclaimPolicy: balanced
 - commit_granule_bytes: 65536.
 - commit_granule_words: 8192.
 - virtual_space_node_default_size: 8388608.
 - enlarge_chunks_in_place: 1.
 - new_chunks_are_fully_committed: 0.
 - uncommit_free_chunks: 1.
 - use_allocation_guard: 0.
 - handle_deallocations: 1.


Internal statistics:

num_allocs_failed_limit: 6.
num_arena_births: 258.
num_arena_deaths: 0.
num_vsnodes_births: 3.
num_vsnodes_deaths: 0.
num_space_committed: 1151.
num_space_uncommitted: 0.
num_chunks_returned_to_freelist: 6.
num_chunks_taken_from_freelist: 2559.
num_chunk_merges: 6.
num_chunk_splits: 2082.
num_chunks_enlarged: 1824.
num_inconsistent_stats: 0.

CodeHeap 'non-profiled nmethods': size=120000Kb used=4162Kb max_used=4557Kb free=115837Kb
 bounds [0x00000210d6e10000, 0x00000210d7290000, 0x00000210de340000]
CodeHeap 'profiled nmethods': size=120000Kb used=24892Kb max_used=24892Kb free=95108Kb
 bounds [0x00000210cf340000, 0x00000210d0ba0000, 0x00000210d6870000]
CodeHeap 'non-nmethods': size=5760Kb used=1346Kb max_used=1375Kb free=4413Kb
 bounds [0x00000210d6870000, 0x00000210d6ae0000, 0x00000210d6e10000]
 total_blobs=11512 nmethods=10841 adapters=581
 compilation: enabled
              stopped_count=0, restarted_count=0
 full_count=0

Compilation events (20 events):
Event: 56.642 Thread 0x00000210e902e510 nmethod 12704 0x00000210d0b8a810 code [0x00000210d0b8ab40, 0x00000210d0b8be48]
Event: 56.642 Thread 0x00000210e902e510 12701       3       org.jetbrains.kotlin.load.java.lazy.descriptors.LazyJavaStaticClassScope$computeNonDeclaredProperties$propertiesFromSupertypes$1::<init> (11 bytes)
Event: 56.642 Thread 0x00000210e902dc00 nmethod 12663 0x00000210d70efc90 code [0x00000210d70efea0, 0x00000210d70f0f58]
Event: 56.642 Thread 0x00000210e902dc00 12681       4       org.jetbrains.kotlin.descriptors.impl.FunctionDescriptorImpl::getOverriddenDescriptors (31 bytes)
Event: 56.642 Thread 0x00000210e902e510 nmethod 12701 0x00000210d0b8c490 code [0x00000210d0b8c640, 0x00000210d0b8c878]
Event: 56.642 Thread 0x00000210e902e510 12706       3       org.jetbrains.kotlin.load.java.lazy.descriptors.LazyJavaStaticClassScope$flatMapJavaStaticSupertypesScopes$2::<init> (20 bytes)
Event: 56.642 Thread 0x00000210e902e510 nmethod 12706 0x00000210d0b8c990 code [0x00000210d0b8cb40, 0x00000210d0b8ce18]
Event: 56.642 Thread 0x00000210e902e510 12707       3       org.jetbrains.kotlin.load.java.lazy.descriptors.LazyJavaStaticClassScope$flatMapJavaStaticSupertypesScopes$2::result (8 bytes)
Event: 56.643 Thread 0x00000210e902e510 nmethod 12707 0x00000210d0b8cf10 code [0x00000210d0b8d0a0, 0x00000210d0b8d218]
Event: 56.643 Thread 0x00000210e902e510 12712       3       org.jetbrains.kotlin.ir.declarations.IrValueParameter::transform (10 bytes)
Event: 56.644 Thread 0x00000210e902e510 nmethod 12712 0x00000210d0b8d310 code [0x00000210d0b8d580, 0x00000210d0b8e348]
Event: 56.644 Thread 0x00000210e902e510 12716       3       org.jetbrains.kotlin.psi2ir.transformations.InsertImplicitCasts$postprocessReturnExpressions$1::visitValueParameter (13 bytes)
Event: 56.645 Thread 0x00000210e902e510 nmethod 12716 0x00000210d0b8e790 code [0x00000210d0b8ea60, 0x00000210d0b8f788]
Event: 56.645 Thread 0x00000210e902e510 12713       3       org.jetbrains.kotlin.ir.visitors.IrElementTransformerVoidKt::transformChildrenVoid (24 bytes)
Event: 56.645 Thread 0x00000210e902dc00 nmethod 12681 0x00000210d70ef790 code [0x00000210d70ef920, 0x00000210d70efb48]
Event: 56.645 Thread 0x00000210e902dc00 12705       4       org.jetbrains.kotlin.descriptors.impl.PropertyDescriptorImpl::getVisibility (14 bytes)
Event: 56.646 Thread 0x00000210e902e510 nmethod 12713 0x00000210d0b8fc90 code [0x00000210d0b8ff20, 0x00000210d0b909e8]
Event: 56.646 Thread 0x00000210e902e510 12714       3       org.jetbrains.kotlin.ir.visitors.IrElementTransformerVoid::access$transformChildrenVoid (6 bytes)
Event: 56.646 Thread 0x00000210e902dc00 nmethod 12705 0x00000210d70ef490 code [0x00000210d70ef600, 0x00000210d70ef698]
Event: 56.646 Thread 0x00000210e902dc00 12594       4       org.jetbrains.kotlin.types.checker.ClassicTypeSystemContext$DefaultImpls::asDefinitelyNotNullType (108 bytes)

GC Heap History (20 events):
Event: 25.177 GC heap after
{Heap after GC invocations=18 (full 0):
 garbage-first heap   total 106496K, used 59059K [0x00000000a2200000, 0x0000000100000000)
  region size 1024K, 2 young (2048K), 2 survivors (2048K)
 Metaspace       used 55530K, committed 55808K, reserved 1114112K
  class space    used 6475K, committed 6592K, reserved 1048576K
}
Event: 28.810 GC heap before
{Heap before GC invocations=19 (full 0):
 garbage-first heap   total 106496K, used 83635K [0x00000000a2200000, 0x0000000100000000)
  region size 1024K, 27 young (27648K), 2 survivors (2048K)
 Metaspace       used 56631K, committed 56832K, reserved 1114112K
  class space    used 6551K, committed 6656K, reserved 1048576K
}
Event: 28.822 GC heap after
{Heap after GC invocations=20 (full 0):
 garbage-first heap   total 106496K, used 62909K [0x00000000a2200000, 0x0000000100000000)
  region size 1024K, 4 young (4096K), 4 survivors (4096K)
 Metaspace       used 56631K, committed 56832K, reserved 1114112K
  class space    used 6551K, committed 6656K, reserved 1048576K
}
Event: 28.872 GC heap before
{Heap before GC invocations=20 (full 0):
 garbage-first heap   total 106496K, used 63933K [0x00000000a2200000, 0x0000000100000000)
  region size 1024K, 5 young (5120K), 4 survivors (4096K)
 Metaspace       used 56748K, committed 56960K, reserved 1114112K
  class space    used 6563K, committed 6656K, reserved 1048576K
}
Event: 28.894 GC heap after
{Heap after GC invocations=21 (full 0):
 garbage-first heap   total 106496K, used 61552K [0x00000000a2200000, 0x0000000100000000)
  region size 1024K, 1 young (1024K), 1 survivors (1024K)
 Metaspace       used 56748K, committed 56960K, reserved 1114112K
  class space    used 6563K, committed 6656K, reserved 1048576K
}
Event: 29.642 GC heap before
{Heap before GC invocations=21 (full 0):
 garbage-first heap   total 106496K, used 84080K [0x00000000a2200000, 0x0000000100000000)
  region size 1024K, 23 young (23552K), 1 survivors (1024K)
 Metaspace       used 57968K, committed 58240K, reserved 1114112K
  class space    used 6657K, committed 6784K, reserved 1048576K
}
Event: 29.653 GC heap after
{Heap after GC invocations=22 (full 0):
 garbage-first heap   total 106496K, used 65310K [0x00000000a2200000, 0x0000000100000000)
  region size 1024K, 3 young (3072K), 3 survivors (3072K)
 Metaspace       used 57968K, committed 58240K, reserved 1114112K
  class space    used 6657K, committed 6784K, reserved 1048576K
}
Event: 30.602 GC heap before
{Heap before GC invocations=23 (full 0):
 garbage-first heap   total 111616K, used 85790K [0x00000000a2200000, 0x0000000100000000)
  region size 1024K, 23 young (23552K), 3 survivors (3072K)
 Metaspace       used 59089K, committed 59392K, reserved 1114112K
  class space    used 6720K, committed 6848K, reserved 1048576K
}
Event: 30.617 GC heap after
{Heap after GC invocations=24 (full 0):
 garbage-first heap   total 111616K, used 67959K [0x00000000a2200000, 0x0000000100000000)
  region size 1024K, 3 young (3072K), 3 survivors (3072K)
 Metaspace       used 59089K, committed 59392K, reserved 1114112K
  class space    used 6720K, committed 6848K, reserved 1048576K
}
Event: 30.733 GC heap before
{Heap before GC invocations=24 (full 0):
 garbage-first heap   total 111616K, used 70007K [0x00000000a2200000, 0x0000000100000000)
  region size 1024K, 5 young (5120K), 3 survivors (3072K)
 Metaspace       used 59378K, committed 59648K, reserved 1114112K
  class space    used 6751K, committed 6848K, reserved 1048576K
}
Event: 30.791 GC heap after
{Heap after GC invocations=25 (full 0):
 garbage-first heap   total 225280K, used 67810K [0x00000000a2200000, 0x0000000100000000)
  region size 1024K, 1 young (1024K), 1 survivors (1024K)
 Metaspace       used 59378K, committed 59648K, reserved 1114112K
  class space    used 6751K, committed 6848K, reserved 1048576K
}
Event: 35.570 GC heap before
{Heap before GC invocations=25 (full 0):
 garbage-first heap   total 225280K, used 168162K [0x00000000a2200000, 0x0000000100000000)
  region size 1024K, 97 young (99328K), 1 survivors (1024K)
 Metaspace       used 64855K, committed 65152K, reserved 1114112K
  class space    used 7351K, committed 7488K, reserved 1048576K
}
Event: 36.012 GC heap after
{Heap after GC invocations=26 (full 0):
 garbage-first heap   total 225280K, used 80823K [0x00000000a2200000, 0x0000000100000000)
  region size 1024K, 12 young (12288K), 12 survivors (12288K)
 Metaspace       used 64855K, committed 65152K, reserved 1114112K
  class space    used 7351K, committed 7488K, reserved 1048576K
}
Event: 38.569 GC heap before
{Heap before GC invocations=26 (full 0):
 garbage-first heap   total 225280K, used 97207K [0x00000000a2200000, 0x0000000100000000)
  region size 1024K, 28 young (28672K), 12 survivors (12288K)
 Metaspace       used 66236K, committed 66496K, reserved 1114112K
  class space    used 7587K, committed 7680K, reserved 1048576K
}
Event: 38.593 GC heap after
{Heap after GC invocations=27 (full 0):
 garbage-first heap   total 225280K, used 83707K [0x00000000a2200000, 0x0000000100000000)
  region size 1024K, 3 young (3072K), 3 survivors (3072K)
 Metaspace       used 66236K, committed 66496K, reserved 1114112K
  class space    used 7587K, committed 7680K, reserved 1048576K
}
Event: 53.144 GC heap before
{Heap before GC invocations=27 (full 0):
 garbage-first heap   total 225280K, used 144123K [0x00000000a2200000, 0x0000000100000000)
  region size 1024K, 62 young (63488K), 3 survivors (3072K)
 Metaspace       used 73087K, committed 73280K, reserved 1179648K
  class space    used 8306K, committed 8384K, reserved 1048576K
}
Event: 54.251 GC heap after
{Heap after GC invocations=28 (full 0):
 garbage-first heap   total 225280K, used 85903K [0x00000000a2200000, 0x0000000100000000)
  region size 1024K, 6 young (6144K), 6 survivors (6144K)
 Metaspace       used 73087K, committed 73280K, reserved 1179648K
  class space    used 8306K, committed 8384K, reserved 1048576K
}
Event: 54.455 GC heap before
{Heap before GC invocations=28 (full 0):
 garbage-first heap   total 225280K, used 91023K [0x00000000a2200000, 0x0000000100000000)
  region size 1024K, 11 young (11264K), 6 survivors (6144K)
 Metaspace       used 73185K, committed 73408K, reserved 1179648K
  class space    used 8308K, committed 8384K, reserved 1048576K
}
Event: 54.462 GC heap after
{Heap after GC invocations=29 (full 0):
 garbage-first heap   total 225280K, used 86868K [0x00000000a2200000, 0x0000000100000000)
  region size 1024K, 1 young (1024K), 1 survivors (1024K)
 Metaspace       used 73185K, committed 73408K, reserved 1179648K
  class space    used 8308K, committed 8384K, reserved 1048576K
}
Event: 56.646 GC heap before
{Heap before GC invocations=29 (full 0):
 garbage-first heap   total 225280K, used 97108K [0x00000000a2200000, 0x0000000100000000)
  region size 1024K, 11 young (11264K), 1 survivors (1024K)
 Metaspace       used 73530K, committed 73792K, reserved 1179648K
  class space    used 8336K, committed 8448K, reserved 1048576K
}

Dll operation events (2 events):
Event: 0.042 Loaded shared library C:\Program Files\Android\Android Studio\jbr\bin\java.dll
Event: 7.846 Loaded shared library C:\Program Files\Android\Android Studio\jbr\bin\verify.dll

Deoptimization events (20 events):
Event: 50.316 Thread 0x00000210cbe690d0 Uncommon trap: trap_request=0xffffffc6 fr.pc=0x00000210d702d664 relative=0x00000000000005c4
Event: 50.316 Thread 0x00000210cbe690d0 Uncommon trap: reason=bimorphic_or_optimized_type_check action=maybe_recompile pc=0x00000210d702d664 method=org.jetbrains.kotlin.storage.LockBasedStorageManager$LockBasedLazyValue.invoke()Ljava/lang/Object; @ 181 c2
Event: 50.316 Thread 0x00000210cbe690d0 DEOPT PACKING pc=0x00000210d702d664 sp=0x00000022e70fcda0
Event: 50.316 Thread 0x00000210cbe690d0 DEOPT UNPACKING pc=0x00000210d68c69a3 sp=0x00000022e70fcce0 mode 2
Event: 50.316 Thread 0x00000210cbe690d0 Uncommon trap: trap_request=0xffffffc6 fr.pc=0x00000210d702d664 relative=0x00000000000005c4
Event: 50.316 Thread 0x00000210cbe690d0 Uncommon trap: reason=bimorphic_or_optimized_type_check action=maybe_recompile pc=0x00000210d702d664 method=org.jetbrains.kotlin.storage.LockBasedStorageManager$LockBasedLazyValue.invoke()Ljava/lang/Object; @ 181 c2
Event: 50.316 Thread 0x00000210cbe690d0 DEOPT PACKING pc=0x00000210d702d664 sp=0x00000022e70fcee0
Event: 50.316 Thread 0x00000210cbe690d0 DEOPT UNPACKING pc=0x00000210d68c69a3 sp=0x00000022e70fce20 mode 2
Event: 50.327 Thread 0x00000210cbe690d0 Uncommon trap: trap_request=0xffffffc6 fr.pc=0x00000210d727ff50 relative=0x0000000000000050
Event: 50.327 Thread 0x00000210cbe690d0 Uncommon trap: reason=bimorphic_or_optimized_type_check action=maybe_recompile pc=0x00000210d727ff50 method=org.jetbrains.kotlin.resolve.OverridingUtil.filterOverrides(Ljava/util/Set;ZLkotlin/jvm/functions/Function0;Lkotlin/jvm/functions/Function2;)Ljava/
Event: 50.338 Thread 0x00000210cbe690d0 DEOPT PACKING pc=0x00000210d727ff50 sp=0x00000022e70fb930
Event: 50.338 Thread 0x00000210cbe690d0 DEOPT UNPACKING pc=0x00000210d68c69a3 sp=0x00000022e70fb8f0 mode 2
Event: 50.392 Thread 0x00000210cbe690d0 Uncommon trap: trap_request=0xffffff45 fr.pc=0x00000210d70bca40 relative=0x00000000000002a0
Event: 50.392 Thread 0x00000210cbe690d0 Uncommon trap: reason=unstable_if action=reinterpret pc=0x00000210d70bca40 method=java.lang.String.indexOf([BBILjava/lang/String;I)I @ 21 c2
Event: 50.392 Thread 0x00000210cbe690d0 DEOPT PACKING pc=0x00000210d70bca40 sp=0x00000022e70fd5d0
Event: 50.392 Thread 0x00000210cbe690d0 DEOPT UNPACKING pc=0x00000210d68c69a3 sp=0x00000022e70fd460 mode 2
Event: 54.444 Thread 0x00000210cbe690d0 Uncommon trap: trap_request=0xffffffde fr.pc=0x00000210d6f16064 relative=0x0000000000000e04
Event: 54.444 Thread 0x00000210cbe690d0 Uncommon trap: reason=class_check action=maybe_recompile pc=0x00000210d6f16064 method=kotlin.collections.CollectionsKt___CollectionsKt.toSet(Ljava/lang/Iterable;)Ljava/util/Set; @ 58 c2
Event: 54.444 Thread 0x00000210cbe690d0 DEOPT PACKING pc=0x00000210d6f16064 sp=0x00000022e70fd800
Event: 54.444 Thread 0x00000210cbe690d0 DEOPT UNPACKING pc=0x00000210d68c69a3 sp=0x00000022e70fd7f0 mode 2

Classes unloaded (0 events):
No events

Classes redefined (0 events):
No events

Internal exceptions (20 events):
Event: 29.012 Thread 0x00000210cbe690d0 Exception <a 'java/lang/NoSuchMethodError'{0x00000000a86e5660}: 'java.lang.Object java.lang.invoke.Invokers$Holder.linkToTargetMethod(java.lang.Object, java.lang.Object, java.lang.Object, java.lang.Object, java.lang.Object, java.lang.Object, java.lang.Object)'> (0x00000000a86e5660) 
thrown [s\src\hotspot\share\interpreter\linkResolver.cpp, line 771]
Event: 29.094 Thread 0x00000210cbe690d0 Exception <a 'java/lang/NoSuchMethodError'{0x00000000a83d9dc0}: 'java.lang.Object java.lang.invoke.DirectMethodHandle$Holder.newInvokeSpecial(java.lang.Object, int, java.lang.Object)'> (0x00000000a83d9dc0) 
thrown [s\src\hotspot\share\interpreter\linkResolver.cpp, line 771]
Event: 29.095 Thread 0x00000210cbe690d0 Exception <a 'java/lang/NoSuchMethodError'{0x00000000a83e0668}: 'int java.lang.invoke.DirectMethodHandle$Holder.invokeInterface(java.lang.Object, java.lang.Object)'> (0x00000000a83e0668) 
thrown [s\src\hotspot\share\interpreter\linkResolver.cpp, line 771]
Event: 30.596 Thread 0x00000210cbe690d0 Implicit null exception at 0x00000210d7088cd0 to 0x00000210d7089890
Event: 30.637 Thread 0x00000210cbe690d0 Implicit null exception at 0x00000210d6e28d55 to 0x00000210d6e29314
Event: 30.666 Thread 0x00000210cbe690d0 Implicit null exception at 0x00000210d6e2a352 to 0x00000210d6e2a8fc
Event: 31.430 Thread 0x00000210cbe690d0 Implicit null exception at 0x00000210d715fb63 to 0x00000210d715fda7
Event: 33.580 Thread 0x00000210cbe690d0 Implicit null exception at 0x00000210d71b3c9b to 0x00000210d71b54c0
Event: 34.696 Thread 0x00000210cbe690d0 Implicit null exception at 0x00000210d71ee0c0 to 0x00000210d71efdb8
Event: 35.182 Thread 0x00000210cbe690d0 Implicit null exception at 0x00000210d7098b4f to 0x00000210d7098d9c
Event: 35.380 Thread 0x00000210cbe690d0 Exception <a 'java/lang/NoSuchMethodError'{0x00000000aa026690}: 'int java.lang.invoke.DirectMethodHandle$Holder.invokeVirtual(java.lang.Object, java.lang.Object, java.lang.Object)'> (0x00000000aa026690) 
thrown [s\src\hotspot\share\interpreter\linkResolver.cpp, line 771]
Event: 35.396 Thread 0x00000210cbe690d0 Exception <a 'java/lang/NoSuchMethodError'{0x00000000aa071230}: 'java.lang.Object java.lang.invoke.DirectMethodHandle$Holder.invokeStatic(java.lang.Object, java.lang.Object, java.lang.Object, java.lang.Object, int)'> (0x00000000aa071230) 
thrown [s\src\hotspot\share\interpreter\linkResolver.cpp, line 771]
Event: 35.397 Thread 0x00000210cbe690d0 Exception <a 'java/lang/NoSuchMethodError'{0x00000000aa07bf08}: 'java.lang.Object java.lang.invoke.DirectMethodHandle$Holder.newInvokeSpecial(java.lang.Object, java.lang.Object, java.lang.Object, java.lang.Object, int)'> (0x00000000aa07bf08) 
thrown [s\src\hotspot\share\interpreter\linkResolver.cpp, line 771]
Event: 35.398 Thread 0x00000210cbe690d0 Exception <a 'java/lang/NoSuchMethodError'{0x00000000aa081f18}: 'java.lang.Object java.lang.invoke.DirectMethodHandle$Holder.invokeSpecial(java.lang.Object, java.lang.Object, java.lang.Object, java.lang.Object, java.lang.Object, int)'> (0x00000000aa081f18) 
thrown [s\src\hotspot\share\interpreter\linkResolver.cpp, line 771]
Event: 35.399 Thread 0x00000210cbe690d0 Exception <a 'java/lang/NoSuchMethodError'{0x00000000aa087690}: 'java.lang.Object java.lang.invoke.Invokers$Holder.linkToTargetMethod(java.lang.Object, java.lang.Object, java.lang.Object, int, java.lang.Object)'> (0x00000000aa087690) 
thrown [s\src\hotspot\share\interpreter\linkResolver.cpp, line 771]
Event: 39.817 Thread 0x00000210cbe690d0 Implicit null exception at 0x00000210d7074eea to 0x00000210d707509c
Event: 40.585 Thread 0x00000210cbe690d0 Implicit null exception at 0x00000210d726e35f to 0x00000210d726e824
Event: 43.101 Thread 0x00000210cbe690d0 Implicit null exception at 0x00000210d6fea2e2 to 0x00000210d6fea674
Event: 43.107 Thread 0x00000210cbe690d0 Implicit null exception at 0x00000210d6fe9c53 to 0x00000210d6fe9f8c
Event: 50.306 Thread 0x00000210cbe690d0 Implicit null exception at 0x00000210d6e714f0 to 0x00000210d6e71718

VM Operations (20 events):
Event: 47.187 Executing VM operation: HandshakeAllThreads done
Event: 48.390 Executing VM operation: Cleanup
Event: 48.866 Executing VM operation: Cleanup done
Event: 50.829 Executing VM operation: ICBufferFull
Event: 50.829 Executing VM operation: ICBufferFull done
Event: 51.309 Executing VM operation: HandshakeAllThreads
Event: 51.309 Executing VM operation: HandshakeAllThreads done
Event: 52.322 Executing VM operation: Cleanup
Event: 52.448 Executing VM operation: Cleanup done
Event: 52.448 Executing VM operation: G1CollectForAllocation
Event: 54.251 Executing VM operation: G1CollectForAllocation done
Event: 54.454 Executing VM operation: G1CollectForAllocation
Event: 54.462 Executing VM operation: G1CollectForAllocation done
Event: 55.470 Executing VM operation: Cleanup
Event: 55.470 Executing VM operation: Cleanup done
Event: 56.471 Executing VM operation: Cleanup
Event: 56.471 Executing VM operation: Cleanup done
Event: 56.595 Executing VM operation: ICBufferFull
Event: 56.595 Executing VM operation: ICBufferFull done
Event: 56.646 Executing VM operation: G1CollectForAllocation

Events (20 events):
Event: 41.759 Thread 0x00000210e9031700 flushing nmethod 0x00000210d0810310
Event: 41.760 Thread 0x00000210e9031700 flushing nmethod 0x00000210d0854e10
Event: 41.760 Thread 0x00000210e9031700 flushing nmethod 0x00000210d088b110
Event: 41.760 Thread 0x00000210e9031700 flushing nmethod 0x00000210d0892a10
Event: 41.761 Thread 0x00000210e9031700 flushing nmethod 0x00000210d08fe010
Event: 41.761 Thread 0x00000210e9031700 flushing nmethod 0x00000210d0900e90
Event: 42.402 loading class java/text/MessageFormat
Event: 42.406 loading class java/text/MessageFormat done
Event: 42.406 loading class java/util/Locale$Category
Event: 42.407 loading class java/util/Locale$Category done
Event: 42.477 loading class jdk/internal/reflect/UnsafeBooleanFieldAccessorImpl
Event: 42.478 loading class jdk/internal/reflect/UnsafeBooleanFieldAccessorImpl done
Event: 42.479 loading class jdk/internal/reflect/UnsafeQualifiedObjectFieldAccessorImpl
Event: 42.479 loading class jdk/internal/reflect/UnsafeQualifiedFieldAccessorImpl
Event: 42.481 loading class jdk/internal/reflect/UnsafeQualifiedFieldAccessorImpl done
Event: 42.481 loading class jdk/internal/reflect/UnsafeQualifiedObjectFieldAccessorImpl done
Event: 43.033 loading class java/text/ChoiceFormat
Event: 43.040 loading class java/text/ChoiceFormat done
Event: 43.081 loading class java/text/MessageFormat$Field
Event: 43.086 loading class java/text/MessageFormat$Field done


Dynamic libraries:
0x00007ff77a890000 - 0x00007ff77a89a000 	C:\Program Files\Android\Android Studio\jbr\bin\java.exe
0x00007ffb6abb0000 - 0x00007ffb6adc7000 	C:\WINDOWS\SYSTEM32\ntdll.dll
0x00007ffb6a020000 - 0x00007ffb6a0e4000 	C:\WINDOWS\System32\KERNEL32.DLL
0x00007ffb67ed0000 - 0x00007ffb68277000 	C:\WINDOWS\System32\KERNELBASE.dll
0x00007ffb68340000 - 0x00007ffb68451000 	C:\WINDOWS\System32\ucrtbase.dll
0x00007ffb47030000 - 0x00007ffb47047000 	C:\Program Files\Android\Android Studio\jbr\bin\jli.dll
0x00007ffb58370000 - 0x00007ffb5838b000 	C:\Program Files\Android\Android Studio\jbr\bin\VCRUNTIME140.dll
0x00007ffb68c00000 - 0x00007ffb68dae000 	C:\WINDOWS\System32\USER32.dll
0x00007ffb68670000 - 0x00007ffb68696000 	C:\WINDOWS\System32\win32u.dll
0x00007ffb6a5e0000 - 0x00007ffb6a609000 	C:\WINDOWS\System32\GDI32.dll
0x00007ffb68750000 - 0x00007ffb68869000 	C:\WINDOWS\System32\gdi32full.dll
0x00007ffb685d0000 - 0x00007ffb6866a000 	C:\WINDOWS\System32\msvcp_win.dll
0x00007ffb4b770000 - 0x00007ffb4ba03000 	C:\WINDOWS\WinSxS\amd64_microsoft.windows.common-controls_6595b64144ccf1df_6.0.22621.3527_none_270e469b73872a76\COMCTL32.dll
0x00007ffb6a3f0000 - 0x00007ffb6a497000 	C:\WINDOWS\System32\msvcrt.dll
0x00007ffb69f20000 - 0x00007ffb69f51000 	C:\WINDOWS\System32\IMM32.DLL
0x00007ffb606c0000 - 0x00007ffb606cc000 	C:\Program Files\Android\Android Studio\jbr\bin\vcruntime140_1.dll
0x00007ffb582e0000 - 0x00007ffb5836d000 	C:\Program Files\Android\Android Studio\jbr\bin\msvcp140.dll
0x00007ffae4d70000 - 0x00007ffae59f3000 	C:\Program Files\Android\Android Studio\jbr\bin\server\jvm.dll
0x00007ffb69f60000 - 0x00007ffb6a012000 	C:\WINDOWS\System32\ADVAPI32.dll
0x00007ffb6a170000 - 0x00007ffb6a218000 	C:\WINDOWS\System32\sechost.dll
0x00007ffb68720000 - 0x00007ffb68748000 	C:\WINDOWS\System32\bcrypt.dll
0x00007ffb6a4c0000 - 0x00007ffb6a5d5000 	C:\WINDOWS\System32\RPCRT4.dll
0x00007ffb67d90000 - 0x00007ffb67ddd000 	C:\WINDOWS\SYSTEM32\POWRPROF.dll
0x00007ffb60390000 - 0x00007ffb603c4000 	C:\WINDOWS\SYSTEM32\WINMM.dll
0x00007ffb5ea80000 - 0x00007ffb5ea8a000 	C:\WINDOWS\SYSTEM32\VERSION.dll
0x00007ffb64880000 - 0x00007ffb64889000 	C:\WINDOWS\SYSTEM32\WSOCK32.dll
0x00007ffb6a0f0000 - 0x00007ffb6a161000 	C:\WINDOWS\System32\WS2_32.dll
0x00007ffb67cc0000 - 0x00007ffb67cd3000 	C:\WINDOWS\SYSTEM32\UMPDC.dll
0x00007ffb66ef0000 - 0x00007ffb66f08000 	C:\WINDOWS\SYSTEM32\kernel.appcore.dll
0x00007ffb64870000 - 0x00007ffb6487a000 	C:\Program Files\Android\Android Studio\jbr\bin\jimage.dll
0x00007ffb65910000 - 0x00007ffb65b42000 	C:\WINDOWS\SYSTEM32\DBGHELP.DLL
0x00007ffb6a6e0000 - 0x00007ffb6aa68000 	C:\WINDOWS\System32\combase.dll
0x00007ffb6a280000 - 0x00007ffb6a357000 	C:\WINDOWS\System32\OLEAUT32.dll
0x00007ffb54bf0000 - 0x00007ffb54c22000 	C:\WINDOWS\SYSTEM32\dbgcore.DLL
0x00007ffb686a0000 - 0x00007ffb68719000 	C:\WINDOWS\System32\bcryptPrimitives.dll
0x00007ffb64840000 - 0x00007ffb64865000 	C:\Program Files\Android\Android Studio\jbr\bin\java.dll
0x00007ffb64820000 - 0x00007ffb64838000 	C:\Program Files\Android\Android Studio\jbr\bin\zip.dll
0x00007ffb69660000 - 0x00007ffb69ebc000 	C:\WINDOWS\System32\SHELL32.dll
0x00007ffb65e10000 - 0x00007ffb66706000 	C:\WINDOWS\SYSTEM32\windows.storage.dll
0x00007ffb65cd0000 - 0x00007ffb65e0e000 	C:\WINDOWS\SYSTEM32\wintypes.dll
0x00007ffb68b00000 - 0x00007ffb68bf5000 	C:\WINDOWS\System32\SHCORE.dll
0x00007ffb6a220000 - 0x00007ffb6a27e000 	C:\WINDOWS\System32\shlwapi.dll
0x00007ffb67e00000 - 0x00007ffb67e21000 	C:\WINDOWS\SYSTEM32\profapi.dll
0x00007ffb49310000 - 0x00007ffb49329000 	C:\Program Files\Android\Android Studio\jbr\bin\net.dll
0x00007ffb60a50000 - 0x00007ffb60b86000 	C:\WINDOWS\SYSTEM32\WINHTTP.dll
0x00007ffb67360000 - 0x00007ffb673c9000 	C:\WINDOWS\system32\mswsock.dll
0x00007ffb492f0000 - 0x00007ffb49306000 	C:\Program Files\Android\Android Studio\jbr\bin\nio.dll
0x00007ffb647c0000 - 0x00007ffb647d0000 	C:\Program Files\Android\Android Studio\jbr\bin\verify.dll

dbghelp: loaded successfully - version: 4.0.5 - missing functions: none
symbol engine: initialized successfully - sym options: 0x614 - pdb path: .;C:\Program Files\Android\Android Studio\jbr\bin;C:\WINDOWS\SYSTEM32;C:\WINDOWS\WinSxS\amd64_microsoft.windows.common-controls_6595b64144ccf1df_6.0.22621.3527_none_270e469b73872a76;C:\Program Files\Android\Android Studio\jbr\bin\server

VM Arguments:
java_command: org.jetbrains.kotlin.cli.jvm.K2JVMCompiler @C:\Users\aksha\Downloads\mappls-android-compose-demo-main\mappls-android-compose-demo-main\app\build\20240519_4410080051603798113.compiler.options
java_class_path (initial): C:\Users\aksha\.gradle\caches\modules-2\files-2.1\org.jetbrains.kotlin\kotlin-compiler-embeddable\1.5.21\40ddbcae9ff100473f95370c2d589ba3fc48eed5\kotlin-compiler-embeddable-1.5.21.jar;C:\Users\aksha\.gradle\caches\modules-2\files-2.1\org.jetbrains.kotlin\kotlin-reflect\1.5.21\802f1f39735ae1eb2b75714a40fa19bb2e687e96\kotlin-reflect-1.5.21.jar;C:\Users\aksha\.gradle\caches\modules-2\files-2.1\org.jetbrains.kotlin\kotlin-stdlib\1.5.21\2f537cad7e9eeb9da73738c8812e1e4cf9b62e4e\kotlin-stdlib-1.5.21.jar;C:\Users\aksha\.gradle\caches\modules-2\files-2.1\org.jetbrains.kotlin\kotlin-script-runtime\1.5.21\96d49e89873fde985750af354b6eabb60cfa999b\kotlin-script-runtime-1.5.21.jar;C:\Users\aksha\.gradle\caches\modules-2\files-2.1\org.jetbrains.kotlin\kotlin-daemon-embeddable\1.5.21\17255809e66a940dfdf6289bccbdfb5a09f3145\kotlin-daemon-embeddable-1.5.21.jar;C:\Users\aksha\.gradle\caches\modules-2\files-2.1\org.jetbrains.intellij.deps\trove4j\1.0.20181211\216c2e14b070f334479d800987affe4054cd563f\trove4j-1.0.20181211.jar;C:\Users\aksha\.gradle\caches\modules-2\files-2.1\org.jetbrains\annotations\13.0\919f0dfe192fb4e063e7dacadee7f8bb9a2672a9\annotations-13.0.jar;C:\Users\aksha\.gradle\caches\modules-2\files-2.1\org.jetbrains.kotlin\kotlin-stdlib-common\1.5.21\cc8bf3586fd2ebcf234058b9440bb406e62dfacb\kotlin-stdlib-common-1.5.21.jar
Launcher Type: SUN_STANDARD

[Global flags]
     intx CICompilerCount                          = 4                                         {product} {ergonomic}
     uint ConcGCThreads                            = 3                                         {product} {ergonomic}
     uint G1ConcRefinementThreads                  = 10                                        {product} {ergonomic}
   size_t G1HeapRegionSize                         = 1048576                                   {product} {ergonomic}
    uintx GCDrainStackTargetSize                   = 64                                        {product} {ergonomic}
   size_t InitialHeapSize                          = 98566144                                  {product} {ergonomic}
   size_t MarkStackSize                            = 4194304                                   {product} {ergonomic}
   size_t MaxHeapSize                              = 1574961152                                {product} {ergonomic}
   size_t MaxNewSize                               = 944766976                                 {product} {ergonomic}
   size_t MinHeapDeltaBytes                        = 1048576                                   {product} {ergonomic}
   size_t MinHeapSize                              = 8388608                                   {product} {ergonomic}
    uintx NonNMethodCodeHeapSize                   = 5839372                                {pd product} {ergonomic}
    uintx NonProfiledCodeHeapSize                  = 122909434                              {pd product} {ergonomic}
    uintx ProfiledCodeHeapSize                     = 122909434                              {pd product} {ergonomic}
    uintx ReservedCodeCacheSize                    = 251658240                              {pd product} {ergonomic}
     bool SegmentedCodeCache                       = true                                      {product} {ergonomic}
   size_t SoftMaxHeapSize                          = 1574961152                             {manageable} {ergonomic}
     bool UseCompressedClassPointers               = true                           {product lp64_product} {ergonomic}
     bool UseCompressedOops                        = true                           {product lp64_product} {ergonomic}
     bool UseG1GC                                  = true                                      {product} {ergonomic}
     bool UseLargePagesIndividualAllocation        = false                                  {pd product} {ergonomic}

Logging:
Log output configuration:
 #0: stdout all=warning uptime,level,tags
 #1: stderr all=off uptime,level,tags

Environment Variables:
PATH=C:\WINDOWS\system32;C:\WINDOWS;C:\WINDOWS\System32\Wbem;C:\WINDOWS\System32\WindowsPowerShell\v1.0\;C:\WINDOWS\System32\OpenSSH\;C:\MinGW\bin;C:\Users\aksha\OneDrive\Desktop\VS;C:\Program Files\Git\cmd;C:\Program Files\MySQL\MySQL Server 8.0\bin;C:\Program Files\MySQL\MySQL Shell 8.0\bin\;C:\Users\aksha\AppData\Local\Programs\Python\Python311\Scripts\;C:\Users\aksha\AppData\Local\Programs\Python\Python311\;C:\Users\aksha\AppData\Local\Programs\Python\Launcher\;C:\Users\aksha\AppData\Local\Microsoft\WindowsApps;C:\MinGW\bin;C:\Users\aksha\AppData\Local\Programs\Microsoft VS Code\bin;C:\Users\aksha\AppData\Local\GitHubDesktop\bin
USERNAME=aksha
OS=Windows_NT
PROCESSOR_IDENTIFIER=AMD64 Family 23 Model 104 Stepping 1, AuthenticAMD
TMP=C:\Users\aksha\AppData\Local\Temp
TEMP=C:\Users\aksha\AppData\Local\Temp



Periodic native trim disabled

JNI global refs:
JNI global refs: 11, weak refs: 19

JNI global refs memory usage: 843, weak refs: 841

OOME stack traces (most recent first):
Classloader memory used:
Loader jdk.internal.loader.ClassLoaders$AppClassLoader                                 : 7462K
Loader bootstrap                                                                       : 1642K
Loader jdk.internal.loader.ClassLoaders$PlatformClassLoader                            : 34452B
Loader java.net.URLClassLoader                                                         : 29479B
Loader jdk.internal.reflect.DelegatingClassLoader                                      : 24636B


---------------  S Y S T E M  ---------------

OS:
 Windows 11 , 64 bit Build 22621 (10.0.22621.3527)
OS uptime: 0 days 9:46 hours

CPU: total 12 (initial active 12) (12 cores per cpu, 2 threads per core) family 23 model 104 stepping 1 microcode 0x0, cx8, cmov, fxsr, ht, mmx, 3dnowpref, sse, sse2, sse3, ssse3, sse4a, sse4.1, sse4.2, popcnt, lzcnt, tsc, tscinvbit, avx, avx2, aes, clmul, bmi1, bmi2, adx, sha, fma, vzeroupper, clflush, clflushopt
Processor Information for processor 0
  Max Mhz: 2100, Current Mhz: 1813, Mhz Limit: 2100
Processor Information for processor 1
  Max Mhz: 2100, Current Mhz: 1813, Mhz Limit: 2100
Processor Information for processor 2
  Max Mhz: 2100, Current Mhz: 2100, Mhz Limit: 2100
Processor Information for processor 3
  Max Mhz: 2100, Current Mhz: 2100, Mhz Limit: 2100
Processor Information for processor 4
  Max Mhz: 2100, Current Mhz: 1813, Mhz Limit: 2100
Processor Information for processor 5
  Max Mhz: 2100, Current Mhz: 1813, Mhz Limit: 2100
Processor Information for processor 6
  Max Mhz: 2100, Current Mhz: 1813, Mhz Limit: 2100
Processor Information for processor 7
  Max Mhz: 2100, Current Mhz: 1813, Mhz Limit: 2100
Processor Information for processor 8
  Max Mhz: 2100, Current Mhz: 1813, Mhz Limit: 2100
Processor Information for processor 9
  Max Mhz: 2100, Current Mhz: 1813, Mhz Limit: 2100
Processor Information for processor 10
  Max Mhz: 2100, Current Mhz: 1813, Mhz Limit: 2100
Processor Information for processor 11
  Max Mhz: 2100, Current Mhz: 1813, Mhz Limit: 2100

Memory: 4k page, system-wide physical 6005M (36M free)
TotalPageFile size 24421M (AvailPageFile size 118M)
current process WorkingSet (physical memory assigned to process): 128M, peak: 258M
current process commit charge ("private bytes"): 452M, peak: 673M

vm_info: OpenJDK 64-Bit Server VM (17.0.10+0--11572160) for windows-amd64 JRE (17.0.10+0--11572160), built on Mar 13 2024 23:56:38 by "androidbuild" with MS VC++ 16.10 / 16.11 (VS2019)

END.
