#
# There is insufficient memory for the Java Runtime Environment to continue.
# Native memory allocation (mmap) failed to map 164626432 bytes for G1 virtual space
# Possible reasons:
#   The system is out of physical RAM or swap space
#   The process is running with CompressedOops enabled, and the Java Heap may be blocking the growth of the native heap
# Possible solutions:
#   Reduce memory load on the system
#   Increase physical memory or swap space
#   Check if swap backing store is full
#   Decrease Java heap size (-Xmx/-Xms)
#   Decrease number of Java threads
#   Decrease Java thread stack sizes (-Xss)
#   Set larger code cache with -XX:ReservedCodeCacheSize=
#   JVM is running with Unscaled Compressed Oops mode in which the Java heap is
#     placed in the first 4GB address space. The Java Heap base address is the
#     maximum limit for the native heap growth. Please use -XX:HeapBaseMinAddress
#     to set the Java Heap base and to place the Java Heap above 4GB virtual address.
# This output file may be truncated or incomplete.
#
#  Out of Memory Error (os_windows.cpp:3825), pid=7664, tid=22400
#
# JRE version: OpenJDK Runtime Environment (17.0.10) (build 17.0.10+0--11572160)
# Java VM: OpenJDK 64-Bit Server VM (17.0.10+0--11572160, mixed mode, tiered, compressed oops, compressed class ptrs, g1 gc, windows-amd64)
# No core dump will be written. Minidumps are not enabled by default on client versions of Windows
#

---------------  S U M M A R Y ------------

Command Line: org.jetbrains.kotlin.cli.jvm.K2JVMCompiler @C:\Users\aksha\Downloads\CAMPUS-NAVIGATION-main\CAMPUS-NAVIGATION-main\app\build\20240617_162749690711235192.compiler.options

Host: AMD Ryzen 5 5500U with Radeon Graphics         , 12 cores, 5G,  Windows 11 , 64 bit Build 22621 (10.0.22621.3672)
Time: Mon Jun 17 23:34:17 2024 India Standard Time elapsed time: 35.407625 seconds (0d 0h 0m 35s)

---------------  T H R E A D  ---------------

Current thread (0x000002345b24a460):  VMThread "VM Thread" [stack: 0x000000539cc00000,0x000000539cd00000] [id=22400]

Stack: [0x000000539cc00000,0x000000539cd00000]
Native frames: (J=compiled Java code, j=interpreted, Vv=VM code, C=native code)
V  [jvm.dll+0x688e89]
V  [jvm.dll+0x84247a]
V  [jvm.dll+0x8440be]
V  [jvm.dll+0x844723]
V  [jvm.dll+0x24be0f]
V  [jvm.dll+0x685c59]
V  [jvm.dll+0x67a50a]
V  [jvm.dll+0x30cbab]
V  [jvm.dll+0x314056]
V  [jvm.dll+0x363dce]
V  [jvm.dll+0x363fff]
V  [jvm.dll+0x2e2978]
V  [jvm.dll+0x2e0b54]
V  [jvm.dll+0x2e015c]
V  [jvm.dll+0x32502b]
V  [jvm.dll+0x848e1b]
V  [jvm.dll+0x849b61]
V  [jvm.dll+0x84a07d]
V  [jvm.dll+0x84a454]
V  [jvm.dll+0x84a520]
V  [jvm.dll+0x7f0d1a]
V  [jvm.dll+0x687d05]
C  [ucrtbase.dll+0x29333]
C  [KERNEL32.DLL+0x1257d]
C  [ntdll.dll+0x5af28]

VM_Operation (0x000000539c6fb9d0): G1CollectForAllocation, mode: safepoint, requested by thread 0x00000234423ba220


---------------  P R O C E S S  ---------------

Threads class SMR info:
_java_thread_list=0x000002346197d120, length=14, elements={
0x00000234423ba220, 0x000002345b2505a0, 0x000002345b251420, 0x000002345b27be30,
0x000002345b27e900, 0x000002345b4c43f0, 0x000002345b4c4cc0, 0x000002345b4c59b0,
0x000002345b4c87c0, 0x000002345b4de7d0, 0x000002345b657840, 0x000002345b6679d0,
0x0000023462729970, 0x000002346272a960
}

Java Threads: ( => current thread )
  0x00000234423ba220 JavaThread "main" [_thread_blocked, id=15780, stack(0x000000539c600000,0x000000539c700000)]
  0x000002345b2505a0 JavaThread "Reference Handler" daemon [_thread_blocked, id=9788, stack(0x000000539cd00000,0x000000539ce00000)]
  0x000002345b251420 JavaThread "Finalizer" daemon [_thread_blocked, id=12792, stack(0x000000539ce00000,0x000000539cf00000)]
  0x000002345b27be30 JavaThread "Signal Dispatcher" daemon [_thread_blocked, id=6904, stack(0x000000539cf00000,0x000000539d000000)]
  0x000002345b27e900 JavaThread "Attach Listener" daemon [_thread_blocked, id=17720, stack(0x000000539d000000,0x000000539d100000)]
  0x000002345b4c43f0 JavaThread "Service Thread" daemon [_thread_blocked, id=14176, stack(0x000000539d100000,0x000000539d200000)]
  0x000002345b4c4cc0 JavaThread "Monitor Deflation Thread" daemon [_thread_blocked, id=18148, stack(0x000000539d200000,0x000000539d300000)]
  0x000002345b4c59b0 JavaThread "C2 CompilerThread0" daemon [_thread_blocked, id=6620, stack(0x000000539d300000,0x000000539d400000)]
  0x000002345b4c87c0 JavaThread "C1 CompilerThread0" daemon [_thread_blocked, id=16000, stack(0x000000539d400000,0x000000539d500000)]
  0x000002345b4de7d0 JavaThread "Sweeper thread" daemon [_thread_blocked, id=22352, stack(0x000000539d500000,0x000000539d600000)]
  0x000002345b657840 JavaThread "Notification Thread" daemon [_thread_blocked, id=12764, stack(0x000000539d600000,0x000000539d700000)]
  0x000002345b6679d0 JavaThread "Common-Cleaner" daemon [_thread_blocked, id=1528, stack(0x000000539d800000,0x000000539d900000)]
  0x0000023462729970 JavaThread "C2 CompilerThread1" daemon [_thread_blocked, id=2476, stack(0x000000539e300000,0x000000539e400000)]
  0x000002346272a960 JavaThread "C2 CompilerThread2" daemon [_thread_in_native, id=20308, stack(0x000000539e400000,0x000000539e500000)]

Other Threads:
=>0x000002345b24a460 VMThread "VM Thread" [stack: 0x000000539cc00000,0x000000539cd00000] [id=22400]
  0x000002345b65a940 WatcherThread [stack: 0x000000539d700000,0x000000539d800000] [id=4020]
  0x0000023442406d40 GCTaskThread "GC Thread#0" [stack: 0x000000539c700000,0x000000539c800000] [id=2944]
  0x000002346035e5c0 GCTaskThread "GC Thread#1" [stack: 0x000000539d900000,0x000000539da00000] [id=21080]
  0x00000234603921e0 GCTaskThread "GC Thread#2" [stack: 0x000000539da00000,0x000000539db00000] [id=9392]
  0x00000234603934b0 GCTaskThread "GC Thread#3" [stack: 0x000000539db00000,0x000000539dc00000] [id=14936]
  0x0000023460393b80 GCTaskThread "GC Thread#4" [stack: 0x000000539dc00000,0x000000539dd00000] [id=22084]
  0x00000234606e0220 GCTaskThread "GC Thread#5" [stack: 0x000000539dd00000,0x000000539de00000] [id=22112]
  0x000002346012e1f0 GCTaskThread "GC Thread#6" [stack: 0x000000539de00000,0x000000539df00000] [id=18368]
  0x000002346012e4b0 GCTaskThread "GC Thread#7" [stack: 0x000000539df00000,0x000000539e000000] [id=5128]
  0x000002346075d9d0 GCTaskThread "GC Thread#8" [stack: 0x000000539e000000,0x000000539e100000] [id=19996]
  0x0000023460c21b50 GCTaskThread "GC Thread#9" [stack: 0x000000539e500000,0x000000539e600000] [id=6040]
  0x0000023442413850 ConcurrentGCThread "G1 Main Marker" [stack: 0x000000539c800000,0x000000539c900000] [id=20900]
  0x0000023442414270 ConcurrentGCThread "G1 Conc#0" [stack: 0x000000539c900000,0x000000539ca00000] [id=13148]
  0x0000023460775c90 ConcurrentGCThread "G1 Conc#1" [stack: 0x000000539e100000,0x000000539e200000] [id=19496]
  0x0000023460691fe0 ConcurrentGCThread "G1 Conc#2" [stack: 0x000000539e200000,0x000000539e300000] [id=19412]
  0x000002344246d2b0 ConcurrentGCThread "G1 Refine#0" [stack: 0x000000539ca00000,0x000000539cb00000] [id=16800]
  0x000002346279d8c0 ConcurrentGCThread "G1 Refine#1" [stack: 0x000000539e600000,0x000000539e700000] [id=14268]
  0x000002344246dce0 ConcurrentGCThread "G1 Service" [stack: 0x000000539cb00000,0x000000539cc00000] [id=14616]

Threads with active compile tasks:
C2 CompilerThread0    35444 14103       4       org.jetbrains.kotlin.ir.util.TypeTranslator::translateType (593 bytes)
C1 CompilerThread0    35444 14336       2       org.jetbrains.kotlin.ir.builders.Scope::createTemporaryVariableDeclaration (97 bytes)
C2 CompilerThread1    35444 13943       4       org.jetbrains.kotlin.renderer.DescriptorRendererImpl::renderNormalizedTypeAsIs (85 bytes)
C2 CompilerThread2    35444 14118       4       org.jetbrains.kotlin.ir.visitors.IrElementTransformerVoid::visitSimpleFunction (10 bytes)

VM state: at safepoint (normal execution)

VM Mutex/Monitor currently owned by a thread:  ([mutex/lock_event])
[0x00000234423b6610] Threads_lock - owner thread: 0x000002345b24a460
[0x00000234423b5fe0] Heap_lock - owner thread: 0x00000234423ba220

Heap address: 0x00000000a2200000, size: 1502 MB, Compressed Oops mode: 32-bit

CDS archive(s) not mapped
Compressed class space mapped at: 0x0000000100000000-0x0000000140000000, reserved size: 1073741824
Narrow klass base: 0x0000000000000000, Narrow klass shift: 3, Narrow klass range: 0x140000000

GC Precious Log:
 CPUs: 12 total, 12 available
 Memory: 6005M
 Large Page Support: Disabled
 NUMA Support: Disabled
 Compressed Oops: Enabled (32-bit)
 Heap Region Size: 1M
 Heap Min Capacity: 8M
 Heap Initial Capacity: 94M
 Heap Max Capacity: 1502M
 Pre-touch: Disabled
 Parallel Workers: 10
 Concurrent Workers: 3
 Concurrent Refinement Workers: 10
 Periodic GC: Disabled

Heap:
 garbage-first heap   total 178176K, used 109112K [0x00000000a2200000, 0x0000000100000000)
  region size 1024K, 7 young (7168K), 7 survivors (7168K)
 Metaspace       used 75669K, committed 75968K, reserved 1179648K
  class space    used 8509K, committed 8640K, reserved 1048576K

Heap Regions: E=young(eden), S=young(survivor), O=old, HS=humongous(starts), HC=humongous(continues), CS=collection set, F=free, OA=open archive, CA=closed archive, TAMS=top-at-mark-start (previous, next)
|   0|0x00000000a2200000, 0x00000000a2300000, 0x00000000a2300000|100%|HS|  |TAMS 0x00000000a2300000, 0x00000000a2200000| Complete 
|   1|0x00000000a2300000, 0x00000000a2400000, 0x00000000a2400000|100%|HC|  |TAMS 0x00000000a2400000, 0x00000000a2300000| Complete 
|   2|0x00000000a2400000, 0x00000000a2500000, 0x00000000a2500000|100%|HC|  |TAMS 0x00000000a2500000, 0x00000000a2400000| Complete 
|   3|0x00000000a2500000, 0x00000000a2600000, 0x00000000a2600000|100%| O|  |TAMS 0x00000000a2600000, 0x00000000a2500000| Untracked 
|   4|0x00000000a2600000, 0x00000000a2700000, 0x00000000a2700000|100%| O|  |TAMS 0x00000000a2700000, 0x00000000a2600000| Untracked 
|   5|0x00000000a2700000, 0x00000000a2800000, 0x00000000a2800000|100%| O|  |TAMS 0x00000000a2800000, 0x00000000a2700000| Untracked 
|   6|0x00000000a2800000, 0x00000000a2900000, 0x00000000a2900000|100%|HS|  |TAMS 0x00000000a2900000, 0x00000000a2800000| Complete 
|   7|0x00000000a2900000, 0x00000000a2a00000, 0x00000000a2a00000|100%|HC|  |TAMS 0x00000000a2a00000, 0x00000000a2900000| Complete 
|   8|0x00000000a2a00000, 0x00000000a2b00000, 0x00000000a2b00000|100%|HC|  |TAMS 0x00000000a2b00000, 0x00000000a2a00000| Complete 
|   9|0x00000000a2b00000, 0x00000000a2c00000, 0x00000000a2c00000|100%|HS|  |TAMS 0x00000000a2c00000, 0x00000000a2b00000| Complete 
|  10|0x00000000a2c00000, 0x00000000a2d00000, 0x00000000a2d00000|100%|HC|  |TAMS 0x00000000a2d00000, 0x00000000a2c00000| Complete 
|  11|0x00000000a2d00000, 0x00000000a2e00000, 0x00000000a2e00000|100%|HC|  |TAMS 0x00000000a2e00000, 0x00000000a2d00000| Complete 
|  12|0x00000000a2e00000, 0x00000000a2f00000, 0x00000000a2f00000|100%| O|  |TAMS 0x00000000a2f00000, 0x00000000a2e00000| Untracked 
|  13|0x00000000a2f00000, 0x00000000a3000000, 0x00000000a3000000|100%| O|  |TAMS 0x00000000a3000000, 0x00000000a2f00000| Untracked 
|  14|0x00000000a3000000, 0x00000000a3100000, 0x00000000a3100000|100%| O|  |TAMS 0x00000000a3100000, 0x00000000a3000000| Untracked 
|  15|0x00000000a3100000, 0x00000000a3200000, 0x00000000a3200000|100%| O|  |TAMS 0x00000000a3200000, 0x00000000a3100000| Untracked 
|  16|0x00000000a3200000, 0x00000000a3300000, 0x00000000a3300000|100%| O|  |TAMS 0x00000000a3300000, 0x00000000a3200000| Untracked 
|  17|0x00000000a3300000, 0x00000000a3400000, 0x00000000a3400000|100%| O|  |TAMS 0x00000000a3400000, 0x00000000a3300000| Untracked 
|  18|0x00000000a3400000, 0x00000000a3500000, 0x00000000a3500000|100%| O|  |TAMS 0x00000000a3500000, 0x00000000a3400000| Untracked 
|  19|0x00000000a3500000, 0x00000000a3600000, 0x00000000a3600000|100%| O|  |TAMS 0x00000000a3600000, 0x00000000a3500000| Untracked 
|  20|0x00000000a3600000, 0x00000000a3700000, 0x00000000a3700000|100%| O|  |TAMS 0x00000000a3700000, 0x00000000a3600000| Untracked 
|  21|0x00000000a3700000, 0x00000000a3800000, 0x00000000a3800000|100%| O|  |TAMS 0x00000000a3700000, 0x00000000a3700000| Untracked 
|  22|0x00000000a3800000, 0x00000000a3900000, 0x00000000a3900000|100%| O|  |TAMS 0x00000000a3900000, 0x00000000a3800000| Untracked 
|  23|0x00000000a3900000, 0x00000000a3a00000, 0x00000000a3a00000|100%| O|  |TAMS 0x00000000a3a00000, 0x00000000a3900000| Untracked 
|  24|0x00000000a3a00000, 0x00000000a3b00000, 0x00000000a3b00000|100%| O|  |TAMS 0x00000000a3b00000, 0x00000000a3a00000| Untracked 
|  25|0x00000000a3b00000, 0x00000000a3c00000, 0x00000000a3c00000|100%| O|  |TAMS 0x00000000a3c00000, 0x00000000a3b00000| Untracked 
|  26|0x00000000a3c00000, 0x00000000a3d00000, 0x00000000a3d00000|100%| O|  |TAMS 0x00000000a3d00000, 0x00000000a3c00000| Untracked 
|  27|0x00000000a3d00000, 0x00000000a3e00000, 0x00000000a3e00000|100%| O|  |TAMS 0x00000000a3e00000, 0x00000000a3d00000| Untracked 
|  28|0x00000000a3e00000, 0x00000000a3f00000, 0x00000000a3f00000|100%| O|  |TAMS 0x00000000a3f00000, 0x00000000a3e00000| Untracked 
|  29|0x00000000a3f00000, 0x00000000a4000000, 0x00000000a4000000|100%| O|  |TAMS 0x00000000a4000000, 0x00000000a3f00000| Untracked 
|  30|0x00000000a4000000, 0x00000000a4100000, 0x00000000a4100000|100%| O|  |TAMS 0x00000000a4100000, 0x00000000a4000000| Untracked 
|  31|0x00000000a4100000, 0x00000000a4200000, 0x00000000a4200000|100%| O|  |TAMS 0x00000000a4200000, 0x00000000a4100000| Untracked 
|  32|0x00000000a4200000, 0x00000000a4300000, 0x00000000a4300000|100%| O|  |TAMS 0x00000000a4300000, 0x00000000a4200000| Untracked 
|  33|0x00000000a4300000, 0x00000000a4400000, 0x00000000a4400000|100%| O|  |TAMS 0x00000000a4300000, 0x00000000a4300000| Untracked 
|  34|0x00000000a4400000, 0x00000000a4500000, 0x00000000a4500000|100%| O|  |TAMS 0x00000000a4500000, 0x00000000a4400000| Untracked 
|  35|0x00000000a4500000, 0x00000000a4600000, 0x00000000a4600000|100%|HS|  |TAMS 0x00000000a4600000, 0x00000000a4500000| Complete 
|  36|0x00000000a4600000, 0x00000000a4700000, 0x00000000a4700000|100%|HC|  |TAMS 0x00000000a4700000, 0x00000000a4600000| Complete 
|  37|0x00000000a4700000, 0x00000000a4800000, 0x00000000a4800000|100%| O|  |TAMS 0x00000000a4800000, 0x00000000a4700000| Untracked 
|  38|0x00000000a4800000, 0x00000000a4900000, 0x00000000a4900000|100%| O|  |TAMS 0x00000000a4900000, 0x00000000a4800000| Untracked 
|  39|0x00000000a4900000, 0x00000000a4a00000, 0x00000000a4a00000|100%| O|  |TAMS 0x00000000a4a00000, 0x00000000a4900000| Untracked 
|  40|0x00000000a4a00000, 0x00000000a4b00000, 0x00000000a4b00000|100%| O|  |TAMS 0x00000000a4b00000, 0x00000000a4a00000| Untracked 
|  41|0x00000000a4b00000, 0x00000000a4c00000, 0x00000000a4c00000|100%| O|  |TAMS 0x00000000a4c00000, 0x00000000a4b00000| Untracked 
|  42|0x00000000a4c00000, 0x00000000a4d00000, 0x00000000a4d00000|100%| O|  |TAMS 0x00000000a4d00000, 0x00000000a4c00000| Untracked 
|  43|0x00000000a4d00000, 0x00000000a4e00000, 0x00000000a4e00000|100%| O|  |TAMS 0x00000000a4e00000, 0x00000000a4d00000| Untracked 
|  44|0x00000000a4e00000, 0x00000000a4f00000, 0x00000000a4f00000|100%| O|  |TAMS 0x00000000a4f00000, 0x00000000a4e00000| Untracked 
|  45|0x00000000a4f00000, 0x00000000a5000000, 0x00000000a5000000|100%| O|  |TAMS 0x00000000a5000000, 0x00000000a4f00000| Untracked 
|  46|0x00000000a5000000, 0x00000000a5100000, 0x00000000a5100000|100%| O|  |TAMS 0x00000000a5100000, 0x00000000a5000000| Untracked 
|  47|0x00000000a5100000, 0x00000000a5200000, 0x00000000a5200000|100%| O|  |TAMS 0x00000000a5173600, 0x00000000a5100000| Untracked 
|  48|0x00000000a5200000, 0x00000000a5300000, 0x00000000a5300000|100%| O|  |TAMS 0x00000000a5200000, 0x00000000a5200000| Untracked 
|  49|0x00000000a5300000, 0x00000000a5400000, 0x00000000a5400000|100%| O|  |TAMS 0x00000000a5300000, 0x00000000a5300000| Untracked 
|  50|0x00000000a5400000, 0x00000000a5500000, 0x00000000a5500000|100%| O|  |TAMS 0x00000000a5400000, 0x00000000a5400000| Untracked 
|  51|0x00000000a5500000, 0x00000000a5600000, 0x00000000a5600000|100%| O|  |TAMS 0x00000000a5500000, 0x00000000a5500000| Untracked 
|  52|0x00000000a5600000, 0x00000000a5700000, 0x00000000a5700000|100%| O|  |TAMS 0x00000000a5600000, 0x00000000a5600000| Untracked 
|  53|0x00000000a5700000, 0x00000000a5800000, 0x00000000a5800000|100%| O|  |TAMS 0x00000000a5700000, 0x00000000a5700000| Untracked 
|  54|0x00000000a5800000, 0x00000000a5900000, 0x00000000a5900000|100%| O|  |TAMS 0x00000000a5800000, 0x00000000a5800000| Untracked 
|  55|0x00000000a5900000, 0x00000000a5a00000, 0x00000000a5a00000|100%| O|  |TAMS 0x00000000a5900000, 0x00000000a5900000| Untracked 
|  56|0x00000000a5a00000, 0x00000000a5b00000, 0x00000000a5b00000|100%| O|  |TAMS 0x00000000a5a00000, 0x00000000a5a00000| Untracked 
|  57|0x00000000a5b00000, 0x00000000a5c00000, 0x00000000a5c00000|100%| O|  |TAMS 0x00000000a5b00000, 0x00000000a5b00000| Untracked 
|  58|0x00000000a5c00000, 0x00000000a5d00000, 0x00000000a5d00000|100%| O|  |TAMS 0x00000000a5c00000, 0x00000000a5c00000| Untracked 
|  59|0x00000000a5d00000, 0x00000000a5e00000, 0x00000000a5e00000|100%| O|  |TAMS 0x00000000a5d00000, 0x00000000a5d00000| Untracked 
|  60|0x00000000a5e00000, 0x00000000a5f00000, 0x00000000a5f00000|100%| O|  |TAMS 0x00000000a5e00000, 0x00000000a5e00000| Untracked 
|  61|0x00000000a5f00000, 0x00000000a6000000, 0x00000000a6000000|100%|HS|  |TAMS 0x00000000a5f00000, 0x00000000a5f00000| Complete 
|  62|0x00000000a6000000, 0x00000000a6100000, 0x00000000a6100000|100%|HC|  |TAMS 0x00000000a6000000, 0x00000000a6000000| Complete 
|  63|0x00000000a6100000, 0x00000000a6200000, 0x00000000a6200000|100%| O|  |TAMS 0x00000000a6100000, 0x00000000a6100000| Untracked 
|  64|0x00000000a6200000, 0x00000000a6300000, 0x00000000a6300000|100%| O|  |TAMS 0x00000000a6200000, 0x00000000a6200000| Untracked 
|  65|0x00000000a6300000, 0x00000000a6400000, 0x00000000a6400000|100%| O|  |TAMS 0x00000000a6300000, 0x00000000a6300000| Untracked 
|  66|0x00000000a6400000, 0x00000000a6500000, 0x00000000a6500000|100%| O|  |TAMS 0x00000000a6400000, 0x00000000a6400000| Untracked 
|  67|0x00000000a6500000, 0x00000000a6600000, 0x00000000a6600000|100%| O|  |TAMS 0x00000000a6500000, 0x00000000a6500000| Untracked 
|  68|0x00000000a6600000, 0x00000000a6700000, 0x00000000a6700000|100%| O|  |TAMS 0x00000000a6600000, 0x00000000a6600000| Untracked 
|  69|0x00000000a6700000, 0x00000000a6800000, 0x00000000a6800000|100%| O|  |TAMS 0x00000000a6700000, 0x00000000a6700000| Untracked 
|  70|0x00000000a6800000, 0x00000000a6900000, 0x00000000a6900000|100%| O|  |TAMS 0x00000000a6800000, 0x00000000a6800000| Untracked 
|  71|0x00000000a6900000, 0x00000000a6a00000, 0x00000000a6a00000|100%| O|  |TAMS 0x00000000a6900000, 0x00000000a6900000| Untracked 
|  72|0x00000000a6a00000, 0x00000000a6b00000, 0x00000000a6b00000|100%| O|  |TAMS 0x00000000a6a00000, 0x00000000a6a00000| Untracked 
|  73|0x00000000a6b00000, 0x00000000a6c00000, 0x00000000a6c00000|100%| O|  |TAMS 0x00000000a6b00000, 0x00000000a6b00000| Untracked 
|  74|0x00000000a6c00000, 0x00000000a6d00000, 0x00000000a6d00000|100%| O|  |TAMS 0x00000000a6c00000, 0x00000000a6c00000| Untracked 
|  75|0x00000000a6d00000, 0x00000000a6e00000, 0x00000000a6e00000|100%| O|  |TAMS 0x00000000a6d00000, 0x00000000a6d00000| Untracked 
|  76|0x00000000a6e00000, 0x00000000a6f00000, 0x00000000a6f00000|100%| O|  |TAMS 0x00000000a6e00000, 0x00000000a6e00000| Untracked 
|  77|0x00000000a6f00000, 0x00000000a7000000, 0x00000000a7000000|100%| O|  |TAMS 0x00000000a6f00000, 0x00000000a6f00000| Untracked 
|  78|0x00000000a7000000, 0x00000000a7100000, 0x00000000a7100000|100%| O|  |TAMS 0x00000000a7000000, 0x00000000a7000000| Untracked 
|  79|0x00000000a7100000, 0x00000000a7200000, 0x00000000a7200000|100%| O|  |TAMS 0x00000000a7100000, 0x00000000a7100000| Untracked 
|  80|0x00000000a7200000, 0x00000000a7300000, 0x00000000a7300000|100%| O|  |TAMS 0x00000000a7200000, 0x00000000a7200000| Untracked 
|  81|0x00000000a7300000, 0x00000000a7400000, 0x00000000a7400000|100%| O|  |TAMS 0x00000000a7300000, 0x00000000a7300000| Untracked 
|  82|0x00000000a7400000, 0x00000000a7500000, 0x00000000a7500000|100%| O|  |TAMS 0x00000000a7400000, 0x00000000a7400000| Untracked 
|  83|0x00000000a7500000, 0x00000000a7600000, 0x00000000a7600000|100%| O|  |TAMS 0x00000000a7500000, 0x00000000a7500000| Untracked 
|  84|0x00000000a7600000, 0x00000000a7700000, 0x00000000a7700000|100%| O|  |TAMS 0x00000000a7600000, 0x00000000a7600000| Untracked 
|  85|0x00000000a7700000, 0x00000000a7800000, 0x00000000a7800000|100%| O|  |TAMS 0x00000000a7700000, 0x00000000a7700000| Untracked 
|  86|0x00000000a7800000, 0x00000000a7900000, 0x00000000a7900000|100%| O|  |TAMS 0x00000000a7800000, 0x00000000a7800000| Untracked 
|  87|0x00000000a7900000, 0x00000000a7a00000, 0x00000000a7a00000|100%| O|  |TAMS 0x00000000a7900000, 0x00000000a7900000| Untracked 
|  88|0x00000000a7a00000, 0x00000000a7b00000, 0x00000000a7b00000|100%| O|  |TAMS 0x00000000a7a00000, 0x00000000a7a00000| Untracked 
|  89|0x00000000a7b00000, 0x00000000a7c00000, 0x00000000a7c00000|100%| O|  |TAMS 0x00000000a7b00000, 0x00000000a7b00000| Untracked 
|  90|0x00000000a7c00000, 0x00000000a7d00000, 0x00000000a7d00000|100%| O|  |TAMS 0x00000000a7c00000, 0x00000000a7c00000| Untracked 
|  91|0x00000000a7d00000, 0x00000000a7e00000, 0x00000000a7e00000|100%| O|  |TAMS 0x00000000a7d00000, 0x00000000a7d00000| Untracked 
|  92|0x00000000a7e00000, 0x00000000a7f00000, 0x00000000a7f00000|100%| O|  |TAMS 0x00000000a7e00000, 0x00000000a7e00000| Untracked 
|  93|0x00000000a7f00000, 0x00000000a8000000, 0x00000000a8000000|100%| O|  |TAMS 0x00000000a7f00000, 0x00000000a7f00000| Untracked 
|  94|0x00000000a8000000, 0x00000000a8100000, 0x00000000a8100000|100%| O|  |TAMS 0x00000000a8000000, 0x00000000a8000000| Untracked 
|  95|0x00000000a8100000, 0x00000000a8200000, 0x00000000a8200000|100%| O|  |TAMS 0x00000000a8100000, 0x00000000a8100000| Untracked 
|  96|0x00000000a8200000, 0x00000000a8300000, 0x00000000a8300000|100%| O|  |TAMS 0x00000000a8200000, 0x00000000a8200000| Untracked 
|  97|0x00000000a8300000, 0x00000000a8400000, 0x00000000a8400000|100%| O|  |TAMS 0x00000000a8300000, 0x00000000a8300000| Untracked 
|  98|0x00000000a8400000, 0x00000000a8500000, 0x00000000a8500000|100%| O|  |TAMS 0x00000000a8400000, 0x00000000a8400000| Untracked 
|  99|0x00000000a8500000, 0x00000000a858e200, 0x00000000a8600000| 55%| O|  |TAMS 0x00000000a8500000, 0x00000000a8500000| Untracked 
| 100|0x00000000a8600000, 0x00000000a8600000, 0x00000000a8700000|  0%| F|  |TAMS 0x00000000a8600000, 0x00000000a8600000| Untracked 
| 101|0x00000000a8700000, 0x00000000a8700000, 0x00000000a8800000|  0%| F|  |TAMS 0x00000000a8700000, 0x00000000a8700000| Untracked 
| 102|0x00000000a8800000, 0x00000000a8800000, 0x00000000a8900000|  0%| F|  |TAMS 0x00000000a8800000, 0x00000000a8800000| Untracked 
| 103|0x00000000a8900000, 0x00000000a8900000, 0x00000000a8a00000|  0%| F|  |TAMS 0x00000000a8900000, 0x00000000a8900000| Untracked 
| 104|0x00000000a8a00000, 0x00000000a8a00000, 0x00000000a8b00000|  0%| F|  |TAMS 0x00000000a8a00000, 0x00000000a8a00000| Untracked 
| 105|0x00000000a8b00000, 0x00000000a8b00000, 0x00000000a8c00000|  0%| F|  |TAMS 0x00000000a8b00000, 0x00000000a8b00000| Untracked 
| 106|0x00000000a8c00000, 0x00000000a8c00000, 0x00000000a8d00000|  0%| F|  |TAMS 0x00000000a8c00000, 0x00000000a8c00000| Untracked 
| 107|0x00000000a8d00000, 0x00000000a8d00000, 0x00000000a8e00000|  0%| F|  |TAMS 0x00000000a8d00000, 0x00000000a8d00000| Untracked 
| 108|0x00000000a8e00000, 0x00000000a8e00000, 0x00000000a8f00000|  0%| F|  |TAMS 0x00000000a8e00000, 0x00000000a8e00000| Untracked 
| 109|0x00000000a8f00000, 0x00000000a8f00000, 0x00000000a9000000|  0%| F|  |TAMS 0x00000000a8f00000, 0x00000000a8f00000| Untracked 
| 110|0x00000000a9000000, 0x00000000a9000000, 0x00000000a9100000|  0%| F|  |TAMS 0x00000000a9000000, 0x00000000a9000000| Untracked 
| 111|0x00000000a9100000, 0x00000000a9100000, 0x00000000a9200000|  0%| F|  |TAMS 0x00000000a9100000, 0x00000000a9100000| Untracked 
| 112|0x00000000a9200000, 0x00000000a9200000, 0x00000000a9300000|  0%| F|  |TAMS 0x00000000a9200000, 0x00000000a9200000| Untracked 
| 113|0x00000000a9300000, 0x00000000a9300000, 0x00000000a9400000|  0%| F|  |TAMS 0x00000000a9300000, 0x00000000a9300000| Untracked 
| 114|0x00000000a9400000, 0x00000000a9400000, 0x00000000a9500000|  0%| F|  |TAMS 0x00000000a9400000, 0x00000000a9400000| Untracked 
| 115|0x00000000a9500000, 0x00000000a9500000, 0x00000000a9600000|  0%| F|  |TAMS 0x00000000a9500000, 0x00000000a9500000| Untracked 
| 116|0x00000000a9600000, 0x00000000a9600000, 0x00000000a9700000|  0%| F|  |TAMS 0x00000000a9600000, 0x00000000a9600000| Untracked 
| 117|0x00000000a9700000, 0x00000000a9700000, 0x00000000a9800000|  0%| F|  |TAMS 0x00000000a9700000, 0x00000000a9700000| Untracked 
| 118|0x00000000a9800000, 0x00000000a9800000, 0x00000000a9900000|  0%| F|  |TAMS 0x00000000a9800000, 0x00000000a9800000| Untracked 
| 119|0x00000000a9900000, 0x00000000a9900000, 0x00000000a9a00000|  0%| F|  |TAMS 0x00000000a9900000, 0x00000000a9900000| Untracked 
| 120|0x00000000a9a00000, 0x00000000a9a00000, 0x00000000a9b00000|  0%| F|  |TAMS 0x00000000a9a00000, 0x00000000a9a00000| Untracked 
| 121|0x00000000a9b00000, 0x00000000a9b00000, 0x00000000a9c00000|  0%| F|  |TAMS 0x00000000a9b00000, 0x00000000a9b00000| Untracked 
| 122|0x00000000a9c00000, 0x00000000a9d00000, 0x00000000a9d00000|100%| S|CS|TAMS 0x00000000a9c00000, 0x00000000a9c00000| Complete 
| 123|0x00000000a9d00000, 0x00000000a9e00000, 0x00000000a9e00000|100%| S|CS|TAMS 0x00000000a9d00000, 0x00000000a9d00000| Complete 
| 124|0x00000000a9e00000, 0x00000000a9e00000, 0x00000000a9f00000|  0%| F|  |TAMS 0x00000000a9e00000, 0x00000000a9e00000| Untracked 
| 125|0x00000000a9f00000, 0x00000000aa000000, 0x00000000aa000000|100%| S|CS|TAMS 0x00000000a9f00000, 0x00000000a9f00000| Complete 
| 126|0x00000000aa000000, 0x00000000aa100000, 0x00000000aa100000|100%| S|CS|TAMS 0x00000000aa000000, 0x00000000aa000000| Complete 
| 127|0x00000000aa100000, 0x00000000aa200000, 0x00000000aa200000|100%| S|CS|TAMS 0x00000000aa100000, 0x00000000aa100000| Complete 
| 128|0x00000000aa200000, 0x00000000aa200000, 0x00000000aa300000|  0%| F|  |TAMS 0x00000000aa200000, 0x00000000aa200000| Untracked 
| 129|0x00000000aa300000, 0x00000000aa400000, 0x00000000aa400000|100%| S|CS|TAMS 0x00000000aa300000, 0x00000000aa300000| Complete 
| 130|0x00000000aa400000, 0x00000000aa500000, 0x00000000aa500000|100%| S|CS|TAMS 0x00000000aa400000, 0x00000000aa400000| Complete 
| 131|0x00000000aa500000, 0x00000000aa500000, 0x00000000aa600000|  0%| F|  |TAMS 0x00000000aa500000, 0x00000000aa500000| Untracked 
| 132|0x00000000aa600000, 0x00000000aa600000, 0x00000000aa700000|  0%| F|  |TAMS 0x00000000aa600000, 0x00000000aa600000| Untracked 
| 133|0x00000000aa700000, 0x00000000aa700000, 0x00000000aa800000|  0%| F|  |TAMS 0x00000000aa700000, 0x00000000aa700000| Untracked 
| 134|0x00000000aa800000, 0x00000000aa800000, 0x00000000aa900000|  0%| F|  |TAMS 0x00000000aa800000, 0x00000000aa800000| Untracked 
| 135|0x00000000aa900000, 0x00000000aa900000, 0x00000000aaa00000|  0%| F|  |TAMS 0x00000000aa900000, 0x00000000aa900000| Untracked 
| 136|0x00000000aaa00000, 0x00000000aaa00000, 0x00000000aab00000|  0%| F|  |TAMS 0x00000000aaa00000, 0x00000000aaa00000| Untracked 
| 137|0x00000000aab00000, 0x00000000aab00000, 0x00000000aac00000|  0%| F|  |TAMS 0x00000000aab00000, 0x00000000aab00000| Untracked 
| 138|0x00000000aac00000, 0x00000000aac00000, 0x00000000aad00000|  0%| F|  |TAMS 0x00000000aac00000, 0x00000000aac00000| Untracked 
| 139|0x00000000aad00000, 0x00000000aad00000, 0x00000000aae00000|  0%| F|  |TAMS 0x00000000aad00000, 0x00000000aad00000| Untracked 
| 140|0x00000000aae00000, 0x00000000aae00000, 0x00000000aaf00000|  0%| F|  |TAMS 0x00000000aae00000, 0x00000000aae00000| Untracked 
| 141|0x00000000aaf00000, 0x00000000aaf00000, 0x00000000ab000000|  0%| F|  |TAMS 0x00000000aaf00000, 0x00000000aaf00000| Untracked 
| 142|0x00000000ab000000, 0x00000000ab000000, 0x00000000ab100000|  0%| F|  |TAMS 0x00000000ab000000, 0x00000000ab000000| Untracked 
| 143|0x00000000ab100000, 0x00000000ab100000, 0x00000000ab200000|  0%| F|  |TAMS 0x00000000ab100000, 0x00000000ab100000| Untracked 
| 144|0x00000000ab200000, 0x00000000ab200000, 0x00000000ab300000|  0%| F|  |TAMS 0x00000000ab200000, 0x00000000ab200000| Untracked 
| 145|0x00000000ab300000, 0x00000000ab300000, 0x00000000ab400000|  0%| F|  |TAMS 0x00000000ab300000, 0x00000000ab300000| Untracked 
| 146|0x00000000ab400000, 0x00000000ab400000, 0x00000000ab500000|  0%| F|  |TAMS 0x00000000ab400000, 0x00000000ab400000| Untracked 
| 147|0x00000000ab500000, 0x00000000ab500000, 0x00000000ab600000|  0%| F|  |TAMS 0x00000000ab500000, 0x00000000ab500000| Untracked 
| 148|0x00000000ab600000, 0x00000000ab600000, 0x00000000ab700000|  0%| F|  |TAMS 0x00000000ab600000, 0x00000000ab600000| Untracked 
| 149|0x00000000ab700000, 0x00000000ab700000, 0x00000000ab800000|  0%| F|  |TAMS 0x00000000ab700000, 0x00000000ab700000| Untracked 
| 150|0x00000000ab800000, 0x00000000ab800000, 0x00000000ab900000|  0%| F|  |TAMS 0x00000000ab800000, 0x00000000ab800000| Untracked 
| 151|0x00000000ab900000, 0x00000000ab900000, 0x00000000aba00000|  0%| F|  |TAMS 0x00000000ab900000, 0x00000000ab900000| Untracked 
| 152|0x00000000aba00000, 0x00000000aba00000, 0x00000000abb00000|  0%| F|  |TAMS 0x00000000aba00000, 0x00000000aba00000| Untracked 
| 153|0x00000000abb00000, 0x00000000abb00000, 0x00000000abc00000|  0%| F|  |TAMS 0x00000000abb00000, 0x00000000abb00000| Untracked 
| 154|0x00000000abc00000, 0x00000000abc00000, 0x00000000abd00000|  0%| F|  |TAMS 0x00000000abc00000, 0x00000000abc00000| Untracked 
| 155|0x00000000abd00000, 0x00000000abd00000, 0x00000000abe00000|  0%| F|  |TAMS 0x00000000abd00000, 0x00000000abd00000| Untracked 
| 156|0x00000000abe00000, 0x00000000abe00000, 0x00000000abf00000|  0%| F|  |TAMS 0x00000000abe00000, 0x00000000abe00000| Untracked 
| 157|0x00000000abf00000, 0x00000000abf00000, 0x00000000ac000000|  0%| F|  |TAMS 0x00000000abf00000, 0x00000000abf00000| Untracked 
| 158|0x00000000ac000000, 0x00000000ac000000, 0x00000000ac100000|  0%| F|  |TAMS 0x00000000ac000000, 0x00000000ac000000| Untracked 
| 159|0x00000000ac100000, 0x00000000ac100000, 0x00000000ac200000|  0%| F|  |TAMS 0x00000000ac100000, 0x00000000ac100000| Untracked 
| 160|0x00000000ac200000, 0x00000000ac200000, 0x00000000ac300000|  0%| F|  |TAMS 0x00000000ac200000, 0x00000000ac200000| Untracked 
| 161|0x00000000ac300000, 0x00000000ac300000, 0x00000000ac400000|  0%| F|  |TAMS 0x00000000ac300000, 0x00000000ac300000| Untracked 
| 162|0x00000000ac400000, 0x00000000ac400000, 0x00000000ac500000|  0%| F|  |TAMS 0x00000000ac400000, 0x00000000ac400000| Untracked 
| 163|0x00000000ac500000, 0x00000000ac500000, 0x00000000ac600000|  0%| F|  |TAMS 0x00000000ac500000, 0x00000000ac500000| Untracked 
| 164|0x00000000ac600000, 0x00000000ac600000, 0x00000000ac700000|  0%| F|  |TAMS 0x00000000ac600000, 0x00000000ac600000| Untracked 
| 165|0x00000000ac700000, 0x00000000ac700000, 0x00000000ac800000|  0%| F|  |TAMS 0x00000000ac700000, 0x00000000ac700000| Untracked 
| 166|0x00000000ac800000, 0x00000000ac800000, 0x00000000ac900000|  0%| F|  |TAMS 0x00000000ac800000, 0x00000000ac800000| Untracked 
| 167|0x00000000ac900000, 0x00000000ac900000, 0x00000000aca00000|  0%| F|  |TAMS 0x00000000ac900000, 0x00000000ac900000| Untracked 
| 168|0x00000000aca00000, 0x00000000aca00000, 0x00000000acb00000|  0%| F|  |TAMS 0x00000000aca00000, 0x00000000aca00000| Untracked 
| 169|0x00000000acb00000, 0x00000000acb00000, 0x00000000acc00000|  0%| F|  |TAMS 0x00000000acb00000, 0x00000000acb00000| Untracked 
| 170|0x00000000acc00000, 0x00000000acc00000, 0x00000000acd00000|  0%| F|  |TAMS 0x00000000acc00000, 0x00000000acc00000| Untracked 
| 171|0x00000000acd00000, 0x00000000acd00000, 0x00000000ace00000|  0%| F|  |TAMS 0x00000000acd00000, 0x00000000acd00000| Untracked 
| 172|0x00000000ace00000, 0x00000000ace00000, 0x00000000acf00000|  0%| F|  |TAMS 0x00000000ace00000, 0x00000000ace00000| Untracked 
|1501|0x00000000fff00000, 0x00000000fff00000, 0x0000000100000000|  0%| F|  |TAMS 0x00000000fff00000, 0x00000000fff00000| Untracked 

Card table byte_map: [0x00000234550f0000,0x00000234553e0000] _byte_map_base: 0x0000023454bdf000

Marking Bits (Prev, Next): (CMBitMap*) 0x0000023442407360, (CMBitMap*) 0x00000234424073a0
 Prev Bits: [0x00000234556d0000, 0x0000023456e48000)
 Next Bits: [0x0000023456e50000, 0x00000234585c8000)

Polling page: 0x0000023440380000

Metaspace:

Usage:
  Non-class:     65.59 MB used.
      Class:      8.31 MB used.
       Both:     73.90 MB used.

Virtual space:
  Non-class space:      128.00 MB reserved,      65.75 MB ( 51%) committed,  2 nodes.
      Class space:        1.00 GB reserved,       8.44 MB ( <1%) committed,  1 nodes.
             Both:        1.12 GB reserved,      74.19 MB (  6%) committed. 

Chunk freelists:
   Non-Class:  13.55 MB
       Class:  7.55 MB
        Both:  21.09 MB

MaxMetaspaceSize: unlimited
CompressedClassSpaceSize: 1.00 GB
Initial GC threshold: 21.00 MB
Current GC threshold: 85.44 MB
CDS: off
MetaspaceReclaimPolicy: balanced
 - commit_granule_bytes: 65536.
 - commit_granule_words: 8192.
 - virtual_space_node_default_size: 8388608.
 - enlarge_chunks_in_place: 1.
 - new_chunks_are_fully_committed: 0.
 - uncommit_free_chunks: 1.
 - use_allocation_guard: 0.
 - handle_deallocations: 1.


Internal statistics:

num_allocs_failed_limit: 6.
num_arena_births: 256.
num_arena_deaths: 0.
num_vsnodes_births: 3.
num_vsnodes_deaths: 0.
num_space_committed: 1185.
num_space_uncommitted: 0.
num_chunks_returned_to_freelist: 6.
num_chunks_taken_from_freelist: 2649.
num_chunk_merges: 6.
num_chunk_splits: 2139.
num_chunks_enlarged: 1885.
num_inconsistent_stats: 0.

CodeHeap 'non-profiled nmethods': size=120000Kb used=7356Kb max_used=7356Kb free=112643Kb
 bounds [0x000002344d360000, 0x000002344dab0000, 0x0000023454890000]
CodeHeap 'profiled nmethods': size=120000Kb used=32514Kb max_used=34250Kb free=87485Kb
 bounds [0x0000023445890000, 0x0000023447a10000, 0x000002344cdc0000]
CodeHeap 'non-nmethods': size=5760Kb used=1357Kb max_used=1421Kb free=4402Kb
 bounds [0x000002344cdc0000, 0x000002344d030000, 0x000002344d360000]
 total_blobs=12489 nmethods=11808 adapters=590
 compilation: enabled
              stopped_count=0, restarted_count=0
 full_count=0

Compilation events (20 events):
Event: 35.371 Thread 0x000002345b4c87c0 14323       2       org.jetbrains.kotlin.ir.declarations.impl.IrValueParameterImpl::getFactory (7 bytes)
Event: 35.371 Thread 0x000002345b4c87c0 nmethod 14323 0x0000023445b88710 code [0x0000023445b888a0, 0x0000023445b889b8]
Event: 35.371 Thread 0x000002345b4c87c0 14324       2       org.jetbrains.kotlin.backend.common.ir.IrUtilsKt::copyAnnotationsFrom (41 bytes)
Event: 35.372 Thread 0x000002345b4c87c0 nmethod 14324 0x0000023445b87c10 code [0x0000023445b87e60, 0x0000023445b88398]
Event: 35.372 Thread 0x000002345b4c87c0 14325       2       org.jetbrains.kotlin.backend.common.ir.IrUtilsKt::copyAnnotations (241 bytes)
Event: 35.373 Thread 0x000002345b4c87c0 nmethod 14325 0x00000234475ce710 code [0x00000234475ceaa0, 0x00000234475cfa38]
Event: 35.373 Thread 0x000002345b4c87c0 14327       2       org.jetbrains.kotlin.ir.declarations.lazy.IrLazyFunction::getValueParameters (20 bytes)
Event: 35.374 Thread 0x000002345b4c87c0 nmethod 14327 0x0000023445b87790 code [0x0000023445b87940, 0x0000023445b87ae8]
Event: 35.374 Thread 0x000002345b4c87c0 14328       2       org.jetbrains.kotlin.ir.declarations.impl.IrClassImpl::getFactory (7 bytes)
Event: 35.374 Thread 0x000002345b4c87c0 nmethod 14328 0x00000234475ce390 code [0x00000234475ce520, 0x00000234475ce638]
Event: 35.374 Thread 0x000002345b4c87c0 14330       2       org.jetbrains.kotlin.ir.declarations.impl.IrPropertyCommonImpl::getParent (18 bytes)
Event: 35.374 Thread 0x000002345b4c87c0 nmethod 14330 0x0000023445b86f90 code [0x0000023445b871a0, 0x0000023445b87538]
Event: 35.374 Thread 0x000002345b4c87c0 14332       2       org.jetbrains.kotlin.ir.symbols.impl.IrFieldSymbolImpl::<init> (9 bytes)
Event: 35.374 Thread 0x000002345b4c87c0 nmethod 14332 0x0000023445b86910 code [0x0000023445b86ac0, 0x0000023445b86c28]
Event: 35.374 Thread 0x000002345b4c87c0 14329       2       org.jetbrains.kotlin.ir.declarations.impl.IrPropertyCommonImpl::setParent (12 bytes)
Event: 35.375 Thread 0x000002345b4c87c0 nmethod 14329 0x00000234458dc110 code [0x00000234458dc2e0, 0x00000234458dc5d8]
Event: 35.375 Thread 0x000002345b4c87c0 14334       2       org.jetbrains.kotlin.ir.symbols.impl.IrVariableSymbolImpl::<init> (14 bytes)
Event: 35.375 Thread 0x000002345b4c87c0 nmethod 14334 0x00000234458dbd10 code [0x00000234458dbec0, 0x00000234458dc048]
Event: 35.375 Thread 0x000002345b4c87c0 14336       2       org.jetbrains.kotlin.ir.builders.Scope::createTemporaryVariableDeclaration (97 bytes)
Event: 35.377 Thread 0x0000023462729970 nmethod 13943 0x000002344da90e10 code [0x000002344da91920, 0x000002344da99b88]

GC Heap History (20 events):
Event: 25.816 GC heap after
{Heap after GC invocations=19 (full 0):
 garbage-first heap   total 178176K, used 61536K [0x00000000a2200000, 0x0000000100000000)
  region size 1024K, 10 young (10240K), 10 survivors (10240K)
 Metaspace       used 55565K, committed 55808K, reserved 1114112K
  class space    used 6480K, committed 6592K, reserved 1048576K
}
Event: 25.843 GC heap before
{Heap before GC invocations=19 (full 0):
 garbage-first heap   total 178176K, used 62560K [0x00000000a2200000, 0x0000000100000000)
  region size 1024K, 11 young (11264K), 10 survivors (10240K)
 Metaspace       used 55695K, committed 55936K, reserved 1114112K
  class space    used 6502K, committed 6592K, reserved 1048576K
}
Event: 25.853 GC heap after
{Heap after GC invocations=20 (full 0):
 garbage-first heap   total 178176K, used 62102K [0x00000000a2200000, 0x0000000100000000)
  region size 1024K, 2 young (2048K), 2 survivors (2048K)
 Metaspace       used 55695K, committed 55936K, reserved 1114112K
  class space    used 6502K, committed 6592K, reserved 1048576K
}
Event: 27.692 GC heap before
{Heap before GC invocations=20 (full 0):
 garbage-first heap   total 178176K, used 125590K [0x00000000a2200000, 0x0000000100000000)
  region size 1024K, 64 young (65536K), 2 survivors (2048K)
 Metaspace       used 58542K, committed 58752K, reserved 1114112K
  class space    used 6691K, committed 6784K, reserved 1048576K
}
Event: 27.705 GC heap after
{Heap after GC invocations=21 (full 0):
 garbage-first heap   total 178176K, used 70436K [0x00000000a2200000, 0x0000000100000000)
  region size 1024K, 8 young (8192K), 8 survivors (8192K)
 Metaspace       used 58542K, committed 58752K, reserved 1114112K
  class space    used 6691K, committed 6784K, reserved 1048576K
}
Event: 30.026 GC heap before
{Heap before GC invocations=21 (full 0):
 garbage-first heap   total 178176K, used 132900K [0x00000000a2200000, 0x0000000100000000)
  region size 1024K, 67 young (68608K), 8 survivors (8192K)
 Metaspace       used 60961K, committed 61184K, reserved 1114112K
  class space    used 6823K, committed 6912K, reserved 1048576K
}
Event: 30.039 GC heap after
{Heap after GC invocations=22 (full 0):
 garbage-first heap   total 178176K, used 79698K [0x00000000a2200000, 0x0000000100000000)
  region size 1024K, 7 young (7168K), 7 survivors (7168K)
 Metaspace       used 60961K, committed 61184K, reserved 1114112K
  class space    used 6823K, committed 6912K, reserved 1048576K
}
Event: 31.866 GC heap before
{Heap before GC invocations=22 (full 0):
 garbage-first heap   total 178176K, used 136018K [0x00000000a2200000, 0x0000000100000000)
  region size 1024K, 62 young (63488K), 7 survivors (7168K)
 Metaspace       used 61536K, committed 61824K, reserved 1114112K
  class space    used 6839K, committed 6976K, reserved 1048576K
}
Event: 31.880 GC heap after
{Heap after GC invocations=23 (full 0):
 garbage-first heap   total 178176K, used 86982K [0x00000000a2200000, 0x0000000100000000)
  region size 1024K, 7 young (7168K), 7 survivors (7168K)
 Metaspace       used 61536K, committed 61824K, reserved 1114112K
  class space    used 6839K, committed 6976K, reserved 1048576K
}
Event: 32.880 GC heap before
{Heap before GC invocations=23 (full 0):
 garbage-first heap   total 178176K, used 140230K [0x00000000a2200000, 0x0000000100000000)
  region size 1024K, 59 young (60416K), 7 survivors (7168K)
 Metaspace       used 67267K, committed 67520K, reserved 1114112K
  class space    used 7662K, committed 7744K, reserved 1048576K
}
Event: 32.891 GC heap after
{Heap after GC invocations=24 (full 0):
 garbage-first heap   total 178176K, used 91110K [0x00000000a2200000, 0x0000000100000000)
  region size 1024K, 4 young (4096K), 4 survivors (4096K)
 Metaspace       used 67267K, committed 67520K, reserved 1114112K
  class space    used 7662K, committed 7744K, reserved 1048576K
}
Event: 33.886 GC heap before
{Heap before GC invocations=24 (full 0):
 garbage-first heap   total 178176K, used 142310K [0x00000000a2200000, 0x0000000100000000)
  region size 1024K, 54 young (55296K), 4 survivors (4096K)
 Metaspace       used 73994K, committed 74240K, reserved 1179648K
  class space    used 8371K, committed 8448K, reserved 1048576K
}
Event: 33.895 GC heap after
{Heap after GC invocations=25 (full 0):
 garbage-first heap   total 178176K, used 94532K [0x00000000a2200000, 0x0000000100000000)
  region size 1024K, 7 young (7168K), 7 survivors (7168K)
 Metaspace       used 73994K, committed 74240K, reserved 1179648K
  class space    used 8371K, committed 8448K, reserved 1048576K
}
Event: 34.342 GC heap before
{Heap before GC invocations=25 (full 0):
 garbage-first heap   total 178176K, used 144708K [0x00000000a2200000, 0x0000000100000000)
  region size 1024K, 56 young (57344K), 7 survivors (7168K)
 Metaspace       used 74238K, committed 74496K, reserved 1179648K
  class space    used 8373K, committed 8448K, reserved 1048576K
}
Event: 34.352 GC heap after
{Heap after GC invocations=26 (full 0):
 garbage-first heap   total 178176K, used 98385K [0x00000000a2200000, 0x0000000100000000)
  region size 1024K, 4 young (4096K), 4 survivors (4096K)
 Metaspace       used 74238K, committed 74496K, reserved 1179648K
  class space    used 8373K, committed 8448K, reserved 1048576K
}
Event: 34.632 GC heap before
{Heap before GC invocations=26 (full 0):
 garbage-first heap   total 178176K, used 145489K [0x00000000a2200000, 0x0000000100000000)
  region size 1024K, 50 young (51200K), 4 survivors (4096K)
 Metaspace       used 74299K, committed 74560K, reserved 1179648K
  class space    used 8373K, committed 8448K, reserved 1048576K
}
Event: 34.638 GC heap after
{Heap after GC invocations=27 (full 0):
 garbage-first heap   total 178176K, used 101042K [0x00000000a2200000, 0x0000000100000000)
  region size 1024K, 7 young (7168K), 7 survivors (7168K)
 Metaspace       used 74299K, committed 74560K, reserved 1179648K
  class space    used 8373K, committed 8448K, reserved 1048576K
}
Event: 34.908 GC heap before
{Heap before GC invocations=27 (full 0):
 garbage-first heap   total 178176K, used 147122K [0x00000000a2200000, 0x0000000100000000)
  region size 1024K, 52 young (53248K), 7 survivors (7168K)
 Metaspace       used 74349K, committed 74560K, reserved 1179648K
  class space    used 8374K, committed 8448K, reserved 1048576K
}
Event: 34.916 GC heap after
{Heap after GC invocations=28 (full 0):
 garbage-first heap   total 178176K, used 104185K [0x00000000a2200000, 0x0000000100000000)
  region size 1024K, 7 young (7168K), 7 survivors (7168K)
 Metaspace       used 74349K, committed 74560K, reserved 1179648K
  class space    used 8374K, committed 8448K, reserved 1048576K
}
Event: 35.377 GC heap before
{Heap before GC invocations=28 (full 0):
 garbage-first heap   total 178176K, used 148217K [0x00000000a2200000, 0x0000000100000000)
  region size 1024K, 50 young (51200K), 7 survivors (7168K)
 Metaspace       used 75669K, committed 75968K, reserved 1179648K
  class space    used 8509K, committed 8640K, reserved 1048576K
}

Dll operation events (2 events):
Event: 0.194 Loaded shared library C:\Program Files\Android\Android Studio\jbr\bin\java.dll
Event: 12.414 Loaded shared library C:\Program Files\Android\Android Studio\jbr\bin\verify.dll

Deoptimization events (20 events):
Event: 35.183 Thread 0x00000234423ba220 DEOPT PACKING pc=0x000002344d8e2fc4 sp=0x000000539c6fde20
Event: 35.183 Thread 0x00000234423ba220 DEOPT UNPACKING pc=0x000002344ce169a3 sp=0x000000539c6fdd98 mode 2
Event: 35.203 Thread 0x00000234423ba220 Uncommon trap: trap_request=0xffffff45 fr.pc=0x000002344d8fbc04 relative=0x00000000000001e4
Event: 35.203 Thread 0x00000234423ba220 Uncommon trap: reason=unstable_if action=reinterpret pc=0x000002344d8fbc04 method=org.jetbrains.kotlin.utils.ThreadLocalDelegate.getValue(Ljava/lang/Object;Lkotlin/reflect/KProperty;)Ljava/lang/Object; @ 31 c2
Event: 35.203 Thread 0x00000234423ba220 DEOPT PACKING pc=0x000002344d8fbc04 sp=0x000000539c6fe0f0
Event: 35.203 Thread 0x00000234423ba220 DEOPT UNPACKING pc=0x000002344ce169a3 sp=0x000000539c6fe048 mode 2
Event: 35.205 Thread 0x00000234423ba220 DEOPT PACKING pc=0x0000023447776e4c sp=0x000000539c6fe140
Event: 35.205 Thread 0x00000234423ba220 DEOPT UNPACKING pc=0x000002344ce17143 sp=0x000000539c6fd5e8 mode 0
Event: 35.231 Thread 0x00000234423ba220 Uncommon trap: trap_request=0xffffff45 fr.pc=0x000002344d8c87ec relative=0x00000000000002cc
Event: 35.231 Thread 0x00000234423ba220 Uncommon trap: reason=unstable_if action=reinterpret pc=0x000002344d8c87ec method=org.jetbrains.kotlin.ir.util.IdSignature$PublicSignature.equals(Ljava/lang/Object;)Z @ 21 c2
Event: 35.231 Thread 0x00000234423ba220 DEOPT PACKING pc=0x000002344d8c87ec sp=0x000000539c6fd9b0
Event: 35.231 Thread 0x00000234423ba220 DEOPT UNPACKING pc=0x000002344ce169a3 sp=0x000000539c6fd940 mode 2
Event: 35.315 Thread 0x00000234423ba220 Uncommon trap: trap_request=0xffffffde fr.pc=0x000002344d85c3c8 relative=0x0000000000000368
Event: 35.315 Thread 0x00000234423ba220 Uncommon trap: reason=class_check action=maybe_recompile pc=0x000002344d85c3c8 method=kotlin.collections.CollectionsKt___CollectionsKt.firstOrNull(Ljava/lang/Iterable;)Ljava/lang/Object; @ 41 c2
Event: 35.315 Thread 0x00000234423ba220 DEOPT PACKING pc=0x000002344d85c3c8 sp=0x000000539c6f94c0
Event: 35.315 Thread 0x00000234423ba220 DEOPT UNPACKING pc=0x000002344ce169a3 sp=0x000000539c6f9470 mode 2
Event: 35.315 Thread 0x00000234423ba220 Uncommon trap: trap_request=0xffffffde fr.pc=0x000002344d85c3c8 relative=0x0000000000000368
Event: 35.315 Thread 0x00000234423ba220 Uncommon trap: reason=class_check action=maybe_recompile pc=0x000002344d85c3c8 method=kotlin.collections.CollectionsKt___CollectionsKt.firstOrNull(Ljava/lang/Iterable;)Ljava/lang/Object; @ 41 c2
Event: 35.315 Thread 0x00000234423ba220 DEOPT PACKING pc=0x000002344d85c3c8 sp=0x000000539c6f94e0
Event: 35.315 Thread 0x00000234423ba220 DEOPT UNPACKING pc=0x000002344ce169a3 sp=0x000000539c6f9490 mode 2

Classes unloaded (0 events):
No events

Classes redefined (0 events):
No events

Internal exceptions (20 events):
Event: 27.248 Thread 0x00000234423ba220 Exception <a 'java/lang/NoSuchMethodError'{0x00000000aa2094b0}: 'java.lang.Object java.lang.invoke.DirectMethodHandle$Holder.newInvokeSpecial(java.lang.Object, int, java.lang.Object)'> (0x00000000aa2094b0) 
thrown [s\src\hotspot\share\interpreter\linkResolver.cpp, line 771]
Event: 27.507 Thread 0x00000234423ba220 Implicit null exception at 0x000002344d6a319c to 0x000002344d6a3b1c
Event: 28.191 Thread 0x00000234423ba220 Implicit null exception at 0x000002344d57b650 to 0x000002344d57c210
Event: 28.206 Thread 0x00000234423ba220 Implicit null exception at 0x000002344d378555 to 0x000002344d378b14
Event: 28.216 Thread 0x00000234423ba220 Implicit null exception at 0x000002344d37b4d2 to 0x000002344d37ba7c
Event: 31.968 Thread 0x00000234423ba220 Implicit null exception at 0x000002344d618b56 to 0x000002344d618db0
Event: 31.971 Thread 0x00000234423ba220 Implicit null exception at 0x000002344d5fe6b4 to 0x000002344d5fef18
Event: 32.030 Thread 0x00000234423ba220 Implicit null exception at 0x000002344d917d33 to 0x000002344d917e8c
Event: 32.071 Thread 0x00000234423ba220 Exception <a 'java/lang/NoSuchMethodError'{0x00000000ac87fa60}: 'int java.lang.invoke.DirectMethodHandle$Holder.invokeVirtual(java.lang.Object, java.lang.Object, java.lang.Object)'> (0x00000000ac87fa60) 
thrown [s\src\hotspot\share\interpreter\linkResolver.cpp, line 771]
Event: 32.080 Thread 0x00000234423ba220 Exception <a 'java/lang/NoSuchMethodError'{0x00000000ac8ca9d0}: 'java.lang.Object java.lang.invoke.DirectMethodHandle$Holder.invokeStatic(java.lang.Object, java.lang.Object, java.lang.Object, java.lang.Object, int)'> (0x00000000ac8ca9d0) 
thrown [s\src\hotspot\share\interpreter\linkResolver.cpp, line 771]
Event: 32.081 Thread 0x00000234423ba220 Exception <a 'java/lang/NoSuchMethodError'{0x00000000ac8d56a8}: 'java.lang.Object java.lang.invoke.DirectMethodHandle$Holder.newInvokeSpecial(java.lang.Object, java.lang.Object, java.lang.Object, java.lang.Object, int)'> (0x00000000ac8d56a8) 
thrown [s\src\hotspot\share\interpreter\linkResolver.cpp, line 771]
Event: 32.081 Thread 0x00000234423ba220 Exception <a 'java/lang/NoSuchMethodError'{0x00000000ac8db470}: 'java.lang.Object java.lang.invoke.DirectMethodHandle$Holder.invokeSpecial(java.lang.Object, java.lang.Object, java.lang.Object, java.lang.Object, java.lang.Object, int)'> (0x00000000ac8db470) 
thrown [s\src\hotspot\share\interpreter\linkResolver.cpp, line 771]
Event: 32.082 Thread 0x00000234423ba220 Exception <a 'java/lang/NoSuchMethodError'{0x00000000ac8e0be8}: 'java.lang.Object java.lang.invoke.Invokers$Holder.linkToTargetMethod(java.lang.Object, java.lang.Object, java.lang.Object, int, java.lang.Object)'> (0x00000000ac8e0be8) 
thrown [s\src\hotspot\share\interpreter\linkResolver.cpp, line 771]
Event: 32.553 Thread 0x00000234423ba220 Implicit null exception at 0x000002344d41c0ea to 0x000002344d41c290
Event: 32.743 Thread 0x00000234423ba220 Implicit null exception at 0x000002344da0d5dc to 0x000002344da0da94
Event: 32.743 Thread 0x00000234423ba220 Implicit null exception at 0x000002344d5e3318 to 0x000002344d5e3660
Event: 32.743 Thread 0x00000234423ba220 Implicit null exception at 0x000002344d750f55 to 0x000002344d751124
Event: 33.052 Thread 0x00000234423ba220 Implicit null exception at 0x000002344d4c3c62 to 0x000002344d4c3ff0
Event: 33.053 Thread 0x00000234423ba220 Implicit null exception at 0x000002344d4c25d3 to 0x000002344d4c290c
Event: 33.413 Thread 0x00000234423ba220 Implicit null exception at 0x000002344d3c19ed to 0x000002344d3c1c18

VM Operations (20 events):
Event: 35.132 Executing VM operation: HandshakeAllThreads done
Event: 35.134 Executing VM operation: HandshakeAllThreads
Event: 35.134 Executing VM operation: HandshakeAllThreads done
Event: 35.139 Executing VM operation: HandshakeAllThreads
Event: 35.139 Executing VM operation: HandshakeAllThreads done
Event: 35.171 Executing VM operation: ICBufferFull
Event: 35.171 Executing VM operation: ICBufferFull done
Event: 35.205 Executing VM operation: HandshakeAllThreads
Event: 35.205 Executing VM operation: HandshakeAllThreads done
Event: 35.224 Executing VM operation: HandshakeAllThreads
Event: 35.224 Executing VM operation: HandshakeAllThreads done
Event: 35.255 Executing VM operation: HandshakeAllThreads
Event: 35.255 Executing VM operation: HandshakeAllThreads done
Event: 35.257 Executing VM operation: HandshakeAllThreads
Event: 35.257 Executing VM operation: HandshakeAllThreads done
Event: 35.286 Executing VM operation: HandshakeAllThreads
Event: 35.286 Executing VM operation: HandshakeAllThreads done
Event: 35.309 Executing VM operation: HandshakeAllThreads
Event: 35.309 Executing VM operation: HandshakeAllThreads done
Event: 35.376 Executing VM operation: G1CollectForAllocation

Events (20 events):
Event: 35.033 Thread 0x000002345b4de7d0 flushing nmethod 0x000002344768e690
Event: 35.033 Thread 0x000002345b4de7d0 flushing nmethod 0x0000023447690b10
Event: 35.033 Thread 0x000002345b4de7d0 flushing nmethod 0x000002344769bb90
Event: 35.033 Thread 0x000002345b4de7d0 flushing nmethod 0x00000234476a5990
Event: 35.033 Thread 0x000002345b4de7d0 flushing nmethod 0x00000234476a8a90
Event: 35.033 Thread 0x000002345b4de7d0 flushing nmethod 0x00000234476be490
Event: 35.034 Thread 0x000002345b4de7d0 flushing nmethod 0x0000023447724f10
Event: 35.034 Thread 0x000002345b4de7d0 flushing nmethod 0x000002344774da10
Event: 35.034 Thread 0x000002345b4de7d0 flushing nmethod 0x000002344774f790
Event: 35.034 Thread 0x000002345b4de7d0 flushing nmethod 0x0000023447752410
Event: 35.034 Thread 0x000002345b4de7d0 flushing nmethod 0x0000023447756590
Event: 35.034 Thread 0x000002345b4de7d0 flushing nmethod 0x000002344775c090
Event: 35.034 Thread 0x000002345b4de7d0 flushing nmethod 0x000002344775d390
Event: 35.034 Thread 0x000002345b4de7d0 flushing nmethod 0x000002344775e790
Event: 35.034 Thread 0x000002345b4de7d0 flushing nmethod 0x000002344775fd10
Event: 35.034 Thread 0x000002345b4de7d0 flushing nmethod 0x000002344776e790
Event: 35.035 Thread 0x000002345b4de7d0 flushing nmethod 0x000002344783f210
Event: 35.035 Thread 0x000002345b4de7d0 flushing nmethod 0x000002344788d310
Event: 35.089 loading class java/util/regex/Pattern$1
Event: 35.089 loading class java/util/regex/Pattern$1 done


Dynamic libraries:
0x00007ff728c10000 - 0x00007ff728c1a000 	C:\Program Files\Android\Android Studio\jbr\bin\java.exe
0x00007ffb2fe70000 - 0x00007ffb30087000 	C:\WINDOWS\SYSTEM32\ntdll.dll
0x00007ffb2e560000 - 0x00007ffb2e624000 	C:\WINDOWS\System32\KERNEL32.DLL
0x00007ffb2d660000 - 0x00007ffb2da0c000 	C:\WINDOWS\System32\KERNELBASE.dll
0x00007ffb2da90000 - 0x00007ffb2dba1000 	C:\WINDOWS\System32\ucrtbase.dll
0x00007ffb0bf50000 - 0x00007ffb0bf6b000 	C:\Program Files\Android\Android Studio\jbr\bin\VCRUNTIME140.dll
0x00007ffb00990000 - 0x00007ffb009a7000 	C:\Program Files\Android\Android Studio\jbr\bin\jli.dll
0x00007ffb2e630000 - 0x00007ffb2e7de000 	C:\WINDOWS\System32\USER32.dll
0x00007ffb2d430000 - 0x00007ffb2d456000 	C:\WINDOWS\System32\win32u.dll
0x00007ffb2f3e0000 - 0x00007ffb2f409000 	C:\WINDOWS\System32\GDI32.dll
0x00007ffb2d1a0000 - 0x00007ffb2d2b9000 	C:\WINDOWS\System32\gdi32full.dll
0x00007ffb2d5c0000 - 0x00007ffb2d65a000 	C:\WINDOWS\System32\msvcp_win.dll
0x00007ffb126e0000 - 0x00007ffb12973000 	C:\WINDOWS\WinSxS\amd64_microsoft.windows.common-controls_6595b64144ccf1df_6.0.22621.3672_none_2713b9d173822955\COMCTL32.dll
0x00007ffb2e7f0000 - 0x00007ffb2e897000 	C:\WINDOWS\System32\msvcrt.dll
0x00007ffb2e290000 - 0x00007ffb2e2c1000 	C:\WINDOWS\System32\IMM32.DLL
0x00007ffb0e4c0000 - 0x00007ffb0e4cc000 	C:\Program Files\Android\Android Studio\jbr\bin\vcruntime140_1.dll
0x00007ffaee5a0000 - 0x00007ffaee62d000 	C:\Program Files\Android\Android Studio\jbr\bin\msvcp140.dll
0x00007ffaef740000 - 0x00007ffaf03c3000 	C:\Program Files\Android\Android Studio\jbr\bin\server\jvm.dll
0x00007ffb2ed80000 - 0x00007ffb2ee32000 	C:\WINDOWS\System32\ADVAPI32.dll
0x00007ffb2f060000 - 0x00007ffb2f10a000 	C:\WINDOWS\System32\sechost.dll
0x00007ffb2d4d0000 - 0x00007ffb2d4f8000 	C:\WINDOWS\System32\bcrypt.dll
0x00007ffb2ef40000 - 0x00007ffb2f055000 	C:\WINDOWS\System32\RPCRT4.dll
0x00007ffb26a00000 - 0x00007ffb26a34000 	C:\WINDOWS\SYSTEM32\WINMM.dll
0x00007ffb252c0000 - 0x00007ffb252ca000 	C:\WINDOWS\SYSTEM32\VERSION.dll
0x00007ffb2d060000 - 0x00007ffb2d0ad000 	C:\WINDOWS\SYSTEM32\POWRPROF.dll
0x00007ffb0ea40000 - 0x00007ffb0ea49000 	C:\WINDOWS\SYSTEM32\WSOCK32.dll
0x00007ffb2f170000 - 0x00007ffb2f1e1000 	C:\WINDOWS\System32\ws2_32.DLL
0x00007ffb2d040000 - 0x00007ffb2d053000 	C:\WINDOWS\SYSTEM32\UMPDC.dll
0x00007ffb2c1d0000 - 0x00007ffb2c1e8000 	C:\WINDOWS\SYSTEM32\kernel.appcore.dll
0x00007ffb0e7a0000 - 0x00007ffb0e7aa000 	C:\Program Files\Android\Android Studio\jbr\bin\jimage.dll
0x00007ffb2abc0000 - 0x00007ffb2adf2000 	C:\WINDOWS\SYSTEM32\DBGHELP.DLL
0x00007ffb2dc20000 - 0x00007ffb2dfa8000 	C:\WINDOWS\System32\combase.dll
0x00007ffb2e1b0000 - 0x00007ffb2e287000 	C:\WINDOWS\System32\OLEAUT32.dll
0x00007ffb1d7f0000 - 0x00007ffb1d822000 	C:\WINDOWS\SYSTEM32\dbgcore.DLL
0x00007ffb2da10000 - 0x00007ffb2da8b000 	C:\WINDOWS\System32\bcryptPrimitives.dll
0x00007ffb00c20000 - 0x00007ffb00c45000 	C:\Program Files\Android\Android Studio\jbr\bin\java.dll
0x00007ffb01c00000 - 0x00007ffb01c18000 	C:\Program Files\Android\Android Studio\jbr\bin\zip.dll
0x00007ffb2f5d0000 - 0x00007ffb2fe2c000 	C:\WINDOWS\System32\SHELL32.dll
0x00007ffb2b0f0000 - 0x00007ffb2b9e7000 	C:\WINDOWS\SYSTEM32\windows.storage.dll
0x00007ffb2afb0000 - 0x00007ffb2b0ef000 	C:\WINDOWS\SYSTEM32\wintypes.dll
0x00007ffb2ee40000 - 0x00007ffb2ef34000 	C:\WINDOWS\System32\SHCORE.dll
0x00007ffb2f110000 - 0x00007ffb2f16e000 	C:\WINDOWS\System32\shlwapi.dll
0x00007ffb2d0d0000 - 0x00007ffb2d0f1000 	C:\WINDOWS\SYSTEM32\profapi.dll
0x00007ffb00c00000 - 0x00007ffb00c19000 	C:\Program Files\Android\Android Studio\jbr\bin\net.dll
0x00007ffb29660000 - 0x00007ffb29796000 	C:\WINDOWS\SYSTEM32\WINHTTP.dll
0x00007ffb2c640000 - 0x00007ffb2c6a9000 	C:\WINDOWS\system32\mswsock.dll
0x00007ffb009c0000 - 0x00007ffb009d6000 	C:\Program Files\Android\Android Studio\jbr\bin\nio.dll
0x00007ffb0bf30000 - 0x00007ffb0bf40000 	C:\Program Files\Android\Android Studio\jbr\bin\verify.dll

dbghelp: loaded successfully - version: 4.0.5 - missing functions: none
symbol engine: initialized successfully - sym options: 0x614 - pdb path: .;C:\Program Files\Android\Android Studio\jbr\bin;C:\WINDOWS\SYSTEM32;C:\WINDOWS\WinSxS\amd64_microsoft.windows.common-controls_6595b64144ccf1df_6.0.22621.3672_none_2713b9d173822955;C:\Program Files\Android\Android Studio\jbr\bin\server

VM Arguments:
java_command: org.jetbrains.kotlin.cli.jvm.K2JVMCompiler @C:\Users\aksha\Downloads\CAMPUS-NAVIGATION-main\CAMPUS-NAVIGATION-main\app\build\20240617_162749690711235192.compiler.options
java_class_path (initial): C:\Users\aksha\.gradle\caches\modules-2\files-2.1\org.jetbrains.kotlin\kotlin-compiler-embeddable\1.5.21\40ddbcae9ff100473f95370c2d589ba3fc48eed5\kotlin-compiler-embeddable-1.5.21.jar;C:\Users\aksha\.gradle\caches\modules-2\files-2.1\org.jetbrains.kotlin\kotlin-reflect\1.5.21\802f1f39735ae1eb2b75714a40fa19bb2e687e96\kotlin-reflect-1.5.21.jar;C:\Users\aksha\.gradle\caches\modules-2\files-2.1\org.jetbrains.kotlin\kotlin-stdlib\1.5.21\2f537cad7e9eeb9da73738c8812e1e4cf9b62e4e\kotlin-stdlib-1.5.21.jar;C:\Users\aksha\.gradle\caches\modules-2\files-2.1\org.jetbrains.kotlin\kotlin-script-runtime\1.5.21\96d49e89873fde985750af354b6eabb60cfa999b\kotlin-script-runtime-1.5.21.jar;C:\Users\aksha\.gradle\caches\modules-2\files-2.1\org.jetbrains.kotlin\kotlin-daemon-embeddable\1.5.21\17255809e66a940dfdf6289bccbdfb5a09f3145\kotlin-daemon-embeddable-1.5.21.jar;C:\Users\aksha\.gradle\caches\modules-2\files-2.1\org.jetbrains.intellij.deps\trove4j\1.0.20181211\216c2e14b070f334479d800987affe4054cd563f\trove4j-1.0.20181211.jar;C:\Users\aksha\.gradle\caches\modules-2\files-2.1\org.jetbrains\annotations\13.0\919f0dfe192fb4e063e7dacadee7f8bb9a2672a9\annotations-13.0.jar;C:\Users\aksha\.gradle\caches\modules-2\files-2.1\org.jetbrains.kotlin\kotlin-stdlib-common\1.5.21\cc8bf3586fd2ebcf234058b9440bb406e62dfacb\kotlin-stdlib-common-1.5.21.jar
Launcher Type: SUN_STANDARD

[Global flags]
     intx CICompilerCount                          = 4                                         {product} {ergonomic}
     uint ConcGCThreads                            = 3                                         {product} {ergonomic}
     uint G1ConcRefinementThreads                  = 10                                        {product} {ergonomic}
   size_t G1HeapRegionSize                         = 1048576                                   {product} {ergonomic}
    uintx GCDrainStackTargetSize                   = 64                                        {product} {ergonomic}
   size_t InitialHeapSize                          = 98566144                                  {product} {ergonomic}
   size_t MarkStackSize                            = 4194304                                   {product} {ergonomic}
   size_t MaxHeapSize                              = 1574961152                                {product} {ergonomic}
   size_t MaxNewSize                               = 944766976                                 {product} {ergonomic}
   size_t MinHeapDeltaBytes                        = 1048576                                   {product} {ergonomic}
   size_t MinHeapSize                              = 8388608                                   {product} {ergonomic}
    uintx NonNMethodCodeHeapSize                   = 5839372                                {pd product} {ergonomic}
    uintx NonProfiledCodeHeapSize                  = 122909434                              {pd product} {ergonomic}
    uintx ProfiledCodeHeapSize                     = 122909434                              {pd product} {ergonomic}
    uintx ReservedCodeCacheSize                    = 251658240                              {pd product} {ergonomic}
     bool SegmentedCodeCache                       = true                                      {product} {ergonomic}
   size_t SoftMaxHeapSize                          = 1574961152                             {manageable} {ergonomic}
     bool UseCompressedClassPointers               = true                           {product lp64_product} {ergonomic}
     bool UseCompressedOops                        = true                           {product lp64_product} {ergonomic}
     bool UseG1GC                                  = true                                      {product} {ergonomic}
     bool UseLargePagesIndividualAllocation        = false                                  {pd product} {ergonomic}

Logging:
Log output configuration:
 #0: stdout all=warning uptime,level,tags
 #1: stderr all=off uptime,level,tags

Environment Variables:
PATH=C:\WINDOWS\system32;C:\WINDOWS;C:\WINDOWS\System32\Wbem;C:\WINDOWS\System32\WindowsPowerShell\v1.0\;C:\WINDOWS\System32\OpenSSH\;C:\MinGW\bin;C:\Users\aksha\OneDrive\Desktop\VS;C:\Program Files\Git\cmd;C:\Program Files\MySQL\MySQL Server 8.0\bin;C:\Program Files\MySQL\MySQL Shell 8.0\bin\;C:\Users\aksha\AppData\Local\Programs\Python\Python311\Scripts\;C:\Users\aksha\AppData\Local\Programs\Python\Python311\;C:\Users\aksha\AppData\Local\Programs\Python\Launcher\;C:\Users\aksha\AppData\Local\Microsoft\WindowsApps;C:\MinGW\bin;C:\Users\aksha\AppData\Local\Programs\Microsoft VS Code\bin;C:\Users\aksha\AppData\Local\GitHubDesktop\bin
USERNAME=aksha
OS=Windows_NT
PROCESSOR_IDENTIFIER=AMD64 Family 23 Model 104 Stepping 1, AuthenticAMD
TMP=C:\Users\aksha\AppData\Local\Temp
TEMP=C:\Users\aksha\AppData\Local\Temp



Periodic native trim disabled

JNI global refs:
JNI global refs: 13, weak refs: 41

JNI global refs memory usage: 843, weak refs: 841

OOME stack traces (most recent first):
Classloader memory used:
Loader jdk.internal.loader.ClassLoaders$AppClassLoader                                 : 7679K
Loader bootstrap                                                                       : 1645K
Loader java.net.URLClassLoader                                                         : 77643B
Loader jdk.internal.loader.ClassLoaders$PlatformClassLoader                            : 34452B
Loader jdk.internal.reflect.DelegatingClassLoader                                      : 24201B


---------------  S Y S T E M  ---------------

OS:
 Windows 11 , 64 bit Build 22621 (10.0.22621.3672)
OS uptime: 1 days 11:17 hours

CPU: total 12 (initial active 12) (12 cores per cpu, 2 threads per core) family 23 model 104 stepping 1 microcode 0x0, cx8, cmov, fxsr, ht, mmx, 3dnowpref, sse, sse2, sse3, ssse3, sse4a, sse4.1, sse4.2, popcnt, lzcnt, tsc, tscinvbit, avx, avx2, aes, clmul, bmi1, bmi2, adx, sha, fma, vzeroupper, clflush, clflushopt
Processor Information for processor 0
  Max Mhz: 2100, Current Mhz: 2100, Mhz Limit: 2100
Processor Information for processor 1
  Max Mhz: 2100, Current Mhz: 2100, Mhz Limit: 2100
Processor Information for processor 2
  Max Mhz: 2100, Current Mhz: 2100, Mhz Limit: 2100
Processor Information for processor 3
  Max Mhz: 2100, Current Mhz: 1813, Mhz Limit: 2100
Processor Information for processor 4
  Max Mhz: 2100, Current Mhz: 2100, Mhz Limit: 2100
Processor Information for processor 5
  Max Mhz: 2100, Current Mhz: 1813, Mhz Limit: 2100
Processor Information for processor 6
  Max Mhz: 2100, Current Mhz: 2100, Mhz Limit: 2100
Processor Information for processor 7
  Max Mhz: 2100, Current Mhz: 2100, Mhz Limit: 2100
Processor Information for processor 8
  Max Mhz: 2100, Current Mhz: 2100, Mhz Limit: 2100
Processor Information for processor 9
  Max Mhz: 2100, Current Mhz: 2100, Mhz Limit: 2100
Processor Information for processor 10
  Max Mhz: 2100, Current Mhz: 1813, Mhz Limit: 2100
Processor Information for processor 11
  Max Mhz: 2100, Current Mhz: 1813, Mhz Limit: 2100

Memory: 4k page, system-wide physical 6005M (748M free)
TotalPageFile size 24433M (AvailPageFile size 96M)
current process WorkingSet (physical memory assigned to process): 404M, peak: 420M
current process commit charge ("private bytes"): 459M, peak: 612M

vm_info: OpenJDK 64-Bit Server VM (17.0.10+0--11572160) for windows-amd64 JRE (17.0.10+0--11572160), built on Mar 13 2024 23:56:38 by "androidbuild" with MS VC++ 16.10 / 16.11 (VS2019)

END.
