#
# There is insufficient memory for the Java Runtime Environment to continue.
# Native memory allocation (mmap) failed to map 93323264 bytes for G1 virtual space
# Possible reasons:
#   The system is out of physical RAM or swap space
#   The process is running with CompressedOops enabled, and the Java Heap may be blocking the growth of the native heap
# Possible solutions:
#   Reduce memory load on the system
#   Increase physical memory or swap space
#   Check if swap backing store is full
#   Decrease Java heap size (-Xmx/-Xms)
#   Decrease number of Java threads
#   Decrease Java thread stack sizes (-Xss)
#   Set larger code cache with -XX:ReservedCodeCacheSize=
#   JVM is running with Unscaled Compressed Oops mode in which the Java heap is
#     placed in the first 4GB address space. The Java Heap base address is the
#     maximum limit for the native heap growth. Please use -XX:HeapBaseMinAddress
#     to set the Java Heap base and to place the Java Heap above 4GB virtual address.
# This output file may be truncated or incomplete.
#
#  Out of Memory Error (os_windows.cpp:3825), pid=7288, tid=9844
#
# JRE version: OpenJDK Runtime Environment (17.0.10) (build 17.0.10+0--11572160)
# Java VM: OpenJDK 64-Bit Server VM (17.0.10+0--11572160, mixed mode, tiered, compressed oops, compressed class ptrs, g1 gc, windows-amd64)
# No core dump will be written. Minidumps are not enabled by default on client versions of Windows
#

---------------  S U M M A R Y ------------

Command Line: org.jetbrains.kotlin.cli.jvm.K2JVMCompiler @C:\Users\aksha\Downloads\CAMPUS-NAVIGATION-main\CAMPUS-NAVIGATION-main\app\build\20240617_13908804046277228133.compiler.options

Host: AMD Ryzen 5 5500U with Radeon Graphics         , 12 cores, 5G,  Windows 11 , 64 bit Build 22621 (10.0.22621.3672)
Time: Mon Jun 17 23:12:36 2024 India Standard Time elapsed time: 23.834711 seconds (0d 0h 0m 23s)

---------------  T H R E A D  ---------------

Current thread (0x0000014f7e086b50):  VMThread "VM Thread" [stack: 0x0000004029b00000,0x0000004029c00000] [id=9844]

Stack: [0x0000004029b00000,0x0000004029c00000]
Native frames: (J=compiled Java code, j=interpreted, Vv=VM code, C=native code)
V  [jvm.dll+0x688e89]
V  [jvm.dll+0x84247a]
V  [jvm.dll+0x8440be]
V  [jvm.dll+0x844723]
V  [jvm.dll+0x24be0f]
V  [jvm.dll+0x685c59]
V  [jvm.dll+0x67a50a]
V  [jvm.dll+0x30cbab]
V  [jvm.dll+0x314056]
V  [jvm.dll+0x363dce]
V  [jvm.dll+0x363fff]
V  [jvm.dll+0x2e2978]
V  [jvm.dll+0x2e0b54]
V  [jvm.dll+0x2e015c]
V  [jvm.dll+0x32502b]
V  [jvm.dll+0x848e1b]
V  [jvm.dll+0x849b61]
V  [jvm.dll+0x84a07d]
V  [jvm.dll+0x84a454]
V  [jvm.dll+0x84a520]
V  [jvm.dll+0x7f0d1a]
V  [jvm.dll+0x687d05]
C  [ucrtbase.dll+0x29333]
C  [KERNEL32.DLL+0x1257d]
C  [ntdll.dll+0x5af28]

VM_Operation (0x00000040295fb2c0): G1CollectForAllocation, mode: safepoint, requested by thread 0x0000014f6520b490


---------------  P R O C E S S  ---------------

Threads class SMR info:
_java_thread_list=0x0000014f7fe508f0, length=13, elements={
0x0000014f6520b490, 0x0000014f7e09f280, 0x0000014f7e0a08a0, 0x0000014f7e0adfc0,
0x0000014f7e2f5180, 0x0000014f7e302c10, 0x0000014f7e3021f0, 0x0000014f7e303930,
0x0000014f7e306250, 0x0000014f7e30cd00, 0x0000014f7e303120, 0x0000014f7e3008a0,
0x0000014f7f75b970
}

Java Threads: ( => current thread )
  0x0000014f6520b490 JavaThread "main" [_thread_blocked, id=6240, stack(0x0000004029500000,0x0000004029600000)]
  0x0000014f7e09f280 JavaThread "Reference Handler" daemon [_thread_blocked, id=18988, stack(0x0000004029c00000,0x0000004029d00000)]
  0x0000014f7e0a08a0 JavaThread "Finalizer" daemon [_thread_blocked, id=13424, stack(0x0000004029d00000,0x0000004029e00000)]
  0x0000014f7e0adfc0 JavaThread "Signal Dispatcher" daemon [_thread_blocked, id=5208, stack(0x0000004029e00000,0x0000004029f00000)]
  0x0000014f7e2f5180 JavaThread "Attach Listener" daemon [_thread_blocked, id=16732, stack(0x0000004029f00000,0x000000402a000000)]
  0x0000014f7e302c10 JavaThread "Service Thread" daemon [_thread_blocked, id=14632, stack(0x000000402a000000,0x000000402a100000)]
  0x0000014f7e3021f0 JavaThread "Monitor Deflation Thread" daemon [_thread_blocked, id=8500, stack(0x000000402a100000,0x000000402a200000)]
  0x0000014f7e303930 JavaThread "C2 CompilerThread0" daemon [_thread_blocked, id=9936, stack(0x000000402a200000,0x000000402a300000)]
  0x0000014f7e306250 JavaThread "C1 CompilerThread0" daemon [_thread_blocked, id=19032, stack(0x000000402a300000,0x000000402a400000)]
  0x0000014f7e30cd00 JavaThread "Sweeper thread" daemon [_thread_blocked, id=20468, stack(0x000000402a400000,0x000000402a500000)]
  0x0000014f7e303120 JavaThread "Notification Thread" daemon [_thread_blocked, id=22272, stack(0x000000402a500000,0x000000402a600000)]
  0x0000014f7e3008a0 JavaThread "Common-Cleaner" daemon [_thread_blocked, id=17340, stack(0x000000402a700000,0x000000402a800000)]
  0x0000014f7f75b970 JavaThread "C2 CompilerThread1" daemon [_thread_blocked, id=8728, stack(0x000000402b300000,0x000000402b400000)]

Other Threads:
=>0x0000014f7e086b50 VMThread "VM Thread" [stack: 0x0000004029b00000,0x0000004029c00000] [id=9844]
  0x0000014f7e46d480 WatcherThread [stack: 0x000000402a600000,0x000000402a700000] [id=14884]
  0x0000014f65258550 GCTaskThread "GC Thread#0" [stack: 0x0000004029600000,0x0000004029700000] [id=21848]
  0x0000014f7ea13050 GCTaskThread "GC Thread#1" [stack: 0x000000402a800000,0x000000402a900000] [id=13460]
  0x0000014f7ea5b530 GCTaskThread "GC Thread#2" [stack: 0x000000402a900000,0x000000402aa00000] [id=11728]
  0x0000014f7ea5b7f0 GCTaskThread "GC Thread#3" [stack: 0x000000402aa00000,0x000000402ab00000] [id=10248]
  0x0000014f7ea5bab0 GCTaskThread "GC Thread#4" [stack: 0x000000402ab00000,0x000000402ac00000] [id=21172]
  0x0000014f7f114d70 GCTaskThread "GC Thread#5" [stack: 0x000000402ac00000,0x000000402ad00000] [id=3444]
  0x0000014f7f115440 GCTaskThread "GC Thread#6" [stack: 0x000000402ad00000,0x000000402ae00000] [id=4620]
  0x0000014f7f115700 GCTaskThread "GC Thread#7" [stack: 0x000000402ae00000,0x000000402af00000] [id=21296]
  0x0000014f7f1159c0 GCTaskThread "GC Thread#8" [stack: 0x000000402af00000,0x000000402b000000] [id=21212]
  0x0000014f7f21d030 GCTaskThread "GC Thread#9" [stack: 0x000000402b200000,0x000000402b300000] [id=7796]
  0x0000014f65265800 ConcurrentGCThread "G1 Main Marker" [stack: 0x0000004029700000,0x0000004029800000] [id=20432]
  0x0000014f65266230 ConcurrentGCThread "G1 Conc#0" [stack: 0x0000004029800000,0x0000004029900000] [id=17376]
  0x0000014f7f2185d0 ConcurrentGCThread "G1 Conc#1" [stack: 0x000000402b000000,0x000000402b100000] [id=17200]
  0x0000014f7ea59720 ConcurrentGCThread "G1 Conc#2" [stack: 0x000000402b100000,0x000000402b200000] [id=6640]
  0x0000014f652be1e0 ConcurrentGCThread "G1 Refine#0" [stack: 0x0000004029900000,0x0000004029a00000] [id=12412]
  0x0000014f7f8d2ce0 ConcurrentGCThread "G1 Refine#1" [stack: 0x000000402b400000,0x000000402b500000] [id=21512]
  0x0000014f7f9d10b0 ConcurrentGCThread "G1 Refine#2" [stack: 0x000000402b500000,0x000000402b600000] [id=20304]
  0x0000014f7f9d1bb0 ConcurrentGCThread "G1 Refine#3" [stack: 0x000000402b600000,0x000000402b700000] [id=21028]
  0x0000014f7f9d22b0 ConcurrentGCThread "G1 Refine#4" [stack: 0x000000402b700000,0x000000402b800000] [id=8644]
  0x0000014f05834cc0 ConcurrentGCThread "G1 Refine#5" [stack: 0x000000402b800000,0x000000402b900000] [id=7648]
  0x0000014f0681b570 ConcurrentGCThread "G1 Refine#6" [stack: 0x000000402b900000,0x000000402ba00000] [id=2936]
  0x0000014f652bec10 ConcurrentGCThread "G1 Service" [stack: 0x0000004029a00000,0x0000004029b00000] [id=10572]

Threads with active compile tasks:
C2 CompilerThread0    27082 21767       4       org.jetbrains.kotlin.backend.jvm.codegen.MethodSignatureMapper::mapFunctionName (363 bytes)
C2 CompilerThread1    27082 21754       4       org.jetbrains.kotlin.backend.jvm.codegen.IrTypeMapper::writeGenericType (370 bytes)

VM state: at safepoint (normal execution)

VM Mutex/Monitor currently owned by a thread:  ([mutex/lock_event])
[0x0000014f651f7360] Threads_lock - owner thread: 0x0000014f7e086b50
[0x0000014f65206770] Heap_lock - owner thread: 0x0000014f6520b490

Heap address: 0x00000000a2200000, size: 1502 MB, Compressed Oops mode: 32-bit

CDS archive(s) not mapped
Compressed class space mapped at: 0x0000000100000000-0x0000000140000000, reserved size: 1073741824
Narrow klass base: 0x0000000000000000, Narrow klass shift: 3, Narrow klass range: 0x140000000

GC Precious Log:
 CPUs: 12 total, 12 available
 Memory: 6005M
 Large Page Support: Disabled
 NUMA Support: Disabled
 Compressed Oops: Enabled (32-bit)
 Heap Region Size: 1M
 Heap Min Capacity: 8M
 Heap Initial Capacity: 94M
 Heap Max Capacity: 1502M
 Pre-touch: Disabled
 Parallel Workers: 10
 Concurrent Workers: 3
 Concurrent Refinement Workers: 10
 Periodic GC: Disabled

Heap:
 garbage-first heap   total 294912K, used 165384K [0x00000000a2200000, 0x0000000100000000)
  region size 1024K, 8 young (8192K), 8 survivors (8192K)
 Metaspace       used 92031K, committed 92224K, reserved 1179648K
  class space    used 9832K, committed 9920K, reserved 1048576K

Heap Regions: E=young(eden), S=young(survivor), O=old, HS=humongous(starts), HC=humongous(continues), CS=collection set, F=free, OA=open archive, CA=closed archive, TAMS=top-at-mark-start (previous, next)
|   0|0x00000000a2200000, 0x00000000a2300000, 0x00000000a2300000|100%|HS|  |TAMS 0x00000000a2300000, 0x00000000a2200000| Complete 
|   1|0x00000000a2300000, 0x00000000a2400000, 0x00000000a2400000|100%|HC|  |TAMS 0x00000000a2400000, 0x00000000a2300000| Complete 
|   2|0x00000000a2400000, 0x00000000a2500000, 0x00000000a2500000|100%|HC|  |TAMS 0x00000000a2500000, 0x00000000a2400000| Complete 
|   3|0x00000000a2500000, 0x00000000a2600000, 0x00000000a2600000|100%| O|  |TAMS 0x00000000a2600000, 0x00000000a2500000| Untracked 
|   4|0x00000000a2600000, 0x00000000a2700000, 0x00000000a2700000|100%| O|  |TAMS 0x00000000a2700000, 0x00000000a2600000| Untracked 
|   5|0x00000000a2700000, 0x00000000a2800000, 0x00000000a2800000|100%| O|  |TAMS 0x00000000a2800000, 0x00000000a2700000| Untracked 
|   6|0x00000000a2800000, 0x00000000a2900000, 0x00000000a2900000|100%|HS|  |TAMS 0x00000000a2900000, 0x00000000a2800000| Complete 
|   7|0x00000000a2900000, 0x00000000a2a00000, 0x00000000a2a00000|100%|HC|  |TAMS 0x00000000a2a00000, 0x00000000a2900000| Complete 
|   8|0x00000000a2a00000, 0x00000000a2b00000, 0x00000000a2b00000|100%|HC|  |TAMS 0x00000000a2b00000, 0x00000000a2a00000| Complete 
|   9|0x00000000a2b00000, 0x00000000a2c00000, 0x00000000a2c00000|100%|HS|  |TAMS 0x00000000a2c00000, 0x00000000a2b00000| Complete 
|  10|0x00000000a2c00000, 0x00000000a2d00000, 0x00000000a2d00000|100%|HC|  |TAMS 0x00000000a2d00000, 0x00000000a2c00000| Complete 
|  11|0x00000000a2d00000, 0x00000000a2e00000, 0x00000000a2e00000|100%|HC|  |TAMS 0x00000000a2e00000, 0x00000000a2d00000| Complete 
|  12|0x00000000a2e00000, 0x00000000a2f00000, 0x00000000a2f00000|100%| O|  |TAMS 0x00000000a2f00000, 0x00000000a2e00000| Untracked 
|  13|0x00000000a2f00000, 0x00000000a3000000, 0x00000000a3000000|100%| O|  |TAMS 0x00000000a3000000, 0x00000000a2f00000| Untracked 
|  14|0x00000000a3000000, 0x00000000a3100000, 0x00000000a3100000|100%| O|  |TAMS 0x00000000a3000000, 0x00000000a3000000| Untracked 
|  15|0x00000000a3100000, 0x00000000a3200000, 0x00000000a3200000|100%| O|  |TAMS 0x00000000a3200000, 0x00000000a3100000| Untracked 
|  16|0x00000000a3200000, 0x00000000a3300000, 0x00000000a3300000|100%| O|  |TAMS 0x00000000a3300000, 0x00000000a3200000| Untracked 
|  17|0x00000000a3300000, 0x00000000a3400000, 0x00000000a3400000|100%| O|  |TAMS 0x00000000a3400000, 0x00000000a3300000| Untracked 
|  18|0x00000000a3400000, 0x00000000a3500000, 0x00000000a3500000|100%| O|  |TAMS 0x00000000a3500000, 0x00000000a3400000| Untracked 
|  19|0x00000000a3500000, 0x00000000a3600000, 0x00000000a3600000|100%| O|  |TAMS 0x00000000a3600000, 0x00000000a3500000| Untracked 
|  20|0x00000000a3600000, 0x00000000a3700000, 0x00000000a3700000|100%| O|  |TAMS 0x00000000a3600000, 0x00000000a3600000| Untracked 
|  21|0x00000000a3700000, 0x00000000a3800000, 0x00000000a3800000|100%| O|  |TAMS 0x00000000a3800000, 0x00000000a3700000| Untracked 
|  22|0x00000000a3800000, 0x00000000a3900000, 0x00000000a3900000|100%| O|  |TAMS 0x00000000a3900000, 0x00000000a3800000| Untracked 
|  23|0x00000000a3900000, 0x00000000a3a00000, 0x00000000a3a00000|100%| O|  |TAMS 0x00000000a3a00000, 0x00000000a3900000| Untracked 
|  24|0x00000000a3a00000, 0x00000000a3b00000, 0x00000000a3b00000|100%| O|  |TAMS 0x00000000a3b00000, 0x00000000a3a00000| Untracked 
|  25|0x00000000a3b00000, 0x00000000a3c00000, 0x00000000a3c00000|100%| O|  |TAMS 0x00000000a3c00000, 0x00000000a3b00000| Untracked 
|  26|0x00000000a3c00000, 0x00000000a3d00000, 0x00000000a3d00000|100%| O|  |TAMS 0x00000000a3d00000, 0x00000000a3c00000| Untracked 
|  27|0x00000000a3d00000, 0x00000000a3e00000, 0x00000000a3e00000|100%| O|  |TAMS 0x00000000a3e00000, 0x00000000a3d00000| Untracked 
|  28|0x00000000a3e00000, 0x00000000a3f00000, 0x00000000a3f00000|100%| O|  |TAMS 0x00000000a3f00000, 0x00000000a3e00000| Untracked 
|  29|0x00000000a3f00000, 0x00000000a4000000, 0x00000000a4000000|100%| O|  |TAMS 0x00000000a4000000, 0x00000000a3f00000| Untracked 
|  30|0x00000000a4000000, 0x00000000a4100000, 0x00000000a4100000|100%| O|  |TAMS 0x00000000a4100000, 0x00000000a4000000| Untracked 
|  31|0x00000000a4100000, 0x00000000a4200000, 0x00000000a4200000|100%| O|  |TAMS 0x00000000a4200000, 0x00000000a4100000| Untracked 
|  32|0x00000000a4200000, 0x00000000a4300000, 0x00000000a4300000|100%| O|  |TAMS 0x00000000a4300000, 0x00000000a4200000| Untracked 
|  33|0x00000000a4300000, 0x00000000a4400000, 0x00000000a4400000|100%|HS|  |TAMS 0x00000000a4400000, 0x00000000a4300000| Complete 
|  34|0x00000000a4400000, 0x00000000a4500000, 0x00000000a4500000|100%|HC|  |TAMS 0x00000000a4500000, 0x00000000a4400000| Complete 
|  35|0x00000000a4500000, 0x00000000a4600000, 0x00000000a4600000|100%| O|  |TAMS 0x00000000a4600000, 0x00000000a4500000| Untracked 
|  36|0x00000000a4600000, 0x00000000a4700000, 0x00000000a4700000|100%| O|  |TAMS 0x00000000a4700000, 0x00000000a4600000| Untracked 
|  37|0x00000000a4700000, 0x00000000a4800000, 0x00000000a4800000|100%| O|  |TAMS 0x00000000a4800000, 0x00000000a4700000| Untracked 
|  38|0x00000000a4800000, 0x00000000a4900000, 0x00000000a4900000|100%| O|  |TAMS 0x00000000a4900000, 0x00000000a4800000| Untracked 
|  39|0x00000000a4900000, 0x00000000a4a00000, 0x00000000a4a00000|100%| O|  |TAMS 0x00000000a4a00000, 0x00000000a4900000| Untracked 
|  40|0x00000000a4a00000, 0x00000000a4b00000, 0x00000000a4b00000|100%| O|  |TAMS 0x00000000a4b00000, 0x00000000a4a00000| Untracked 
|  41|0x00000000a4b00000, 0x00000000a4c00000, 0x00000000a4c00000|100%| O|  |TAMS 0x00000000a4c00000, 0x00000000a4b00000| Untracked 
|  42|0x00000000a4c00000, 0x00000000a4d00000, 0x00000000a4d00000|100%| O|  |TAMS 0x00000000a4d00000, 0x00000000a4c00000| Untracked 
|  43|0x00000000a4d00000, 0x00000000a4e00000, 0x00000000a4e00000|100%| O|  |TAMS 0x00000000a4e00000, 0x00000000a4d00000| Untracked 
|  44|0x00000000a4e00000, 0x00000000a4f00000, 0x00000000a4f00000|100%| O|  |TAMS 0x00000000a4f00000, 0x00000000a4e00000| Untracked 
|  45|0x00000000a4f00000, 0x00000000a5000000, 0x00000000a5000000|100%| O|  |TAMS 0x00000000a5000000, 0x00000000a4f00000| Untracked 
|  46|0x00000000a5000000, 0x00000000a5100000, 0x00000000a5100000|100%| O|  |TAMS 0x00000000a5100000, 0x00000000a5000000| Untracked 
|  47|0x00000000a5100000, 0x00000000a5200000, 0x00000000a5200000|100%| O|  |TAMS 0x00000000a5200000, 0x00000000a5100000| Untracked 
|  48|0x00000000a5200000, 0x00000000a5300000, 0x00000000a5300000|100%| O|  |TAMS 0x00000000a5300000, 0x00000000a5200000| Untracked 
|  49|0x00000000a5300000, 0x00000000a5400000, 0x00000000a5400000|100%| O|  |TAMS 0x00000000a5400000, 0x00000000a5300000| Untracked 
|  50|0x00000000a5400000, 0x00000000a5500000, 0x00000000a5500000|100%| O|  |TAMS 0x00000000a5500000, 0x00000000a5400000| Untracked 
|  51|0x00000000a5500000, 0x00000000a5600000, 0x00000000a5600000|100%| O|  |TAMS 0x00000000a5600000, 0x00000000a5500000| Untracked 
|  52|0x00000000a5600000, 0x00000000a5700000, 0x00000000a5700000|100%| O|  |TAMS 0x00000000a5700000, 0x00000000a5600000| Untracked 
|  53|0x00000000a5700000, 0x00000000a5800000, 0x00000000a5800000|100%| O|  |TAMS 0x00000000a5800000, 0x00000000a5700000| Untracked 
|  54|0x00000000a5800000, 0x00000000a5900000, 0x00000000a5900000|100%| O|  |TAMS 0x00000000a5900000, 0x00000000a5800000| Untracked 
|  55|0x00000000a5900000, 0x00000000a5a00000, 0x00000000a5a00000|100%| O|  |TAMS 0x00000000a5a00000, 0x00000000a5900000| Untracked 
|  56|0x00000000a5a00000, 0x00000000a5b00000, 0x00000000a5b00000|100%| O|  |TAMS 0x00000000a5b00000, 0x00000000a5a00000| Untracked 
|  57|0x00000000a5b00000, 0x00000000a5c00000, 0x00000000a5c00000|100%| O|  |TAMS 0x00000000a5c00000, 0x00000000a5b00000| Untracked 
|  58|0x00000000a5c00000, 0x00000000a5d00000, 0x00000000a5d00000|100%| O|  |TAMS 0x00000000a5d00000, 0x00000000a5c00000| Untracked 
|  59|0x00000000a5d00000, 0x00000000a5e00000, 0x00000000a5e00000|100%| O|  |TAMS 0x00000000a5e00000, 0x00000000a5d00000| Untracked 
|  60|0x00000000a5e00000, 0x00000000a5f00000, 0x00000000a5f00000|100%| O|  |TAMS 0x00000000a5f00000, 0x00000000a5e00000| Untracked 
|  61|0x00000000a5f00000, 0x00000000a6000000, 0x00000000a6000000|100%| O|  |TAMS 0x00000000a6000000, 0x00000000a5f00000| Untracked 
|  62|0x00000000a6000000, 0x00000000a6100000, 0x00000000a6100000|100%| O|  |TAMS 0x00000000a6100000, 0x00000000a6000000| Untracked 
|  63|0x00000000a6100000, 0x00000000a6200000, 0x00000000a6200000|100%| O|  |TAMS 0x00000000a6200000, 0x00000000a6100000| Untracked 
|  64|0x00000000a6200000, 0x00000000a6300000, 0x00000000a6300000|100%| O|  |TAMS 0x00000000a6300000, 0x00000000a6200000| Untracked 
|  65|0x00000000a6300000, 0x00000000a6400000, 0x00000000a6400000|100%| O|  |TAMS 0x00000000a6400000, 0x00000000a6300000| Untracked 
|  66|0x00000000a6400000, 0x00000000a6500000, 0x00000000a6500000|100%|HS|  |TAMS 0x00000000a6500000, 0x00000000a6400000| Complete 
|  67|0x00000000a6500000, 0x00000000a6600000, 0x00000000a6600000|100%|HC|  |TAMS 0x00000000a6600000, 0x00000000a6500000| Complete 
|  68|0x00000000a6600000, 0x00000000a6700000, 0x00000000a6700000|100%| O|  |TAMS 0x00000000a6700000, 0x00000000a6600000| Untracked 
|  69|0x00000000a6700000, 0x00000000a6800000, 0x00000000a6800000|100%| O|  |TAMS 0x00000000a6800000, 0x00000000a6700000| Untracked 
|  70|0x00000000a6800000, 0x00000000a6900000, 0x00000000a6900000|100%| O|  |TAMS 0x00000000a6900000, 0x00000000a6800000| Untracked 
|  71|0x00000000a6900000, 0x00000000a6a00000, 0x00000000a6a00000|100%| O|  |TAMS 0x00000000a6a00000, 0x00000000a6900000| Untracked 
|  72|0x00000000a6a00000, 0x00000000a6b00000, 0x00000000a6b00000|100%| O|  |TAMS 0x00000000a6b00000, 0x00000000a6a00000| Untracked 
|  73|0x00000000a6b00000, 0x00000000a6c00000, 0x00000000a6c00000|100%| O|  |TAMS 0x00000000a6c00000, 0x00000000a6b00000| Untracked 
|  74|0x00000000a6c00000, 0x00000000a6d00000, 0x00000000a6d00000|100%| O|  |TAMS 0x00000000a6d00000, 0x00000000a6c00000| Untracked 
|  75|0x00000000a6d00000, 0x00000000a6e00000, 0x00000000a6e00000|100%| O|  |TAMS 0x00000000a6e00000, 0x00000000a6d00000| Untracked 
|  76|0x00000000a6e00000, 0x00000000a6f00000, 0x00000000a6f00000|100%| O|  |TAMS 0x00000000a6e00000, 0x00000000a6e00000| Untracked 
|  77|0x00000000a6f00000, 0x00000000a7000000, 0x00000000a7000000|100%| O|  |TAMS 0x00000000a6f00000, 0x00000000a6f00000| Untracked 
|  78|0x00000000a7000000, 0x00000000a7100000, 0x00000000a7100000|100%| O|  |TAMS 0x00000000a7000000, 0x00000000a7000000| Untracked 
|  79|0x00000000a7100000, 0x00000000a7200000, 0x00000000a7200000|100%| O|  |TAMS 0x00000000a7100000, 0x00000000a7100000| Untracked 
|  80|0x00000000a7200000, 0x00000000a7300000, 0x00000000a7300000|100%| O|  |TAMS 0x00000000a7200000, 0x00000000a7200000| Untracked 
|  81|0x00000000a7300000, 0x00000000a7400000, 0x00000000a7400000|100%| O|  |TAMS 0x00000000a7300000, 0x00000000a7300000| Untracked 
|  82|0x00000000a7400000, 0x00000000a7500000, 0x00000000a7500000|100%| O|  |TAMS 0x00000000a7400000, 0x00000000a7400000| Untracked 
|  83|0x00000000a7500000, 0x00000000a7600000, 0x00000000a7600000|100%| O|  |TAMS 0x00000000a7500000, 0x00000000a7500000| Untracked 
|  84|0x00000000a7600000, 0x00000000a7700000, 0x00000000a7700000|100%| O|  |TAMS 0x00000000a7600000, 0x00000000a7600000| Untracked 
|  85|0x00000000a7700000, 0x00000000a7800000, 0x00000000a7800000|100%| O|  |TAMS 0x00000000a7700000, 0x00000000a7700000| Untracked 
|  86|0x00000000a7800000, 0x00000000a7900000, 0x00000000a7900000|100%| O|  |TAMS 0x00000000a7800000, 0x00000000a7800000| Untracked 
|  87|0x00000000a7900000, 0x00000000a7a00000, 0x00000000a7a00000|100%| O|  |TAMS 0x00000000a7900000, 0x00000000a7900000| Untracked 
|  88|0x00000000a7a00000, 0x00000000a7b00000, 0x00000000a7b00000|100%| O|  |TAMS 0x00000000a7a00000, 0x00000000a7a00000| Untracked 
|  89|0x00000000a7b00000, 0x00000000a7c00000, 0x00000000a7c00000|100%| O|  |TAMS 0x00000000a7b00000, 0x00000000a7b00000| Untracked 
|  90|0x00000000a7c00000, 0x00000000a7d00000, 0x00000000a7d00000|100%| O|  |TAMS 0x00000000a7c00000, 0x00000000a7c00000| Untracked 
|  91|0x00000000a7d00000, 0x00000000a7e00000, 0x00000000a7e00000|100%| O|  |TAMS 0x00000000a7d00000, 0x00000000a7d00000| Untracked 
|  92|0x00000000a7e00000, 0x00000000a7f00000, 0x00000000a7f00000|100%| O|  |TAMS 0x00000000a7e00000, 0x00000000a7e00000| Untracked 
|  93|0x00000000a7f00000, 0x00000000a8000000, 0x00000000a8000000|100%| O|  |TAMS 0x00000000a7f00000, 0x00000000a7f00000| Untracked 
|  94|0x00000000a8000000, 0x00000000a8100000, 0x00000000a8100000|100%| O|  |TAMS 0x00000000a8000000, 0x00000000a8000000| Untracked 
|  95|0x00000000a8100000, 0x00000000a8200000, 0x00000000a8200000|100%| O|  |TAMS 0x00000000a8100000, 0x00000000a8100000| Untracked 
|  96|0x00000000a8200000, 0x00000000a8300000, 0x00000000a8300000|100%| O|  |TAMS 0x00000000a8200000, 0x00000000a8200000| Untracked 
|  97|0x00000000a8300000, 0x00000000a8400000, 0x00000000a8400000|100%|HS|  |TAMS 0x00000000a8300000, 0x00000000a8300000| Complete 
|  98|0x00000000a8400000, 0x00000000a8500000, 0x00000000a8500000|100%| O|  |TAMS 0x00000000a8400000, 0x00000000a8400000| Untracked 
|  99|0x00000000a8500000, 0x00000000a8600000, 0x00000000a8600000|100%| O|  |TAMS 0x00000000a8500000, 0x00000000a8500000| Untracked 
| 100|0x00000000a8600000, 0x00000000a8700000, 0x00000000a8700000|100%| O|  |TAMS 0x00000000a8600000, 0x00000000a8600000| Untracked 
| 101|0x00000000a8700000, 0x00000000a8800000, 0x00000000a8800000|100%| O|  |TAMS 0x00000000a8700000, 0x00000000a8700000| Untracked 
| 102|0x00000000a8800000, 0x00000000a8900000, 0x00000000a8900000|100%| O|  |TAMS 0x00000000a8800000, 0x00000000a8800000| Untracked 
| 103|0x00000000a8900000, 0x00000000a8a00000, 0x00000000a8a00000|100%| O|  |TAMS 0x00000000a8900000, 0x00000000a8900000| Untracked 
| 104|0x00000000a8a00000, 0x00000000a8b00000, 0x00000000a8b00000|100%| O|  |TAMS 0x00000000a8a00000, 0x00000000a8a00000| Untracked 
| 105|0x00000000a8b00000, 0x00000000a8c00000, 0x00000000a8c00000|100%| O|  |TAMS 0x00000000a8b00000, 0x00000000a8b00000| Untracked 
| 106|0x00000000a8c00000, 0x00000000a8d00000, 0x00000000a8d00000|100%| O|  |TAMS 0x00000000a8c00000, 0x00000000a8c00000| Untracked 
| 107|0x00000000a8d00000, 0x00000000a8e00000, 0x00000000a8e00000|100%| O|  |TAMS 0x00000000a8d00000, 0x00000000a8d00000| Untracked 
| 108|0x00000000a8e00000, 0x00000000a8f00000, 0x00000000a8f00000|100%| O|  |TAMS 0x00000000a8e00000, 0x00000000a8e00000| Untracked 
| 109|0x00000000a8f00000, 0x00000000a9000000, 0x00000000a9000000|100%| O|  |TAMS 0x00000000a8f00000, 0x00000000a8f00000| Untracked 
| 110|0x00000000a9000000, 0x00000000a9100000, 0x00000000a9100000|100%| O|  |TAMS 0x00000000a9000000, 0x00000000a9000000| Untracked 
| 111|0x00000000a9100000, 0x00000000a9200000, 0x00000000a9200000|100%| O|  |TAMS 0x00000000a9100000, 0x00000000a9100000| Untracked 
| 112|0x00000000a9200000, 0x00000000a9300000, 0x00000000a9300000|100%| O|  |TAMS 0x00000000a9200000, 0x00000000a9200000| Untracked 
| 113|0x00000000a9300000, 0x00000000a9400000, 0x00000000a9400000|100%| O|  |TAMS 0x00000000a9300000, 0x00000000a9300000| Untracked 
| 114|0x00000000a9400000, 0x00000000a9500000, 0x00000000a9500000|100%| O|  |TAMS 0x00000000a9400000, 0x00000000a9400000| Untracked 
| 115|0x00000000a9500000, 0x00000000a9600000, 0x00000000a9600000|100%| O|  |TAMS 0x00000000a9500000, 0x00000000a9500000| Untracked 
| 116|0x00000000a9600000, 0x00000000a9700000, 0x00000000a9700000|100%| O|  |TAMS 0x00000000a9600000, 0x00000000a9600000| Untracked 
| 117|0x00000000a9700000, 0x00000000a9800000, 0x00000000a9800000|100%| O|  |TAMS 0x00000000a9700000, 0x00000000a9700000| Untracked 
| 118|0x00000000a9800000, 0x00000000a9900000, 0x00000000a9900000|100%| O|  |TAMS 0x00000000a9800000, 0x00000000a9800000| Untracked 
| 119|0x00000000a9900000, 0x00000000a9a00000, 0x00000000a9a00000|100%| O|  |TAMS 0x00000000a9900000, 0x00000000a9900000| Untracked 
| 120|0x00000000a9a00000, 0x00000000a9b00000, 0x00000000a9b00000|100%| O|  |TAMS 0x00000000a9a00000, 0x00000000a9a00000| Untracked 
| 121|0x00000000a9b00000, 0x00000000a9c00000, 0x00000000a9c00000|100%| O|  |TAMS 0x00000000a9b00000, 0x00000000a9b00000| Untracked 
| 122|0x00000000a9c00000, 0x00000000a9d00000, 0x00000000a9d00000|100%| O|  |TAMS 0x00000000a9c00000, 0x00000000a9c00000| Untracked 
| 123|0x00000000a9d00000, 0x00000000a9e00000, 0x00000000a9e00000|100%| O|  |TAMS 0x00000000a9d00000, 0x00000000a9d00000| Untracked 
| 124|0x00000000a9e00000, 0x00000000a9f00000, 0x00000000a9f00000|100%| O|  |TAMS 0x00000000a9e00000, 0x00000000a9e00000| Untracked 
| 125|0x00000000a9f00000, 0x00000000aa000000, 0x00000000aa000000|100%| O|  |TAMS 0x00000000a9f00000, 0x00000000a9f00000| Untracked 
| 126|0x00000000aa000000, 0x00000000aa100000, 0x00000000aa100000|100%| O|  |TAMS 0x00000000aa000000, 0x00000000aa000000| Untracked 
| 127|0x00000000aa100000, 0x00000000aa200000, 0x00000000aa200000|100%| O|  |TAMS 0x00000000aa100000, 0x00000000aa100000| Untracked 
| 128|0x00000000aa200000, 0x00000000aa300000, 0x00000000aa300000|100%| O|  |TAMS 0x00000000aa200000, 0x00000000aa200000| Untracked 
| 129|0x00000000aa300000, 0x00000000aa400000, 0x00000000aa400000|100%| O|  |TAMS 0x00000000aa300000, 0x00000000aa300000| Untracked 
| 130|0x00000000aa400000, 0x00000000aa500000, 0x00000000aa500000|100%| O|  |TAMS 0x00000000aa400000, 0x00000000aa400000| Untracked 
| 131|0x00000000aa500000, 0x00000000aa600000, 0x00000000aa600000|100%| O|  |TAMS 0x00000000aa500000, 0x00000000aa500000| Untracked 
| 132|0x00000000aa600000, 0x00000000aa700000, 0x00000000aa700000|100%| O|  |TAMS 0x00000000aa600000, 0x00000000aa600000| Untracked 
| 133|0x00000000aa700000, 0x00000000aa800000, 0x00000000aa800000|100%| O|  |TAMS 0x00000000aa700000, 0x00000000aa700000| Untracked 
| 134|0x00000000aa800000, 0x00000000aa900000, 0x00000000aa900000|100%| O|  |TAMS 0x00000000aa800000, 0x00000000aa800000| Untracked 
| 135|0x00000000aa900000, 0x00000000aaa00000, 0x00000000aaa00000|100%| O|  |TAMS 0x00000000aa900000, 0x00000000aa900000| Untracked 
| 136|0x00000000aaa00000, 0x00000000aab00000, 0x00000000aab00000|100%| O|  |TAMS 0x00000000aaa00000, 0x00000000aaa00000| Untracked 
| 137|0x00000000aab00000, 0x00000000aac00000, 0x00000000aac00000|100%| O|  |TAMS 0x00000000aab00000, 0x00000000aab00000| Untracked 
| 138|0x00000000aac00000, 0x00000000aad00000, 0x00000000aad00000|100%| O|  |TAMS 0x00000000aac00000, 0x00000000aac00000| Untracked 
| 139|0x00000000aad00000, 0x00000000aae00000, 0x00000000aae00000|100%|HS|  |TAMS 0x00000000aad00000, 0x00000000aad00000| Complete 
| 140|0x00000000aae00000, 0x00000000aaf00000, 0x00000000aaf00000|100%| O|  |TAMS 0x00000000aae00000, 0x00000000aae00000| Untracked 
| 141|0x00000000aaf00000, 0x00000000ab000000, 0x00000000ab000000|100%| O|  |TAMS 0x00000000aaf00000, 0x00000000aaf00000| Untracked 
| 142|0x00000000ab000000, 0x00000000ab100000, 0x00000000ab100000|100%| O|  |TAMS 0x00000000ab000000, 0x00000000ab000000| Untracked 
| 143|0x00000000ab100000, 0x00000000ab200000, 0x00000000ab200000|100%| O|  |TAMS 0x00000000ab100000, 0x00000000ab100000| Untracked 
| 144|0x00000000ab200000, 0x00000000ab300000, 0x00000000ab300000|100%| O|  |TAMS 0x00000000ab200000, 0x00000000ab200000| Untracked 
| 145|0x00000000ab300000, 0x00000000ab400000, 0x00000000ab400000|100%| O|  |TAMS 0x00000000ab300000, 0x00000000ab300000| Untracked 
| 146|0x00000000ab400000, 0x00000000ab500000, 0x00000000ab500000|100%| O|  |TAMS 0x00000000ab400000, 0x00000000ab400000| Untracked 
| 147|0x00000000ab500000, 0x00000000ab600000, 0x00000000ab600000|100%| O|  |TAMS 0x00000000ab500000, 0x00000000ab500000| Untracked 
| 148|0x00000000ab600000, 0x00000000ab700000, 0x00000000ab700000|100%| O|  |TAMS 0x00000000ab600000, 0x00000000ab600000| Untracked 
| 149|0x00000000ab700000, 0x00000000ab800000, 0x00000000ab800000|100%| O|  |TAMS 0x00000000ab700000, 0x00000000ab700000| Untracked 
| 150|0x00000000ab800000, 0x00000000ab900000, 0x00000000ab900000|100%| O|  |TAMS 0x00000000ab800000, 0x00000000ab800000| Untracked 
| 151|0x00000000ab900000, 0x00000000aba00000, 0x00000000aba00000|100%| O|  |TAMS 0x00000000ab900000, 0x00000000ab900000| Untracked 
| 152|0x00000000aba00000, 0x00000000abafe200, 0x00000000abb00000| 99%| O|  |TAMS 0x00000000aba00000, 0x00000000aba00000| Untracked 
| 153|0x00000000abb00000, 0x00000000abb00000, 0x00000000abc00000|  0%| F|  |TAMS 0x00000000abb00000, 0x00000000abb00000| Untracked 
| 154|0x00000000abc00000, 0x00000000abc00000, 0x00000000abd00000|  0%| F|  |TAMS 0x00000000abc00000, 0x00000000abc00000| Untracked 
| 155|0x00000000abd00000, 0x00000000abd00000, 0x00000000abe00000|  0%| F|  |TAMS 0x00000000abd00000, 0x00000000abd00000| Untracked 
| 156|0x00000000abe00000, 0x00000000abe00000, 0x00000000abf00000|  0%| F|  |TAMS 0x00000000abe00000, 0x00000000abe00000| Untracked 
| 157|0x00000000abf00000, 0x00000000abf00000, 0x00000000ac000000|  0%| F|  |TAMS 0x00000000abf00000, 0x00000000abf00000| Untracked 
| 158|0x00000000ac000000, 0x00000000ac000000, 0x00000000ac100000|  0%| F|  |TAMS 0x00000000ac000000, 0x00000000ac000000| Untracked 
| 159|0x00000000ac100000, 0x00000000ac100000, 0x00000000ac200000|  0%| F|  |TAMS 0x00000000ac100000, 0x00000000ac100000| Untracked 
| 160|0x00000000ac200000, 0x00000000ac200000, 0x00000000ac300000|  0%| F|  |TAMS 0x00000000ac200000, 0x00000000ac200000| Untracked 
| 161|0x00000000ac300000, 0x00000000ac300000, 0x00000000ac400000|  0%| F|  |TAMS 0x00000000ac300000, 0x00000000ac300000| Untracked 
| 162|0x00000000ac400000, 0x00000000ac400000, 0x00000000ac500000|  0%| F|  |TAMS 0x00000000ac400000, 0x00000000ac400000| Untracked 
| 163|0x00000000ac500000, 0x00000000ac500000, 0x00000000ac600000|  0%| F|  |TAMS 0x00000000ac500000, 0x00000000ac500000| Untracked 
| 164|0x00000000ac600000, 0x00000000ac600000, 0x00000000ac700000|  0%| F|  |TAMS 0x00000000ac600000, 0x00000000ac600000| Untracked 
| 165|0x00000000ac700000, 0x00000000ac700000, 0x00000000ac800000|  0%| F|  |TAMS 0x00000000ac700000, 0x00000000ac700000| Untracked 
| 166|0x00000000ac800000, 0x00000000ac800000, 0x00000000ac900000|  0%| F|  |TAMS 0x00000000ac800000, 0x00000000ac800000| Untracked 
| 167|0x00000000ac900000, 0x00000000ac900000, 0x00000000aca00000|  0%| F|  |TAMS 0x00000000ac900000, 0x00000000ac900000| Untracked 
| 168|0x00000000aca00000, 0x00000000aca00000, 0x00000000acb00000|  0%| F|  |TAMS 0x00000000aca00000, 0x00000000aca00000| Untracked 
| 169|0x00000000acb00000, 0x00000000acb00000, 0x00000000acc00000|  0%| F|  |TAMS 0x00000000acb00000, 0x00000000acb00000| Untracked 
| 170|0x00000000acc00000, 0x00000000acc00000, 0x00000000acd00000|  0%| F|  |TAMS 0x00000000acc00000, 0x00000000acc00000| Untracked 
| 171|0x00000000acd00000, 0x00000000acd00000, 0x00000000ace00000|  0%| F|  |TAMS 0x00000000acd00000, 0x00000000acd00000| Untracked 
| 172|0x00000000ace00000, 0x00000000ace00000, 0x00000000acf00000|  0%| F|  |TAMS 0x00000000ace00000, 0x00000000ace00000| Untracked 
| 173|0x00000000acf00000, 0x00000000acf00000, 0x00000000ad000000|  0%| F|  |TAMS 0x00000000acf00000, 0x00000000acf00000| Untracked 
| 174|0x00000000ad000000, 0x00000000ad000000, 0x00000000ad100000|  0%| F|  |TAMS 0x00000000ad000000, 0x00000000ad000000| Untracked 
| 175|0x00000000ad100000, 0x00000000ad100000, 0x00000000ad200000|  0%| F|  |TAMS 0x00000000ad100000, 0x00000000ad100000| Untracked 
| 176|0x00000000ad200000, 0x00000000ad200000, 0x00000000ad300000|  0%| F|  |TAMS 0x00000000ad200000, 0x00000000ad200000| Untracked 
| 177|0x00000000ad300000, 0x00000000ad300000, 0x00000000ad400000|  0%| F|  |TAMS 0x00000000ad300000, 0x00000000ad300000| Untracked 
| 178|0x00000000ad400000, 0x00000000ad400000, 0x00000000ad500000|  0%| F|  |TAMS 0x00000000ad400000, 0x00000000ad400000| Untracked 
| 179|0x00000000ad500000, 0x00000000ad500000, 0x00000000ad600000|  0%| F|  |TAMS 0x00000000ad500000, 0x00000000ad500000| Untracked 
| 180|0x00000000ad600000, 0x00000000ad600000, 0x00000000ad700000|  0%| F|  |TAMS 0x00000000ad600000, 0x00000000ad600000| Untracked 
| 181|0x00000000ad700000, 0x00000000ad700000, 0x00000000ad800000|  0%| F|  |TAMS 0x00000000ad700000, 0x00000000ad700000| Untracked 
| 182|0x00000000ad800000, 0x00000000ad800000, 0x00000000ad900000|  0%| F|  |TAMS 0x00000000ad800000, 0x00000000ad800000| Untracked 
| 183|0x00000000ad900000, 0x00000000ad900000, 0x00000000ada00000|  0%| F|  |TAMS 0x00000000ad900000, 0x00000000ad900000| Untracked 
| 184|0x00000000ada00000, 0x00000000ada00000, 0x00000000adb00000|  0%| F|  |TAMS 0x00000000ada00000, 0x00000000ada00000| Untracked 
| 185|0x00000000adb00000, 0x00000000adb00000, 0x00000000adc00000|  0%| F|  |TAMS 0x00000000adb00000, 0x00000000adb00000| Untracked 
| 186|0x00000000adc00000, 0x00000000adc00000, 0x00000000add00000|  0%| F|  |TAMS 0x00000000adc00000, 0x00000000adc00000| Untracked 
| 187|0x00000000add00000, 0x00000000add00000, 0x00000000ade00000|  0%| F|  |TAMS 0x00000000add00000, 0x00000000add00000| Untracked 
| 188|0x00000000ade00000, 0x00000000ade00000, 0x00000000adf00000|  0%| F|  |TAMS 0x00000000ade00000, 0x00000000ade00000| Untracked 
| 189|0x00000000adf00000, 0x00000000adf00000, 0x00000000ae000000|  0%| F|  |TAMS 0x00000000adf00000, 0x00000000adf00000| Untracked 
| 190|0x00000000ae000000, 0x00000000ae000000, 0x00000000ae100000|  0%| F|  |TAMS 0x00000000ae000000, 0x00000000ae000000| Untracked 
| 191|0x00000000ae100000, 0x00000000ae100000, 0x00000000ae200000|  0%| F|  |TAMS 0x00000000ae100000, 0x00000000ae100000| Untracked 
| 192|0x00000000ae200000, 0x00000000ae200000, 0x00000000ae300000|  0%| F|  |TAMS 0x00000000ae200000, 0x00000000ae200000| Untracked 
| 193|0x00000000ae300000, 0x00000000ae3840d0, 0x00000000ae400000| 51%| S|CS|TAMS 0x00000000ae300000, 0x00000000ae300000| Complete 
| 194|0x00000000ae400000, 0x00000000ae500000, 0x00000000ae500000|100%| S|CS|TAMS 0x00000000ae400000, 0x00000000ae400000| Complete 
| 195|0x00000000ae500000, 0x00000000ae600000, 0x00000000ae600000|100%| S|CS|TAMS 0x00000000ae500000, 0x00000000ae500000| Complete 
| 196|0x00000000ae600000, 0x00000000ae700000, 0x00000000ae700000|100%| S|CS|TAMS 0x00000000ae600000, 0x00000000ae600000| Complete 
| 197|0x00000000ae700000, 0x00000000ae700000, 0x00000000ae800000|  0%| F|  |TAMS 0x00000000ae700000, 0x00000000ae700000| Untracked 
| 198|0x00000000ae800000, 0x00000000ae900000, 0x00000000ae900000|100%| S|CS|TAMS 0x00000000ae800000, 0x00000000ae800000| Complete 
| 199|0x00000000ae900000, 0x00000000aea00000, 0x00000000aea00000|100%| S|CS|TAMS 0x00000000ae900000, 0x00000000ae900000| Complete 
| 200|0x00000000aea00000, 0x00000000aea00000, 0x00000000aeb00000|  0%| F|  |TAMS 0x00000000aea00000, 0x00000000aea00000| Untracked 
| 201|0x00000000aeb00000, 0x00000000aeb00000, 0x00000000aec00000|  0%| F|  |TAMS 0x00000000aeb00000, 0x00000000aeb00000| Untracked 
| 202|0x00000000aec00000, 0x00000000aed00000, 0x00000000aed00000|100%| S|CS|TAMS 0x00000000aec00000, 0x00000000aec00000| Complete 
| 203|0x00000000aed00000, 0x00000000aee00000, 0x00000000aee00000|100%| S|CS|TAMS 0x00000000aed00000, 0x00000000aed00000| Complete 
| 204|0x00000000aee00000, 0x00000000aee00000, 0x00000000aef00000|  0%| F|  |TAMS 0x00000000aee00000, 0x00000000aee00000| Untracked 
| 205|0x00000000aef00000, 0x00000000aef00000, 0x00000000af000000|  0%| F|  |TAMS 0x00000000aef00000, 0x00000000aef00000| Untracked 
| 206|0x00000000af000000, 0x00000000af000000, 0x00000000af100000|  0%| F|  |TAMS 0x00000000af000000, 0x00000000af000000| Untracked 
| 207|0x00000000af100000, 0x00000000af100000, 0x00000000af200000|  0%| F|  |TAMS 0x00000000af100000, 0x00000000af100000| Untracked 
| 208|0x00000000af200000, 0x00000000af200000, 0x00000000af300000|  0%| F|  |TAMS 0x00000000af200000, 0x00000000af200000| Untracked 
| 209|0x00000000af300000, 0x00000000af300000, 0x00000000af400000|  0%| F|  |TAMS 0x00000000af300000, 0x00000000af300000| Untracked 
| 210|0x00000000af400000, 0x00000000af400000, 0x00000000af500000|  0%| F|  |TAMS 0x00000000af400000, 0x00000000af400000| Untracked 
| 211|0x00000000af500000, 0x00000000af500000, 0x00000000af600000|  0%| F|  |TAMS 0x00000000af500000, 0x00000000af500000| Untracked 
| 212|0x00000000af600000, 0x00000000af600000, 0x00000000af700000|  0%| F|  |TAMS 0x00000000af600000, 0x00000000af600000| Untracked 
| 213|0x00000000af700000, 0x00000000af700000, 0x00000000af800000|  0%| F|  |TAMS 0x00000000af700000, 0x00000000af700000| Untracked 
| 214|0x00000000af800000, 0x00000000af800000, 0x00000000af900000|  0%| F|  |TAMS 0x00000000af800000, 0x00000000af800000| Untracked 
| 215|0x00000000af900000, 0x00000000af900000, 0x00000000afa00000|  0%| F|  |TAMS 0x00000000af900000, 0x00000000af900000| Untracked 
| 216|0x00000000afa00000, 0x00000000afa00000, 0x00000000afb00000|  0%| F|  |TAMS 0x00000000afa00000, 0x00000000afa00000| Untracked 
| 217|0x00000000afb00000, 0x00000000afb00000, 0x00000000afc00000|  0%| F|  |TAMS 0x00000000afb00000, 0x00000000afb00000| Untracked 
| 218|0x00000000afc00000, 0x00000000afc00000, 0x00000000afd00000|  0%| F|  |TAMS 0x00000000afc00000, 0x00000000afc00000| Untracked 
| 219|0x00000000afd00000, 0x00000000afd00000, 0x00000000afe00000|  0%| F|  |TAMS 0x00000000afd00000, 0x00000000afd00000| Untracked 
| 220|0x00000000afe00000, 0x00000000afe00000, 0x00000000aff00000|  0%| F|  |TAMS 0x00000000afe00000, 0x00000000afe00000| Untracked 
| 221|0x00000000aff00000, 0x00000000aff00000, 0x00000000b0000000|  0%| F|  |TAMS 0x00000000aff00000, 0x00000000aff00000| Untracked 
| 222|0x00000000b0000000, 0x00000000b0000000, 0x00000000b0100000|  0%| F|  |TAMS 0x00000000b0000000, 0x00000000b0000000| Untracked 
| 223|0x00000000b0100000, 0x00000000b0100000, 0x00000000b0200000|  0%| F|  |TAMS 0x00000000b0100000, 0x00000000b0100000| Untracked 
| 224|0x00000000b0200000, 0x00000000b0200000, 0x00000000b0300000|  0%| F|  |TAMS 0x00000000b0200000, 0x00000000b0200000| Untracked 
| 225|0x00000000b0300000, 0x00000000b0300000, 0x00000000b0400000|  0%| F|  |TAMS 0x00000000b0300000, 0x00000000b0300000| Untracked 
| 226|0x00000000b0400000, 0x00000000b0400000, 0x00000000b0500000|  0%| F|  |TAMS 0x00000000b0400000, 0x00000000b0400000| Untracked 
| 227|0x00000000b0500000, 0x00000000b0500000, 0x00000000b0600000|  0%| F|  |TAMS 0x00000000b0500000, 0x00000000b0500000| Untracked 
| 228|0x00000000b0600000, 0x00000000b0600000, 0x00000000b0700000|  0%| F|  |TAMS 0x00000000b0600000, 0x00000000b0600000| Untracked 
| 229|0x00000000b0700000, 0x00000000b0700000, 0x00000000b0800000|  0%| F|  |TAMS 0x00000000b0700000, 0x00000000b0700000| Untracked 
| 230|0x00000000b0800000, 0x00000000b0800000, 0x00000000b0900000|  0%| F|  |TAMS 0x00000000b0800000, 0x00000000b0800000| Untracked 
| 231|0x00000000b0900000, 0x00000000b0900000, 0x00000000b0a00000|  0%| F|  |TAMS 0x00000000b0900000, 0x00000000b0900000| Untracked 
| 232|0x00000000b0a00000, 0x00000000b0a00000, 0x00000000b0b00000|  0%| F|  |TAMS 0x00000000b0a00000, 0x00000000b0a00000| Untracked 
| 233|0x00000000b0b00000, 0x00000000b0b00000, 0x00000000b0c00000|  0%| F|  |TAMS 0x00000000b0b00000, 0x00000000b0b00000| Untracked 
| 234|0x00000000b0c00000, 0x00000000b0c00000, 0x00000000b0d00000|  0%| F|  |TAMS 0x00000000b0c00000, 0x00000000b0c00000| Untracked 
| 235|0x00000000b0d00000, 0x00000000b0d00000, 0x00000000b0e00000|  0%| F|  |TAMS 0x00000000b0d00000, 0x00000000b0d00000| Untracked 
| 236|0x00000000b0e00000, 0x00000000b0e00000, 0x00000000b0f00000|  0%| F|  |TAMS 0x00000000b0e00000, 0x00000000b0e00000| Untracked 
| 237|0x00000000b0f00000, 0x00000000b0f00000, 0x00000000b1000000|  0%| F|  |TAMS 0x00000000b0f00000, 0x00000000b0f00000| Untracked 
| 238|0x00000000b1000000, 0x00000000b1000000, 0x00000000b1100000|  0%| F|  |TAMS 0x00000000b1000000, 0x00000000b1000000| Untracked 
| 239|0x00000000b1100000, 0x00000000b1100000, 0x00000000b1200000|  0%| F|  |TAMS 0x00000000b1100000, 0x00000000b1100000| Untracked 
| 240|0x00000000b1200000, 0x00000000b1200000, 0x00000000b1300000|  0%| F|  |TAMS 0x00000000b1200000, 0x00000000b1200000| Untracked 
| 241|0x00000000b1300000, 0x00000000b1300000, 0x00000000b1400000|  0%| F|  |TAMS 0x00000000b1300000, 0x00000000b1300000| Untracked 
| 242|0x00000000b1400000, 0x00000000b1400000, 0x00000000b1500000|  0%| F|  |TAMS 0x00000000b1400000, 0x00000000b1400000| Untracked 
| 243|0x00000000b1500000, 0x00000000b1500000, 0x00000000b1600000|  0%| F|  |TAMS 0x00000000b1500000, 0x00000000b1500000| Untracked 
| 244|0x00000000b1600000, 0x00000000b1600000, 0x00000000b1700000|  0%| F|  |TAMS 0x00000000b1600000, 0x00000000b1600000| Untracked 
| 245|0x00000000b1700000, 0x00000000b1700000, 0x00000000b1800000|  0%| F|  |TAMS 0x00000000b1700000, 0x00000000b1700000| Untracked 
| 246|0x00000000b1800000, 0x00000000b1800000, 0x00000000b1900000|  0%| F|  |TAMS 0x00000000b1800000, 0x00000000b1800000| Untracked 
| 247|0x00000000b1900000, 0x00000000b1900000, 0x00000000b1a00000|  0%| F|  |TAMS 0x00000000b1900000, 0x00000000b1900000| Untracked 
| 248|0x00000000b1a00000, 0x00000000b1a00000, 0x00000000b1b00000|  0%| F|  |TAMS 0x00000000b1a00000, 0x00000000b1a00000| Untracked 
| 249|0x00000000b1b00000, 0x00000000b1b00000, 0x00000000b1c00000|  0%| F|  |TAMS 0x00000000b1b00000, 0x00000000b1b00000| Untracked 
| 250|0x00000000b1c00000, 0x00000000b1c00000, 0x00000000b1d00000|  0%| F|  |TAMS 0x00000000b1c00000, 0x00000000b1c00000| Untracked 
| 251|0x00000000b1d00000, 0x00000000b1d00000, 0x00000000b1e00000|  0%| F|  |TAMS 0x00000000b1d00000, 0x00000000b1d00000| Untracked 
| 252|0x00000000b1e00000, 0x00000000b1e00000, 0x00000000b1f00000|  0%| F|  |TAMS 0x00000000b1e00000, 0x00000000b1e00000| Untracked 
| 253|0x00000000b1f00000, 0x00000000b1f00000, 0x00000000b2000000|  0%| F|  |TAMS 0x00000000b1f00000, 0x00000000b1f00000| Untracked 
| 254|0x00000000b2000000, 0x00000000b2000000, 0x00000000b2100000|  0%| F|  |TAMS 0x00000000b2000000, 0x00000000b2000000| Untracked 
| 255|0x00000000b2100000, 0x00000000b2100000, 0x00000000b2200000|  0%| F|  |TAMS 0x00000000b2100000, 0x00000000b2100000| Untracked 
| 256|0x00000000b2200000, 0x00000000b2200000, 0x00000000b2300000|  0%| F|  |TAMS 0x00000000b2200000, 0x00000000b2200000| Untracked 
| 257|0x00000000b2300000, 0x00000000b2300000, 0x00000000b2400000|  0%| F|  |TAMS 0x00000000b2300000, 0x00000000b2300000| Untracked 
| 258|0x00000000b2400000, 0x00000000b2400000, 0x00000000b2500000|  0%| F|  |TAMS 0x00000000b2400000, 0x00000000b2400000| Untracked 
| 259|0x00000000b2500000, 0x00000000b2500000, 0x00000000b2600000|  0%| F|  |TAMS 0x00000000b2500000, 0x00000000b2500000| Untracked 
| 260|0x00000000b2600000, 0x00000000b2600000, 0x00000000b2700000|  0%| F|  |TAMS 0x00000000b2600000, 0x00000000b2600000| Untracked 
| 261|0x00000000b2700000, 0x00000000b2700000, 0x00000000b2800000|  0%| F|  |TAMS 0x00000000b2700000, 0x00000000b2700000| Untracked 
| 262|0x00000000b2800000, 0x00000000b2800000, 0x00000000b2900000|  0%| F|  |TAMS 0x00000000b2800000, 0x00000000b2800000| Untracked 
| 263|0x00000000b2900000, 0x00000000b2900000, 0x00000000b2a00000|  0%| F|  |TAMS 0x00000000b2900000, 0x00000000b2900000| Untracked 
| 264|0x00000000b2a00000, 0x00000000b2a00000, 0x00000000b2b00000|  0%| F|  |TAMS 0x00000000b2a00000, 0x00000000b2a00000| Untracked 
| 265|0x00000000b2b00000, 0x00000000b2b00000, 0x00000000b2c00000|  0%| F|  |TAMS 0x00000000b2b00000, 0x00000000b2b00000| Untracked 
| 266|0x00000000b2c00000, 0x00000000b2c00000, 0x00000000b2d00000|  0%| F|  |TAMS 0x00000000b2c00000, 0x00000000b2c00000| Untracked 
| 267|0x00000000b2d00000, 0x00000000b2d00000, 0x00000000b2e00000|  0%| F|  |TAMS 0x00000000b2d00000, 0x00000000b2d00000| Untracked 
| 268|0x00000000b2e00000, 0x00000000b2e00000, 0x00000000b2f00000|  0%| F|  |TAMS 0x00000000b2e00000, 0x00000000b2e00000| Untracked 
| 269|0x00000000b2f00000, 0x00000000b2f00000, 0x00000000b3000000|  0%| F|  |TAMS 0x00000000b2f00000, 0x00000000b2f00000| Untracked 
| 270|0x00000000b3000000, 0x00000000b3000000, 0x00000000b3100000|  0%| F|  |TAMS 0x00000000b3000000, 0x00000000b3000000| Untracked 
| 271|0x00000000b3100000, 0x00000000b3100000, 0x00000000b3200000|  0%| F|  |TAMS 0x00000000b3100000, 0x00000000b3100000| Untracked 
| 272|0x00000000b3200000, 0x00000000b3200000, 0x00000000b3300000|  0%| F|  |TAMS 0x00000000b3200000, 0x00000000b3200000| Untracked 
| 273|0x00000000b3300000, 0x00000000b3300000, 0x00000000b3400000|  0%| F|  |TAMS 0x00000000b3300000, 0x00000000b3300000| Untracked 
| 274|0x00000000b3400000, 0x00000000b3400000, 0x00000000b3500000|  0%| F|  |TAMS 0x00000000b3400000, 0x00000000b3400000| Untracked 
| 275|0x00000000b3500000, 0x00000000b3500000, 0x00000000b3600000|  0%| F|  |TAMS 0x00000000b3500000, 0x00000000b3500000| Untracked 
| 276|0x00000000b3600000, 0x00000000b3600000, 0x00000000b3700000|  0%| F|  |TAMS 0x00000000b3600000, 0x00000000b3600000| Untracked 
| 277|0x00000000b3700000, 0x00000000b3700000, 0x00000000b3800000|  0%| F|  |TAMS 0x00000000b3700000, 0x00000000b3700000| Untracked 
| 278|0x00000000b3800000, 0x00000000b3800000, 0x00000000b3900000|  0%| F|  |TAMS 0x00000000b3800000, 0x00000000b3800000| Untracked 
| 279|0x00000000b3900000, 0x00000000b3900000, 0x00000000b3a00000|  0%| F|  |TAMS 0x00000000b3900000, 0x00000000b3900000| Untracked 
| 280|0x00000000b3a00000, 0x00000000b3a00000, 0x00000000b3b00000|  0%| F|  |TAMS 0x00000000b3a00000, 0x00000000b3a00000| Untracked 
| 281|0x00000000b3b00000, 0x00000000b3b00000, 0x00000000b3c00000|  0%| F|  |TAMS 0x00000000b3b00000, 0x00000000b3b00000| Untracked 
| 282|0x00000000b3c00000, 0x00000000b3c00000, 0x00000000b3d00000|  0%| F|  |TAMS 0x00000000b3c00000, 0x00000000b3c00000| Untracked 
| 283|0x00000000b3d00000, 0x00000000b3d00000, 0x00000000b3e00000|  0%| F|  |TAMS 0x00000000b3d00000, 0x00000000b3d00000| Untracked 
| 284|0x00000000b3e00000, 0x00000000b3e00000, 0x00000000b3f00000|  0%| F|  |TAMS 0x00000000b3e00000, 0x00000000b3e00000| Untracked 
| 285|0x00000000b3f00000, 0x00000000b3f00000, 0x00000000b4000000|  0%| F|  |TAMS 0x00000000b3f00000, 0x00000000b3f00000| Untracked 
|1500|0x00000000ffe00000, 0x00000000fff00000, 0x00000000fff00000|100%| O|  |TAMS 0x00000000fff00000, 0x00000000ffe00000| Untracked 
|1501|0x00000000fff00000, 0x00000000fff00000, 0x0000000100000000|  0%| F|  |TAMS 0x00000000fff00000, 0x00000000fff00000| Untracked 

Card table byte_map: [0x0000014f77f30000,0x0000014f78220000] _byte_map_base: 0x0000014f77a1f000

Marking Bits (Prev, Next): (CMBitMap*) 0x0000014f65258b70, (CMBitMap*) 0x0000014f65258bb0
 Prev Bits: [0x0000014f78510000, 0x0000014f79c88000)
 Next Bits: [0x0000014f79c90000, 0x0000014f7b408000)

Polling page: 0x0000014f649c0000

Metaspace:

Usage:
  Non-class:     80.27 MB used.
      Class:      9.60 MB used.
       Both:     89.87 MB used.

Virtual space:
  Non-class space:      128.00 MB reserved,      80.38 MB ( 63%) committed,  2 nodes.
      Class space:        1.00 GB reserved,       9.69 MB ( <1%) committed,  1 nodes.
             Both:        1.12 GB reserved,      90.06 MB (  8%) committed. 

Chunk freelists:
   Non-Class:  14.89 MB
       Class:  6.31 MB
        Both:  21.20 MB

MaxMetaspaceSize: unlimited
CompressedClassSpaceSize: 1.00 GB
Initial GC threshold: 21.00 MB
Current GC threshold: 105.88 MB
CDS: off
MetaspaceReclaimPolicy: balanced
 - commit_granule_bytes: 65536.
 - commit_granule_words: 8192.
 - virtual_space_node_default_size: 8388608.
 - enlarge_chunks_in_place: 1.
 - new_chunks_are_fully_committed: 0.
 - uncommit_free_chunks: 1.
 - use_allocation_guard: 0.
 - handle_deallocations: 1.


Internal statistics:

num_allocs_failed_limit: 6.
num_arena_births: 260.
num_arena_deaths: 0.
num_vsnodes_births: 3.
num_vsnodes_deaths: 0.
num_space_committed: 1439.
num_space_uncommitted: 0.
num_chunks_returned_to_freelist: 6.
num_chunks_taken_from_freelist: 3196.
num_chunk_merges: 6.
num_chunk_splits: 2640.
num_chunks_enlarged: 2334.
num_inconsistent_stats: 0.

CodeHeap 'non-profiled nmethods': size=120000Kb used=9572Kb max_used=9572Kb free=110427Kb
 bounds [0x0000014f701b0000, 0x0000014f70b10000, 0x0000014f776e0000]
CodeHeap 'profiled nmethods': size=120000Kb used=49262Kb max_used=49517Kb free=70737Kb
 bounds [0x0000014f686e0000, 0x0000014f6b740000, 0x0000014f6fc10000]
CodeHeap 'non-nmethods': size=5760Kb used=1382Kb max_used=1440Kb free=4377Kb
 bounds [0x0000014f6fc10000, 0x0000014f6fe80000, 0x0000014f701b0000]
 total_blobs=18091 nmethods=17385 adapters=613
 compilation: enabled
              stopped_count=0, restarted_count=0
 full_count=0

Compilation events (20 events):
Event: 22.484 Thread 0x0000014f7e306250 21783       2       org.jetbrains.kotlin.codegen.optimization.common.OptimizationBasicInterpreter::newOperation (461 bytes)
Event: 22.485 Thread 0x0000014f7e306250 nmethod 21783 0x0000014f69e26b10 code [0x0000014f69e26f40, 0x0000014f69e28038]
Event: 22.487 Thread 0x0000014f7e306250 21785       2       org.jetbrains.org.objectweb.asm.Frame::execute (2318 bytes)
Event: 22.489 Thread 0x0000014f7e306250 nmethod 21785 0x0000014f6b359410 code [0x0000014f6b35a060, 0x0000014f6b35d478]
Event: 22.490 Thread 0x0000014f7e306250 21786       2       kotlin.text.DelimitedRangesSequence::<init> (39 bytes)
Event: 22.490 Thread 0x0000014f7e306250 nmethod 21786 0x0000014f69e26090 code [0x0000014f69e262c0, 0x0000014f69e267f8]
Event: 22.490 Thread 0x0000014f7e306250 21787       2       kotlin.text.DelimitedRangesSequence::iterator (12 bytes)
Event: 22.490 Thread 0x0000014f7e306250 nmethod 21787 0x0000014f69e25c90 code [0x0000014f69e25e20, 0x0000014f69e25fa8]
Event: 22.493 Thread 0x0000014f7e306250 21788       2       org.jetbrains.kotlin.descriptors.DescriptorUtilKt::isTopLevelInPackage (102 bytes)
Event: 22.493 Thread 0x0000014f7e306250 nmethod 21788 0x0000014f6aad8e10 code [0x0000014f6aad9100, 0x0000014f6aad99e8]
Event: 22.497 Thread 0x0000014f7e306250 21789       2       org.jetbrains.kotlin.backend.jvm.codegen.FunctionCodegen::shouldNotGenerateConstructorParameterAnnotations (39 bytes)
Event: 22.498 Thread 0x0000014f7e306250 nmethod 21789 0x0000014f6b358790 code [0x0000014f6b358a20, 0x0000014f6b359028]
Event: 22.499 Thread 0x0000014f7e306250 21790       2       org.jetbrains.kotlin.ir.util.RenderIrElementVisitor::access$render (6 bytes)
Event: 22.499 Thread 0x0000014f7e306250 nmethod 21790 0x0000014f6aad8790 code [0x0000014f6aad8980, 0x0000014f6aad8c28]
Event: 22.500 Thread 0x0000014f7e306250 21791       2       org.jetbrains.org.objectweb.asm.Type::equals (147 bytes)
Event: 22.501 Thread 0x0000014f7e306250 nmethod 21791 0x0000014f6b357910 code [0x0000014f6b357b20, 0x0000014f6b358178]
Event: 22.502 Thread 0x0000014f7e306250 21792       1       org.jetbrains.kotlin.codegen.optimization.fixStack.SavedStackDescriptor::getFirstUnusedLocalVarIndex (5 bytes)
Event: 22.502 Thread 0x0000014f7e306250 nmethod 21792 0x0000014f7096da90 code [0x0000014f7096dc20, 0x0000014f7096dcf8]
Event: 22.507 Thread 0x0000014f7e306250 21793       2       org.jetbrains.kotlin.config.KotlinCompilerVersion::isPreRelease (17 bytes)
Event: 22.507 Thread 0x0000014f7e306250 nmethod 21793 0x0000014f6a1d3d10 code [0x0000014f6a1d3ee0, 0x0000014f6a1d40d8]

GC Heap History (20 events):
Event: 13.798 GC heap after
{Heap after GC invocations=29 (full 0):
 garbage-first heap   total 147456K, used 86561K [0x00000000a2200000, 0x0000000100000000)
  region size 1024K, 1 young (1024K), 1 survivors (1024K)
 Metaspace       used 66998K, committed 67264K, reserved 1114112K
  class space    used 7645K, committed 7744K, reserved 1048576K
}
Event: 14.356 GC heap before
{Heap before GC invocations=29 (full 0):
 garbage-first heap   total 147456K, used 121377K [0x00000000a2200000, 0x0000000100000000)
  region size 1024K, 35 young (35840K), 1 survivors (1024K)
 Metaspace       used 73010K, committed 73216K, reserved 1114112K
  class space    used 8296K, committed 8384K, reserved 1048576K
}
Event: 14.394 GC heap after
{Heap after GC invocations=30 (full 0):
 garbage-first heap   total 294912K, used 88270K [0x00000000a2200000, 0x0000000100000000)
  region size 1024K, 3 young (3072K), 3 survivors (3072K)
 Metaspace       used 73010K, committed 73216K, reserved 1114112K
  class space    used 8296K, committed 8384K, reserved 1048576K
}
Event: 15.461 GC heap before
{Heap before GC invocations=30 (full 0):
 garbage-first heap   total 294912K, used 229582K [0x00000000a2200000, 0x0000000100000000)
  region size 1024K, 141 young (144384K), 3 survivors (3072K)
 Metaspace       used 74223K, committed 74432K, reserved 1179648K
  class space    used 8371K, committed 8448K, reserved 1048576K
}
Event: 15.473 GC heap after
{Heap after GC invocations=31 (full 0):
 garbage-first heap   total 294912K, used 98131K [0x00000000a2200000, 0x0000000100000000)
  region size 1024K, 12 young (12288K), 12 survivors (12288K)
 Metaspace       used 74223K, committed 74432K, reserved 1179648K
  class space    used 8371K, committed 8448K, reserved 1048576K
}
Event: 16.583 GC heap before
{Heap before GC invocations=31 (full 0):
 garbage-first heap   total 294912K, used 228179K [0x00000000a2200000, 0x0000000100000000)
  region size 1024K, 139 young (142336K), 12 survivors (12288K)
 Metaspace       used 76975K, committed 77248K, reserved 1179648K
  class space    used 8612K, committed 8704K, reserved 1048576K
}
Event: 16.700 GC heap after
{Heap after GC invocations=32 (full 0):
 garbage-first heap   total 294912K, used 117966K [0x00000000a2200000, 0x0000000100000000)
  region size 1024K, 18 young (18432K), 18 survivors (18432K)
 Metaspace       used 76975K, committed 77248K, reserved 1179648K
  class space    used 8612K, committed 8704K, reserved 1048576K
}
Event: 17.856 GC heap before
{Heap before GC invocations=32 (full 0):
 garbage-first heap   total 294912K, used 226510K [0x00000000a2200000, 0x0000000100000000)
  region size 1024K, 123 young (125952K), 18 survivors (18432K)
 Metaspace       used 83868K, committed 84160K, reserved 1179648K
  class space    used 9345K, committed 9472K, reserved 1048576K
}
Event: 17.900 GC heap after
{Heap after GC invocations=33 (full 0):
 garbage-first heap   total 294912K, used 141645K [0x00000000a2200000, 0x0000000100000000)
  region size 1024K, 16 young (16384K), 16 survivors (16384K)
 Metaspace       used 83868K, committed 84160K, reserved 1179648K
  class space    used 9345K, committed 9472K, reserved 1048576K
}
Event: 18.724 GC heap before
{Heap before GC invocations=33 (full 0):
 garbage-first heap   total 294912K, used 228685K [0x00000000a2200000, 0x0000000100000000)
  region size 1024K, 101 young (103424K), 16 survivors (16384K)
 Metaspace       used 85752K, committed 86016K, reserved 1179648K
  class space    used 9427K, committed 9536K, reserved 1048576K
}
Event: 18.740 GC heap after
{Heap after GC invocations=34 (full 0):
 garbage-first heap   total 294912K, used 147456K [0x00000000a2200000, 0x0000000100000000)
  region size 1024K, 4 young (4096K), 4 survivors (4096K)
 Metaspace       used 85752K, committed 86016K, reserved 1179648K
  class space    used 9427K, committed 9536K, reserved 1048576K
}
Event: 19.223 GC heap before
{Heap before GC invocations=34 (full 0):
 garbage-first heap   total 294912K, used 235520K [0x00000000a2200000, 0x0000000100000000)
  region size 1024K, 90 young (92160K), 4 survivors (4096K)
 Metaspace       used 86119K, committed 86400K, reserved 1179648K
  class space    used 9435K, committed 9536K, reserved 1048576K
}
Event: 19.233 GC heap after
{Heap after GC invocations=35 (full 0):
 garbage-first heap   total 294912K, used 147651K [0x00000000a2200000, 0x0000000100000000)
  region size 1024K, 5 young (5120K), 5 survivors (5120K)
 Metaspace       used 86119K, committed 86400K, reserved 1179648K
  class space    used 9435K, committed 9536K, reserved 1048576K
}
Event: 20.296 GC heap before
{Heap before GC invocations=35 (full 0):
 garbage-first heap   total 294912K, used 238787K [0x00000000a2200000, 0x0000000100000000)
  region size 1024K, 94 young (96256K), 5 survivors (5120K)
 Metaspace       used 90847K, committed 91072K, reserved 1179648K
  class space    used 9790K, committed 9920K, reserved 1048576K
}
Event: 20.307 GC heap after
{Heap after GC invocations=36 (full 0):
 garbage-first heap   total 294912K, used 153442K [0x00000000a2200000, 0x0000000100000000)
  region size 1024K, 9 young (9216K), 9 survivors (9216K)
 Metaspace       used 90847K, committed 91072K, reserved 1179648K
  class space    used 9790K, committed 9920K, reserved 1048576K
}
Event: 21.592 GC heap before
{Heap before GC invocations=36 (full 0):
 garbage-first heap   total 294912K, used 242530K [0x00000000a2200000, 0x0000000100000000)
  region size 1024K, 96 young (98304K), 9 survivors (9216K)
 Metaspace       used 91702K, committed 91904K, reserved 1179648K
  class space    used 9831K, committed 9920K, reserved 1048576K
}
Event: 21.617 GC heap after
{Heap after GC invocations=37 (full 0):
 garbage-first heap   total 294912K, used 157849K [0x00000000a2200000, 0x0000000100000000)
  region size 1024K, 10 young (10240K), 10 survivors (10240K)
 Metaspace       used 91702K, committed 91904K, reserved 1179648K
  class space    used 9831K, committed 9920K, reserved 1048576K
}
Event: 22.061 GC heap before
{Heap before GC invocations=37 (full 0):
 garbage-first heap   total 294912K, used 244889K [0x00000000a2200000, 0x0000000100000000)
  region size 1024K, 95 young (97280K), 10 survivors (10240K)
 Metaspace       used 91939K, committed 92160K, reserved 1179648K
  class space    used 9831K, committed 9920K, reserved 1048576K
}
Event: 22.077 GC heap after
{Heap after GC invocations=38 (full 0):
 garbage-first heap   total 294912K, used 161652K [0x00000000a2200000, 0x0000000100000000)
  region size 1024K, 9 young (9216K), 9 survivors (9216K)
 Metaspace       used 91939K, committed 92160K, reserved 1179648K
  class space    used 9831K, committed 9920K, reserved 1048576K
}
Event: 22.508 GC heap before
{Heap before GC invocations=38 (full 0):
 garbage-first heap   total 294912K, used 246644K [0x00000000a2200000, 0x0000000100000000)
  region size 1024K, 92 young (94208K), 9 survivors (9216K)
 Metaspace       used 92031K, committed 92224K, reserved 1179648K
  class space    used 9832K, committed 9920K, reserved 1048576K
}

Dll operation events (2 events):
Event: 0.030 Loaded shared library C:\Program Files\Android\Android Studio\jbr\bin\java.dll
Event: 1.227 Loaded shared library C:\Program Files\Android\Android Studio\jbr\bin\verify.dll

Deoptimization events (20 events):
Event: 22.482 Thread 0x0000014f6520b490 Uncommon trap: trap_request=0xffffff45 fr.pc=0x0000014f70b0aaa4 relative=0x0000000000006824
Event: 22.482 Thread 0x0000014f6520b490 Uncommon trap: reason=unstable_if action=reinterpret pc=0x0000014f70b0aaa4 method=org.jetbrains.org.objectweb.asm.Frame.execute(IILorg/jetbrains/org/objectweb/asm/Symbol;Lorg/jetbrains/org/objectweb/asm/SymbolTable;)V @ 1 c2
Event: 22.482 Thread 0x0000014f6520b490 DEOPT PACKING pc=0x0000014f70b0aaa4 sp=0x00000040295fd320
Event: 22.482 Thread 0x0000014f6520b490 DEOPT UNPACKING pc=0x0000014f6fc669a3 sp=0x00000040295fd2b8 mode 2
Event: 22.499 Thread 0x0000014f6520b490 Uncommon trap: trap_request=0xffffffde fr.pc=0x0000014f70a23e04 relative=0x00000000000007e4
Event: 22.499 Thread 0x0000014f6520b490 Uncommon trap: reason=class_check action=maybe_recompile pc=0x0000014f70a23e04 method=org.jetbrains.org.objectweb.asm.Type.equals(Ljava/lang/Object;)Z @ 8 c2
Event: 22.499 Thread 0x0000014f6520b490 DEOPT PACKING pc=0x0000014f70a23e04 sp=0x00000040295fa0c0
Event: 22.499 Thread 0x0000014f6520b490 DEOPT UNPACKING pc=0x0000014f6fc669a3 sp=0x00000040295fa028 mode 2
Event: 22.499 Thread 0x0000014f6520b490 Uncommon trap: trap_request=0xffffffde fr.pc=0x0000014f70a23e04 relative=0x00000000000007e4
Event: 22.499 Thread 0x0000014f6520b490 Uncommon trap: reason=class_check action=maybe_recompile pc=0x0000014f70a23e04 method=org.jetbrains.org.objectweb.asm.Type.equals(Ljava/lang/Object;)Z @ 8 c2
Event: 22.499 Thread 0x0000014f6520b490 DEOPT PACKING pc=0x0000014f70a23e04 sp=0x00000040295fa0c0
Event: 22.499 Thread 0x0000014f6520b490 DEOPT UNPACKING pc=0x0000014f6fc669a3 sp=0x00000040295fa028 mode 2
Event: 22.499 Thread 0x0000014f6520b490 Uncommon trap: trap_request=0xffffffde fr.pc=0x0000014f70a23e04 relative=0x00000000000007e4
Event: 22.499 Thread 0x0000014f6520b490 Uncommon trap: reason=class_check action=maybe_recompile pc=0x0000014f70a23e04 method=org.jetbrains.org.objectweb.asm.Type.equals(Ljava/lang/Object;)Z @ 8 c2
Event: 22.499 Thread 0x0000014f6520b490 DEOPT PACKING pc=0x0000014f70a23e04 sp=0x00000040295fa0c0
Event: 22.499 Thread 0x0000014f6520b490 DEOPT UNPACKING pc=0x0000014f6fc669a3 sp=0x00000040295fa028 mode 2
Event: 22.499 Thread 0x0000014f6520b490 Uncommon trap: trap_request=0xffffffde fr.pc=0x0000014f70a23e04 relative=0x00000000000007e4
Event: 22.499 Thread 0x0000014f6520b490 Uncommon trap: reason=class_check action=maybe_recompile pc=0x0000014f70a23e04 method=org.jetbrains.org.objectweb.asm.Type.equals(Ljava/lang/Object;)Z @ 8 c2
Event: 22.499 Thread 0x0000014f6520b490 DEOPT PACKING pc=0x0000014f70a23e04 sp=0x00000040295fa0c0
Event: 22.499 Thread 0x0000014f6520b490 DEOPT UNPACKING pc=0x0000014f6fc669a3 sp=0x00000040295fa028 mode 2

Classes unloaded (0 events):
No events

Classes redefined (0 events):
No events

Internal exceptions (20 events):
Event: 9.461 Thread 0x0000014f6520b490 Exception <a 'java/lang/NoSuchMethodError'{0x00000000a86e62c0}: 'java.lang.Object java.lang.invoke.DirectMethodHandle$Holder.newInvokeSpecial(java.lang.Object, int, java.lang.Object)'> (0x00000000a86e62c0) 
thrown [s\src\hotspot\share\interpreter\linkResolver.cpp, line 771]
Event: 10.095 Thread 0x0000014f6520b490 Implicit null exception at 0x0000014f704c21d0 to 0x0000014f704c2d90
Event: 10.109 Thread 0x0000014f6520b490 Implicit null exception at 0x0000014f701c7ed5 to 0x0000014f701c8494
Event: 10.117 Thread 0x0000014f6520b490 Implicit null exception at 0x0000014f701ca752 to 0x0000014f701cacfc
Event: 12.859 Thread 0x0000014f6520b490 Implicit null exception at 0x0000014f70699360 to 0x0000014f7069d8f0
Event: 13.084 Thread 0x0000014f6520b490 Implicit null exception at 0x0000014f701c834f to 0x0000014f701c85b8
Event: 13.087 Thread 0x0000014f6520b490 Implicit null exception at 0x0000014f703e932c to 0x0000014f703f0820
Event: 13.185 Thread 0x0000014f6520b490 Exception <a 'java/lang/NoSuchMethodError'{0x00000000a8ab5e80}: 'int java.lang.invoke.DirectMethodHandle$Holder.invokeVirtual(java.lang.Object, java.lang.Object, java.lang.Object)'> (0x00000000a8ab5e80) 
thrown [s\src\hotspot\share\interpreter\linkResolver.cpp, line 771]
Event: 13.203 Thread 0x0000014f6520b490 Exception <a 'java/lang/NoSuchMethodError'{0x00000000fff00f80}: 'java.lang.Object java.lang.invoke.DirectMethodHandle$Holder.invokeStatic(java.lang.Object, java.lang.Object, java.lang.Object, java.lang.Object, int)'> (0x00000000fff00f80) 
thrown [s\src\hotspot\share\interpreter\linkResolver.cpp, line 771]
Event: 13.203 Thread 0x0000014f6520b490 Exception <a 'java/lang/NoSuchMethodError'{0x00000000fff0bc58}: 'java.lang.Object java.lang.invoke.DirectMethodHandle$Holder.newInvokeSpecial(java.lang.Object, java.lang.Object, java.lang.Object, java.lang.Object, int)'> (0x00000000fff0bc58) 
thrown [s\src\hotspot\share\interpreter\linkResolver.cpp, line 771]
Event: 13.204 Thread 0x0000014f6520b490 Exception <a 'java/lang/NoSuchMethodError'{0x00000000fff11a20}: 'java.lang.Object java.lang.invoke.DirectMethodHandle$Holder.invokeSpecial(java.lang.Object, java.lang.Object, java.lang.Object, java.lang.Object, java.lang.Object, int)'> (0x00000000fff11a20) 
thrown [s\src\hotspot\share\interpreter\linkResolver.cpp, line 771]
Event: 13.204 Thread 0x0000014f6520b490 Exception <a 'java/lang/NoSuchMethodError'{0x00000000fff17198}: 'java.lang.Object java.lang.invoke.Invokers$Holder.linkToTargetMethod(java.lang.Object, java.lang.Object, java.lang.Object, int, java.lang.Object)'> (0x00000000fff17198) 
thrown [s\src\hotspot\share\interpreter\linkResolver.cpp, line 771]
Event: 13.754 Thread 0x0000014f6520b490 Implicit null exception at 0x0000014f7070d8dc to 0x0000014f7070dd80
Event: 13.754 Thread 0x0000014f6520b490 Implicit null exception at 0x0000014f7070ce18 to 0x0000014f7070d160
Event: 13.754 Thread 0x0000014f6520b490 Implicit null exception at 0x0000014f7037f553 to 0x0000014f7037f6fc
Event: 14.012 Thread 0x0000014f6520b490 Implicit null exception at 0x0000014f70304662 to 0x0000014f703049f0
Event: 14.013 Thread 0x0000014f6520b490 Implicit null exception at 0x0000014f70300dd3 to 0x0000014f7030110c
Event: 14.326 Thread 0x0000014f6520b490 Implicit null exception at 0x0000014f70211f70 to 0x0000014f70212198
Event: 14.679 Thread 0x0000014f6520b490 Implicit null exception at 0x0000014f704643ea to 0x0000014f70464590
Event: 18.518 Thread 0x0000014f6520b490 Implicit null exception at 0x0000014f709524ff to 0x0000014f709530a4

VM Operations (20 events):
Event: 21.072 Executing VM operation: HandshakeAllThreads done
Event: 21.075 Executing VM operation: HandshakeAllThreads
Event: 21.075 Executing VM operation: HandshakeAllThreads done
Event: 21.112 Executing VM operation: ICBufferFull
Event: 21.112 Executing VM operation: ICBufferFull done
Event: 21.310 Executing VM operation: HandshakeAllThreads
Event: 21.310 Executing VM operation: HandshakeAllThreads done
Event: 21.531 Executing VM operation: ICBufferFull
Event: 21.531 Executing VM operation: ICBufferFull done
Event: 21.589 Executing VM operation: HandshakeAllThreads
Event: 21.589 Executing VM operation: HandshakeAllThreads done
Event: 21.592 Executing VM operation: G1CollectForAllocation
Event: 21.617 Executing VM operation: G1CollectForAllocation done
Event: 21.921 Executing VM operation: HandshakeAllThreads
Event: 21.921 Executing VM operation: HandshakeAllThreads done
Event: 22.031 Executing VM operation: ICBufferFull
Event: 22.031 Executing VM operation: ICBufferFull done
Event: 22.061 Executing VM operation: G1CollectForAllocation
Event: 22.077 Executing VM operation: G1CollectForAllocation done
Event: 22.508 Executing VM operation: G1CollectForAllocation

Events (20 events):
Event: 21.949 Thread 0x0000014f7e30cd00 flushing nmethod 0x0000014f6ab59110
Event: 21.949 Thread 0x0000014f7e30cd00 flushing nmethod 0x0000014f6ab8f190
Event: 21.950 Thread 0x0000014f7e30cd00 flushing nmethod 0x0000014f6ad6c310
Event: 21.950 Thread 0x0000014f7e30cd00 flushing nmethod 0x0000014f6adb5890
Event: 21.951 Thread 0x0000014f7e30cd00 flushing nmethod 0x0000014f6af98590
Event: 21.951 Thread 0x0000014f7e30cd00 flushing nmethod 0x0000014f6b031d10
Event: 21.952 Thread 0x0000014f7e30cd00 flushing nmethod 0x0000014f6b122f10
Event: 21.953 Thread 0x0000014f7e30cd00 flushing nmethod 0x0000014f6b32a910
Event: 21.953 Thread 0x0000014f7e30cd00 flushing nmethod 0x0000014f6b339190
Event: 21.953 Thread 0x0000014f7e30cd00 flushing nmethod 0x0000014f6b341190
Event: 21.953 Thread 0x0000014f7e30cd00 flushing nmethod 0x0000014f6b342410
Event: 21.953 Thread 0x0000014f7e30cd00 flushing nmethod 0x0000014f6b343090
Event: 21.953 Thread 0x0000014f7e30cd00 flushing nmethod 0x0000014f6b348590
Event: 21.953 Thread 0x0000014f7e30cd00 flushing nmethod 0x0000014f6b357910
Event: 21.953 Thread 0x0000014f7e30cd00 flushing nmethod 0x0000014f6b370b10
Event: 21.953 Thread 0x0000014f7e30cd00 flushing nmethod 0x0000014f6b378490
Event: 21.953 Thread 0x0000014f7e30cd00 flushing nmethod 0x0000014f6b392c90
Event: 21.953 Thread 0x0000014f7e30cd00 flushing nmethod 0x0000014f6b3d2090
Event: 21.953 Thread 0x0000014f7e30cd00 flushing nmethod 0x0000014f6b3ead90
Event: 21.953 Thread 0x0000014f7e30cd00 flushing nmethod 0x0000014f6b3fb710


Dynamic libraries:
0x00007ff728c10000 - 0x00007ff728c1a000 	C:\Program Files\Android\Android Studio\jbr\bin\java.exe
0x00007ffb2fe70000 - 0x00007ffb30087000 	C:\WINDOWS\SYSTEM32\ntdll.dll
0x00007ffb2e560000 - 0x00007ffb2e624000 	C:\WINDOWS\System32\KERNEL32.DLL
0x00007ffb2d660000 - 0x00007ffb2da0c000 	C:\WINDOWS\System32\KERNELBASE.dll
0x00007ffb2da90000 - 0x00007ffb2dba1000 	C:\WINDOWS\System32\ucrtbase.dll
0x00007ffb00990000 - 0x00007ffb009a7000 	C:\Program Files\Android\Android Studio\jbr\bin\jli.dll
0x00007ffb0bf50000 - 0x00007ffb0bf6b000 	C:\Program Files\Android\Android Studio\jbr\bin\VCRUNTIME140.dll
0x00007ffb2e630000 - 0x00007ffb2e7de000 	C:\WINDOWS\System32\USER32.dll
0x00007ffb2d430000 - 0x00007ffb2d456000 	C:\WINDOWS\System32\win32u.dll
0x00007ffb126e0000 - 0x00007ffb12973000 	C:\WINDOWS\WinSxS\amd64_microsoft.windows.common-controls_6595b64144ccf1df_6.0.22621.3672_none_2713b9d173822955\COMCTL32.dll
0x00007ffb2f3e0000 - 0x00007ffb2f409000 	C:\WINDOWS\System32\GDI32.dll
0x00007ffb2e7f0000 - 0x00007ffb2e897000 	C:\WINDOWS\System32\msvcrt.dll
0x00007ffb2d1a0000 - 0x00007ffb2d2b9000 	C:\WINDOWS\System32\gdi32full.dll
0x00007ffb2d5c0000 - 0x00007ffb2d65a000 	C:\WINDOWS\System32\msvcp_win.dll
0x00007ffb2e290000 - 0x00007ffb2e2c1000 	C:\WINDOWS\System32\IMM32.DLL
0x00007ffb0e4c0000 - 0x00007ffb0e4cc000 	C:\Program Files\Android\Android Studio\jbr\bin\vcruntime140_1.dll
0x00007ffaee5a0000 - 0x00007ffaee62d000 	C:\Program Files\Android\Android Studio\jbr\bin\msvcp140.dll
0x00007ffaef740000 - 0x00007ffaf03c3000 	C:\Program Files\Android\Android Studio\jbr\bin\server\jvm.dll
0x00007ffb2ed80000 - 0x00007ffb2ee32000 	C:\WINDOWS\System32\ADVAPI32.dll
0x00007ffb2f060000 - 0x00007ffb2f10a000 	C:\WINDOWS\System32\sechost.dll
0x00007ffb2d4d0000 - 0x00007ffb2d4f8000 	C:\WINDOWS\System32\bcrypt.dll
0x00007ffb2ef40000 - 0x00007ffb2f055000 	C:\WINDOWS\System32\RPCRT4.dll
0x00007ffb26a00000 - 0x00007ffb26a34000 	C:\WINDOWS\SYSTEM32\WINMM.dll
0x00007ffb252c0000 - 0x00007ffb252ca000 	C:\WINDOWS\SYSTEM32\VERSION.dll
0x00007ffb2d060000 - 0x00007ffb2d0ad000 	C:\WINDOWS\SYSTEM32\POWRPROF.dll
0x00007ffb0ea40000 - 0x00007ffb0ea49000 	C:\WINDOWS\SYSTEM32\WSOCK32.dll
0x00007ffb2f170000 - 0x00007ffb2f1e1000 	C:\WINDOWS\System32\ws2_32.DLL
0x00007ffb2d040000 - 0x00007ffb2d053000 	C:\WINDOWS\SYSTEM32\UMPDC.dll
0x00007ffb2c1d0000 - 0x00007ffb2c1e8000 	C:\WINDOWS\SYSTEM32\kernel.appcore.dll
0x00007ffb0e7a0000 - 0x00007ffb0e7aa000 	C:\Program Files\Android\Android Studio\jbr\bin\jimage.dll
0x00007ffb2abc0000 - 0x00007ffb2adf2000 	C:\WINDOWS\SYSTEM32\DBGHELP.DLL
0x00007ffb2dc20000 - 0x00007ffb2dfa8000 	C:\WINDOWS\System32\combase.dll
0x00007ffb2e1b0000 - 0x00007ffb2e287000 	C:\WINDOWS\System32\OLEAUT32.dll
0x00007ffb1d7f0000 - 0x00007ffb1d822000 	C:\WINDOWS\SYSTEM32\dbgcore.DLL
0x00007ffb2da10000 - 0x00007ffb2da8b000 	C:\WINDOWS\System32\bcryptPrimitives.dll
0x00007ffb00c20000 - 0x00007ffb00c45000 	C:\Program Files\Android\Android Studio\jbr\bin\java.dll
0x00007ffb01c00000 - 0x00007ffb01c18000 	C:\Program Files\Android\Android Studio\jbr\bin\zip.dll
0x00007ffb2f5d0000 - 0x00007ffb2fe2c000 	C:\WINDOWS\System32\SHELL32.dll
0x00007ffb2b0f0000 - 0x00007ffb2b9e7000 	C:\WINDOWS\SYSTEM32\windows.storage.dll
0x00007ffb2afb0000 - 0x00007ffb2b0ef000 	C:\WINDOWS\SYSTEM32\wintypes.dll
0x00007ffb2ee40000 - 0x00007ffb2ef34000 	C:\WINDOWS\System32\SHCORE.dll
0x00007ffb2f110000 - 0x00007ffb2f16e000 	C:\WINDOWS\System32\shlwapi.dll
0x00007ffb2d0d0000 - 0x00007ffb2d0f1000 	C:\WINDOWS\SYSTEM32\profapi.dll
0x00007ffb00c00000 - 0x00007ffb00c19000 	C:\Program Files\Android\Android Studio\jbr\bin\net.dll
0x00007ffb29660000 - 0x00007ffb29796000 	C:\WINDOWS\SYSTEM32\WINHTTP.dll
0x00007ffb2c640000 - 0x00007ffb2c6a9000 	C:\WINDOWS\system32\mswsock.dll
0x00007ffb009c0000 - 0x00007ffb009d6000 	C:\Program Files\Android\Android Studio\jbr\bin\nio.dll
0x00007ffb0bf30000 - 0x00007ffb0bf40000 	C:\Program Files\Android\Android Studio\jbr\bin\verify.dll

dbghelp: loaded successfully - version: 4.0.5 - missing functions: none
symbol engine: initialized successfully - sym options: 0x614 - pdb path: .;C:\Program Files\Android\Android Studio\jbr\bin;C:\WINDOWS\SYSTEM32;C:\WINDOWS\WinSxS\amd64_microsoft.windows.common-controls_6595b64144ccf1df_6.0.22621.3672_none_2713b9d173822955;C:\Program Files\Android\Android Studio\jbr\bin\server

VM Arguments:
java_command: org.jetbrains.kotlin.cli.jvm.K2JVMCompiler @C:\Users\aksha\Downloads\CAMPUS-NAVIGATION-main\CAMPUS-NAVIGATION-main\app\build\20240617_13908804046277228133.compiler.options
java_class_path (initial): C:\Users\aksha\.gradle\caches\modules-2\files-2.1\org.jetbrains.kotlin\kotlin-compiler-embeddable\1.5.21\40ddbcae9ff100473f95370c2d589ba3fc48eed5\kotlin-compiler-embeddable-1.5.21.jar;C:\Users\aksha\.gradle\caches\modules-2\files-2.1\org.jetbrains.kotlin\kotlin-reflect\1.5.21\802f1f39735ae1eb2b75714a40fa19bb2e687e96\kotlin-reflect-1.5.21.jar;C:\Users\aksha\.gradle\caches\modules-2\files-2.1\org.jetbrains.kotlin\kotlin-stdlib\1.5.21\2f537cad7e9eeb9da73738c8812e1e4cf9b62e4e\kotlin-stdlib-1.5.21.jar;C:\Users\aksha\.gradle\caches\modules-2\files-2.1\org.jetbrains.kotlin\kotlin-script-runtime\1.5.21\96d49e89873fde985750af354b6eabb60cfa999b\kotlin-script-runtime-1.5.21.jar;C:\Users\aksha\.gradle\caches\modules-2\files-2.1\org.jetbrains.kotlin\kotlin-daemon-embeddable\1.5.21\17255809e66a940dfdf6289bccbdfb5a09f3145\kotlin-daemon-embeddable-1.5.21.jar;C:\Users\aksha\.gradle\caches\modules-2\files-2.1\org.jetbrains.intellij.deps\trove4j\1.0.20181211\216c2e14b070f334479d800987affe4054cd563f\trove4j-1.0.20181211.jar;C:\Users\aksha\.gradle\caches\modules-2\files-2.1\org.jetbrains\annotations\13.0\919f0dfe192fb4e063e7dacadee7f8bb9a2672a9\annotations-13.0.jar;C:\Users\aksha\.gradle\caches\modules-2\files-2.1\org.jetbrains.kotlin\kotlin-stdlib-common\1.5.21\cc8bf3586fd2ebcf234058b9440bb406e62dfacb\kotlin-stdlib-common-1.5.21.jar
Launcher Type: SUN_STANDARD

[Global flags]
     intx CICompilerCount                          = 4                                         {product} {ergonomic}
     uint ConcGCThreads                            = 3                                         {product} {ergonomic}
     uint G1ConcRefinementThreads                  = 10                                        {product} {ergonomic}
   size_t G1HeapRegionSize                         = 1048576                                   {product} {ergonomic}
    uintx GCDrainStackTargetSize                   = 64                                        {product} {ergonomic}
   size_t InitialHeapSize                          = 98566144                                  {product} {ergonomic}
   size_t MarkStackSize                            = 4194304                                   {product} {ergonomic}
   size_t MaxHeapSize                              = 1574961152                                {product} {ergonomic}
   size_t MaxNewSize                               = 944766976                                 {product} {ergonomic}
   size_t MinHeapDeltaBytes                        = 1048576                                   {product} {ergonomic}
   size_t MinHeapSize                              = 8388608                                   {product} {ergonomic}
    uintx NonNMethodCodeHeapSize                   = 5839372                                {pd product} {ergonomic}
    uintx NonProfiledCodeHeapSize                  = 122909434                              {pd product} {ergonomic}
    uintx ProfiledCodeHeapSize                     = 122909434                              {pd product} {ergonomic}
    uintx ReservedCodeCacheSize                    = 251658240                              {pd product} {ergonomic}
     bool SegmentedCodeCache                       = true                                      {product} {ergonomic}
   size_t SoftMaxHeapSize                          = 1574961152                             {manageable} {ergonomic}
     bool UseCompressedClassPointers               = true                           {product lp64_product} {ergonomic}
     bool UseCompressedOops                        = true                           {product lp64_product} {ergonomic}
     bool UseG1GC                                  = true                                      {product} {ergonomic}
     bool UseLargePagesIndividualAllocation        = false                                  {pd product} {ergonomic}

Logging:
Log output configuration:
 #0: stdout all=warning uptime,level,tags
 #1: stderr all=off uptime,level,tags

Environment Variables:
PATH=C:\WINDOWS\system32;C:\WINDOWS;C:\WINDOWS\System32\Wbem;C:\WINDOWS\System32\WindowsPowerShell\v1.0\;C:\WINDOWS\System32\OpenSSH\;C:\MinGW\bin;C:\Users\aksha\OneDrive\Desktop\VS;C:\Program Files\Git\cmd;C:\Program Files\MySQL\MySQL Server 8.0\bin;C:\Program Files\MySQL\MySQL Shell 8.0\bin\;C:\Users\aksha\AppData\Local\Programs\Python\Python311\Scripts\;C:\Users\aksha\AppData\Local\Programs\Python\Python311\;C:\Users\aksha\AppData\Local\Programs\Python\Launcher\;C:\Users\aksha\AppData\Local\Microsoft\WindowsApps;C:\MinGW\bin;C:\Users\aksha\AppData\Local\Programs\Microsoft VS Code\bin;C:\Users\aksha\AppData\Local\GitHubDesktop\bin
USERNAME=aksha
OS=Windows_NT
PROCESSOR_IDENTIFIER=AMD64 Family 23 Model 104 Stepping 1, AuthenticAMD
TMP=C:\Users\aksha\AppData\Local\Temp
TEMP=C:\Users\aksha\AppData\Local\Temp



Periodic native trim disabled

JNI global refs:
JNI global refs: 11, weak refs: 44

JNI global refs memory usage: 843, weak refs: 841

OOME stack traces (most recent first):
Classloader memory used:
Loader jdk.internal.loader.ClassLoaders$AppClassLoader                                 : 9528K
Loader bootstrap                                                                       : 1716K
Loader java.net.URLClassLoader                                                         : 200K
Loader jdk.internal.loader.ClassLoaders$PlatformClassLoader                            : 34451B
Loader jdk.internal.reflect.DelegatingClassLoader                                      : 24696B


---------------  S Y S T E M  ---------------

OS:
 Windows 11 , 64 bit Build 22621 (10.0.22621.3672)
OS uptime: 1 days 10:56 hours

CPU: total 12 (initial active 12) (12 cores per cpu, 2 threads per core) family 23 model 104 stepping 1 microcode 0x0, cx8, cmov, fxsr, ht, mmx, 3dnowpref, sse, sse2, sse3, ssse3, sse4a, sse4.1, sse4.2, popcnt, lzcnt, tsc, tscinvbit, avx, avx2, aes, clmul, bmi1, bmi2, adx, sha, fma, vzeroupper, clflush, clflushopt
Processor Information for processor 0
  Max Mhz: 2100, Current Mhz: 2100, Mhz Limit: 2100
Processor Information for processor 1
  Max Mhz: 2100, Current Mhz: 1988, Mhz Limit: 2100
Processor Information for processor 2
  Max Mhz: 2100, Current Mhz: 1988, Mhz Limit: 2100
Processor Information for processor 3
  Max Mhz: 2100, Current Mhz: 1988, Mhz Limit: 2100
Processor Information for processor 4
  Max Mhz: 2100, Current Mhz: 1988, Mhz Limit: 2100
Processor Information for processor 5
  Max Mhz: 2100, Current Mhz: 1988, Mhz Limit: 2100
Processor Information for processor 6
  Max Mhz: 2100, Current Mhz: 1988, Mhz Limit: 2100
Processor Information for processor 7
  Max Mhz: 2100, Current Mhz: 1988, Mhz Limit: 2100
Processor Information for processor 8
  Max Mhz: 2100, Current Mhz: 2100, Mhz Limit: 2100
Processor Information for processor 9
  Max Mhz: 2100, Current Mhz: 1988, Mhz Limit: 2100
Processor Information for processor 10
  Max Mhz: 2100, Current Mhz: 1988, Mhz Limit: 2100
Processor Information for processor 11
  Max Mhz: 2100, Current Mhz: 1988, Mhz Limit: 2100

Memory: 4k page, system-wide physical 6005M (657M free)
TotalPageFile size 24433M (AvailPageFile size 50M)
current process WorkingSet (physical memory assigned to process): 380M, peak: 387M
current process commit charge ("private bytes"): 593M, peak: 683M

vm_info: OpenJDK 64-Bit Server VM (17.0.10+0--11572160) for windows-amd64 JRE (17.0.10+0--11572160), built on Mar 13 2024 23:56:38 by "androidbuild" with MS VC++ 16.10 / 16.11 (VS2019)

END.
