#
# There is insufficient memory for the Java Runtime Environment to continue.
# Native memory allocation (mmap) failed to map 211812352 bytes for G1 virtual space
# Possible reasons:
#   The system is out of physical RAM or swap space
#   The process is running with CompressedOops enabled, and the Java Heap may be blocking the growth of the native heap
# Possible solutions:
#   Reduce memory load on the system
#   Increase physical memory or swap space
#   Check if swap backing store is full
#   Decrease Java heap size (-Xmx/-Xms)
#   Decrease number of Java threads
#   Decrease Java thread stack sizes (-Xss)
#   Set larger code cache with -XX:ReservedCodeCacheSize=
#   JVM is running with Unscaled Compressed Oops mode in which the Java heap is
#     placed in the first 4GB address space. The Java Heap base address is the
#     maximum limit for the native heap growth. Please use -XX:HeapBaseMinAddress
#     to set the Java Heap base and to place the Java Heap above 4GB virtual address.
# This output file may be truncated or incomplete.
#
#  Out of Memory Error (os_windows.cpp:3825), pid=10348, tid=5752
#
# JRE version: OpenJDK Runtime Environment (17.0.10) (build 17.0.10+0--11572160)
# Java VM: OpenJDK 64-Bit Server VM (17.0.10+0--11572160, mixed mode, tiered, compressed oops, compressed class ptrs, g1 gc, windows-amd64)
# No core dump will be written. Minidumps are not enabled by default on client versions of Windows
#

---------------  S U M M A R Y ------------

Command Line: org.jetbrains.kotlin.cli.jvm.K2JVMCompiler @C:\Users\aksha\Downloads\CAMPUS-NAVIGATION-main\CAMPUS-NAVIGATION-main\app\build\20240617_17371145564331838458.compiler.options

Host: AMD Ryzen 5 5500U with Radeon Graphics         , 12 cores, 5G,  Windows 11 , 64 bit Build 22621 (10.0.22621.3672)
Time: Mon Jun 17 23:54:56 2024 India Standard Time elapsed time: 13.938918 seconds (0d 0h 0m 13s)

---------------  T H R E A D  ---------------

Current thread (0x000001659d0487d0):  VMThread "VM Thread" [stack: 0x00000010f0900000,0x00000010f0a00000] [id=5752]

Stack: [0x00000010f0900000,0x00000010f0a00000]
Native frames: (J=compiled Java code, j=interpreted, Vv=VM code, C=native code)
V  [jvm.dll+0x688e89]
V  [jvm.dll+0x84247a]
V  [jvm.dll+0x8440be]
V  [jvm.dll+0x844723]
V  [jvm.dll+0x24be0f]
V  [jvm.dll+0x685c59]
V  [jvm.dll+0x67a50a]
V  [jvm.dll+0x30cbab]
V  [jvm.dll+0x314056]
V  [jvm.dll+0x363dce]
V  [jvm.dll+0x363fff]
V  [jvm.dll+0x2e2978]
V  [jvm.dll+0x2e0b54]
V  [jvm.dll+0x2e015c]
V  [jvm.dll+0x32502b]
V  [jvm.dll+0x848e1b]
V  [jvm.dll+0x849b61]
V  [jvm.dll+0x84a07d]
V  [jvm.dll+0x84a454]
V  [jvm.dll+0x84a520]
V  [jvm.dll+0x7f0d1a]
V  [jvm.dll+0x687d05]
C  [ucrtbase.dll+0x29333]
C  [KERNEL32.DLL+0x1257d]
C  [ntdll.dll+0x5af28]

VM_Operation (0x00000010f03f8ac0): G1CollectForAllocation, mode: safepoint, requested by thread 0x00000165841db7a0


---------------  P R O C E S S  ---------------

Threads class SMR info:
_java_thread_list=0x000001659d466410, length=12, elements={
0x00000165841db7a0, 0x000001659d04f920, 0x000001659d0507a0, 0x000001659d07bf90,
0x000001659d07ca60, 0x000001659d07d920, 0x000001659d07e2e0, 0x000001659d2d60c0,
0x000001659d2d6b70, 0x000001659d2d9a90, 0x000001659d459640, 0x000001659d472430
}

Java Threads: ( => current thread )
  0x00000165841db7a0 JavaThread "main" [_thread_blocked, id=16728, stack(0x00000010f0300000,0x00000010f0400000)]
  0x000001659d04f920 JavaThread "Reference Handler" daemon [_thread_blocked, id=17820, stack(0x00000010f0a00000,0x00000010f0b00000)]
  0x000001659d0507a0 JavaThread "Finalizer" daemon [_thread_blocked, id=16872, stack(0x00000010f0b00000,0x00000010f0c00000)]
  0x000001659d07bf90 JavaThread "Signal Dispatcher" daemon [_thread_blocked, id=15252, stack(0x00000010f0c00000,0x00000010f0d00000)]
  0x000001659d07ca60 JavaThread "Attach Listener" daemon [_thread_blocked, id=17500, stack(0x00000010f0d00000,0x00000010f0e00000)]
  0x000001659d07d920 JavaThread "Service Thread" daemon [_thread_blocked, id=17972, stack(0x00000010f0e00000,0x00000010f0f00000)]
  0x000001659d07e2e0 JavaThread "Monitor Deflation Thread" daemon [_thread_blocked, id=17260, stack(0x00000010f0f00000,0x00000010f1000000)]
  0x000001659d2d60c0 JavaThread "C2 CompilerThread0" daemon [_thread_blocked, id=16496, stack(0x00000010f1000000,0x00000010f1100000)]
  0x000001659d2d6b70 JavaThread "C1 CompilerThread0" daemon [_thread_blocked, id=18208, stack(0x00000010f1100000,0x00000010f1200000)]
  0x000001659d2d9a90 JavaThread "Sweeper thread" daemon [_thread_blocked, id=21052, stack(0x00000010f1200000,0x00000010f1300000)]
  0x000001659d459640 JavaThread "Notification Thread" daemon [_thread_blocked, id=19856, stack(0x00000010f1300000,0x00000010f1400000)]
  0x000001659d472430 JavaThread "Common-Cleaner" daemon [_thread_blocked, id=360, stack(0x00000010f1500000,0x00000010f1600000)]

Other Threads:
=>0x000001659d0487d0 VMThread "VM Thread" [stack: 0x00000010f0900000,0x00000010f0a00000] [id=5752]
  0x000001659d459b20 WatcherThread [stack: 0x00000010f1400000,0x00000010f1500000] [id=6380]
  0x0000016584227490 GCTaskThread "GC Thread#0" [stack: 0x00000010f0400000,0x00000010f0500000] [id=13424]
  0x000001659da25420 GCTaskThread "GC Thread#1" [stack: 0x00000010f1600000,0x00000010f1700000] [id=3748]
  0x000001659da3b750 GCTaskThread "GC Thread#2" [stack: 0x00000010f1700000,0x00000010f1800000] [id=12576]
  0x000001659da3ba10 GCTaskThread "GC Thread#3" [stack: 0x00000010f1800000,0x00000010f1900000] [id=6136]
  0x000001659da3fce0 GCTaskThread "GC Thread#4" [stack: 0x00000010f1900000,0x00000010f1a00000] [id=8304]
  0x000001659dd9c250 GCTaskThread "GC Thread#5" [stack: 0x00000010f1a00000,0x00000010f1b00000] [id=9228]
  0x000001659deaebd0 GCTaskThread "GC Thread#6" [stack: 0x00000010f1b00000,0x00000010f1c00000] [id=17296]
  0x00000165a21a2b40 GCTaskThread "GC Thread#7" [stack: 0x00000010f1c00000,0x00000010f1d00000] [id=20692]
  0x00000165a21a2e00 GCTaskThread "GC Thread#8" [stack: 0x00000010f1d00000,0x00000010f1e00000] [id=10932]
  0x00000165a227c0f0 GCTaskThread "GC Thread#9" [stack: 0x00000010f2000000,0x00000010f2100000] [id=16316]
  0x0000016584233fa0 ConcurrentGCThread "G1 Main Marker" [stack: 0x00000010f0500000,0x00000010f0600000] [id=20844]
  0x00000165842349c0 ConcurrentGCThread "G1 Conc#0" [stack: 0x00000010f0600000,0x00000010f0700000] [id=9508]
  0x000001659dd9b030 ConcurrentGCThread "G1 Conc#1" [stack: 0x00000010f1e00000,0x00000010f1f00000] [id=8812]
  0x000001659dd9b2f0 ConcurrentGCThread "G1 Conc#2" [stack: 0x00000010f1f00000,0x00000010f2000000] [id=20952]
  0x000001659ceb04b0 ConcurrentGCThread "G1 Refine#0" [stack: 0x00000010f0700000,0x00000010f0800000] [id=14916]
  0x000001659ceb0cf0 ConcurrentGCThread "G1 Service" [stack: 0x00000010f0800000,0x00000010f0900000] [id=20224]

Threads with active compile tasks:
C2 CompilerThread0    13997 6585       4       org.jetbrains.kotlin.cli.jvm.index.JvmDependenciesIndexImpl::travelPath (170 bytes)
C1 CompilerThread0    13997 6686   !   2       org.jetbrains.kotlin.psi.KtElementImplStub::getContainingKtFile (169 bytes)

VM state: at safepoint (normal execution)

VM Mutex/Monitor currently owned by a thread:  ([mutex/lock_event])
[0x00000165841c63a0] Threads_lock - owner thread: 0x000001659d0487d0
[0x00000165841d5580] Heap_lock - owner thread: 0x00000165841db7a0

Heap address: 0x00000000a2200000, size: 1502 MB, Compressed Oops mode: 32-bit

CDS archive(s) not mapped
Compressed class space mapped at: 0x0000000100000000-0x0000000140000000, reserved size: 1073741824
Narrow klass base: 0x0000000000000000, Narrow klass shift: 3, Narrow klass range: 0x140000000

GC Precious Log:
 CPUs: 12 total, 12 available
 Memory: 6005M
 Large Page Support: Disabled
 NUMA Support: Disabled
 Compressed Oops: Enabled (32-bit)
 Heap Region Size: 1M
 Heap Min Capacity: 8M
 Heap Initial Capacity: 94M
 Heap Max Capacity: 1502M
 Pre-touch: Disabled
 Parallel Workers: 10
 Concurrent Workers: 3
 Concurrent Refinement Workers: 10
 Periodic GC: Disabled

Heap:
 garbage-first heap   total 103424K, used 59377K [0x00000000a2200000, 0x0000000100000000)
  region size 1024K, 3 young (3072K), 3 survivors (3072K)
 Metaspace       used 55809K, committed 56064K, reserved 1114112K
  class space    used 6504K, committed 6592K, reserved 1048576K

Heap Regions: E=young(eden), S=young(survivor), O=old, HS=humongous(starts), HC=humongous(continues), CS=collection set, F=free, OA=open archive, CA=closed archive, TAMS=top-at-mark-start (previous, next)
|   0|0x00000000a2200000, 0x00000000a2300000, 0x00000000a2300000|100%|HS|  |TAMS 0x00000000a2300000, 0x00000000a2200000| Complete 
|   1|0x00000000a2300000, 0x00000000a2400000, 0x00000000a2400000|100%|HC|  |TAMS 0x00000000a2400000, 0x00000000a2300000| Complete 
|   2|0x00000000a2400000, 0x00000000a2500000, 0x00000000a2500000|100%|HC|  |TAMS 0x00000000a2500000, 0x00000000a2400000| Complete 
|   3|0x00000000a2500000, 0x00000000a2600000, 0x00000000a2600000|100%| O|  |TAMS 0x00000000a2600000, 0x00000000a2500000| Untracked 
|   4|0x00000000a2600000, 0x00000000a2700000, 0x00000000a2700000|100%| O|  |TAMS 0x00000000a2700000, 0x00000000a2600000| Untracked 
|   5|0x00000000a2700000, 0x00000000a2800000, 0x00000000a2800000|100%| O|  |TAMS 0x00000000a2800000, 0x00000000a2700000| Untracked 
|   6|0x00000000a2800000, 0x00000000a2900000, 0x00000000a2900000|100%|HS|  |TAMS 0x00000000a2900000, 0x00000000a2800000| Complete 
|   7|0x00000000a2900000, 0x00000000a2a00000, 0x00000000a2a00000|100%|HC|  |TAMS 0x00000000a2a00000, 0x00000000a2900000| Complete 
|   8|0x00000000a2a00000, 0x00000000a2b00000, 0x00000000a2b00000|100%|HC|  |TAMS 0x00000000a2b00000, 0x00000000a2a00000| Complete 
|   9|0x00000000a2b00000, 0x00000000a2c00000, 0x00000000a2c00000|100%|HS|  |TAMS 0x00000000a2c00000, 0x00000000a2b00000| Complete 
|  10|0x00000000a2c00000, 0x00000000a2d00000, 0x00000000a2d00000|100%|HC|  |TAMS 0x00000000a2d00000, 0x00000000a2c00000| Complete 
|  11|0x00000000a2d00000, 0x00000000a2e00000, 0x00000000a2e00000|100%|HC|  |TAMS 0x00000000a2e00000, 0x00000000a2d00000| Complete 
|  12|0x00000000a2e00000, 0x00000000a2f00000, 0x00000000a2f00000|100%| O|  |TAMS 0x00000000a2f00000, 0x00000000a2e00000| Untracked 
|  13|0x00000000a2f00000, 0x00000000a3000000, 0x00000000a3000000|100%| O|  |TAMS 0x00000000a3000000, 0x00000000a2f00000| Untracked 
|  14|0x00000000a3000000, 0x00000000a3100000, 0x00000000a3100000|100%| O|  |TAMS 0x00000000a3100000, 0x00000000a3000000| Untracked 
|  15|0x00000000a3100000, 0x00000000a3100000, 0x00000000a3200000|  0%| F|  |TAMS 0x00000000a3100000, 0x00000000a3100000| Untracked 
|  16|0x00000000a3200000, 0x00000000a3200000, 0x00000000a3300000|  0%| F|  |TAMS 0x00000000a3200000, 0x00000000a3200000| Untracked 
|  17|0x00000000a3300000, 0x00000000a3400000, 0x00000000a3400000|100%| O|  |TAMS 0x00000000a3400000, 0x00000000a3300000| Untracked 
|  18|0x00000000a3400000, 0x00000000a3500000, 0x00000000a3500000|100%| O|  |TAMS 0x00000000a3500000, 0x00000000a3400000| Untracked 
|  19|0x00000000a3500000, 0x00000000a3600000, 0x00000000a3600000|100%| O|  |TAMS 0x00000000a3600000, 0x00000000a3500000| Untracked 
|  20|0x00000000a3600000, 0x00000000a3700000, 0x00000000a3700000|100%| O|  |TAMS 0x00000000a3700000, 0x00000000a3600000| Untracked 
|  21|0x00000000a3700000, 0x00000000a3800000, 0x00000000a3800000|100%| O|  |TAMS 0x00000000a3700000, 0x00000000a3700000| Untracked 
|  22|0x00000000a3800000, 0x00000000a38ed400, 0x00000000a3900000| 92%| O|  |TAMS 0x00000000a38ed400, 0x00000000a3800000| Untracked 
|  23|0x00000000a3900000, 0x00000000a3a00000, 0x00000000a3a00000|100%| O|  |TAMS 0x00000000a3a00000, 0x00000000a3900000| Untracked 
|  24|0x00000000a3a00000, 0x00000000a3b00000, 0x00000000a3b00000|100%| O|  |TAMS 0x00000000a3b00000, 0x00000000a3a00000| Untracked 
|  25|0x00000000a3b00000, 0x00000000a3c00000, 0x00000000a3c00000|100%| O|  |TAMS 0x00000000a3c00000, 0x00000000a3b00000| Untracked 
|  26|0x00000000a3c00000, 0x00000000a3d00000, 0x00000000a3d00000|100%| O|  |TAMS 0x00000000a3d00000, 0x00000000a3c00000| Untracked 
|  27|0x00000000a3d00000, 0x00000000a3e00000, 0x00000000a3e00000|100%| O|  |TAMS 0x00000000a3e00000, 0x00000000a3d00000| Untracked 
|  28|0x00000000a3e00000, 0x00000000a3f00000, 0x00000000a3f00000|100%| O|  |TAMS 0x00000000a3f00000, 0x00000000a3e00000| Untracked 
|  29|0x00000000a3f00000, 0x00000000a4000000, 0x00000000a4000000|100%| O|  |TAMS 0x00000000a4000000, 0x00000000a3f00000| Untracked 
|  30|0x00000000a4000000, 0x00000000a4100000, 0x00000000a4100000|100%| O|  |TAMS 0x00000000a4000000, 0x00000000a4000000| Untracked 
|  31|0x00000000a4100000, 0x00000000a4200000, 0x00000000a4200000|100%| O|  |TAMS 0x00000000a4200000, 0x00000000a4100000| Untracked 
|  32|0x00000000a4200000, 0x00000000a4300000, 0x00000000a4300000|100%| O|  |TAMS 0x00000000a4300000, 0x00000000a4200000| Untracked 
|  33|0x00000000a4300000, 0x00000000a4400000, 0x00000000a4400000|100%| O|  |TAMS 0x00000000a4400000, 0x00000000a4300000| Untracked 
|  34|0x00000000a4400000, 0x00000000a4500000, 0x00000000a4500000|100%| O|  |TAMS 0x00000000a4400000, 0x00000000a4400000| Untracked 
|  35|0x00000000a4500000, 0x00000000a4600000, 0x00000000a4600000|100%| O|  |TAMS 0x00000000a4600000, 0x00000000a4500000| Untracked 
|  36|0x00000000a4600000, 0x00000000a4700000, 0x00000000a4700000|100%|HS|  |TAMS 0x00000000a4700000, 0x00000000a4600000| Complete 
|  37|0x00000000a4700000, 0x00000000a4800000, 0x00000000a4800000|100%|HC|  |TAMS 0x00000000a4800000, 0x00000000a4700000| Complete 
|  38|0x00000000a4800000, 0x00000000a4900000, 0x00000000a4900000|100%| O|  |TAMS 0x00000000a4900000, 0x00000000a4800000| Untracked 
|  39|0x00000000a4900000, 0x00000000a4a00000, 0x00000000a4a00000|100%| O|  |TAMS 0x00000000a4900000, 0x00000000a4900000| Untracked 
|  40|0x00000000a4a00000, 0x00000000a4b00000, 0x00000000a4b00000|100%| O|  |TAMS 0x00000000a4a00000, 0x00000000a4a00000| Untracked 
|  41|0x00000000a4b00000, 0x00000000a4c00000, 0x00000000a4c00000|100%| O|  |TAMS 0x00000000a4c00000, 0x00000000a4b00000| Untracked 
|  42|0x00000000a4c00000, 0x00000000a4d00000, 0x00000000a4d00000|100%| O|  |TAMS 0x00000000a4d00000, 0x00000000a4c00000| Untracked 
|  43|0x00000000a4d00000, 0x00000000a4e00000, 0x00000000a4e00000|100%| O|  |TAMS 0x00000000a4e00000, 0x00000000a4d00000| Untracked 
|  44|0x00000000a4e00000, 0x00000000a4f00000, 0x00000000a4f00000|100%| O|  |TAMS 0x00000000a4f00000, 0x00000000a4e00000| Untracked 
|  45|0x00000000a4f00000, 0x00000000a5000000, 0x00000000a5000000|100%| O|  |TAMS 0x00000000a5000000, 0x00000000a4f00000| Untracked 
|  46|0x00000000a5000000, 0x00000000a5100000, 0x00000000a5100000|100%| O|  |TAMS 0x00000000a5100000, 0x00000000a5000000| Untracked 
|  47|0x00000000a5100000, 0x00000000a5200000, 0x00000000a5200000|100%| O|  |TAMS 0x00000000a5200000, 0x00000000a5100000| Untracked 
|  48|0x00000000a5200000, 0x00000000a5300000, 0x00000000a5300000|100%| O|  |TAMS 0x00000000a5300000, 0x00000000a5200000| Untracked 
|  49|0x00000000a5300000, 0x00000000a5400000, 0x00000000a5400000|100%| O|  |TAMS 0x00000000a5400000, 0x00000000a5300000| Untracked 
|  50|0x00000000a5400000, 0x00000000a5500000, 0x00000000a5500000|100%| O|  |TAMS 0x00000000a5500000, 0x00000000a5400000| Untracked 
|  51|0x00000000a5500000, 0x00000000a5600000, 0x00000000a5600000|100%| O|  |TAMS 0x00000000a5600000, 0x00000000a5500000| Untracked 
|  52|0x00000000a5600000, 0x00000000a5700000, 0x00000000a5700000|100%| O|  |TAMS 0x00000000a5700000, 0x00000000a5600000| Untracked 
|  53|0x00000000a5700000, 0x00000000a5800000, 0x00000000a5800000|100%| O|  |TAMS 0x00000000a5800000, 0x00000000a5700000| Untracked 
|  54|0x00000000a5800000, 0x00000000a5900000, 0x00000000a5900000|100%| O|  |TAMS 0x00000000a58d7c00, 0x00000000a5800000| Untracked 
|  55|0x00000000a5900000, 0x00000000a5a00000, 0x00000000a5a00000|100%| O|  |TAMS 0x00000000a5900000, 0x00000000a5900000| Untracked 
|  56|0x00000000a5a00000, 0x00000000a5b00000, 0x00000000a5b00000|100%| O|  |TAMS 0x00000000a5a00000, 0x00000000a5a00000| Untracked 
|  57|0x00000000a5b00000, 0x00000000a5c00000, 0x00000000a5c00000|100%| O|  |TAMS 0x00000000a5b00000, 0x00000000a5b00000| Untracked 
|  58|0x00000000a5c00000, 0x00000000a5c00000, 0x00000000a5d00000|  0%| F|  |TAMS 0x00000000a5c00000, 0x00000000a5c00000| Untracked 
|  59|0x00000000a5d00000, 0x00000000a5d00000, 0x00000000a5e00000|  0%| F|  |TAMS 0x00000000a5d00000, 0x00000000a5d00000| Untracked 
|  60|0x00000000a5e00000, 0x00000000a5e00000, 0x00000000a5f00000|  0%| F|  |TAMS 0x00000000a5e00000, 0x00000000a5e00000| Untracked 
|  61|0x00000000a5f00000, 0x00000000a5f00000, 0x00000000a6000000|  0%| F|  |TAMS 0x00000000a5f00000, 0x00000000a5f00000| Untracked 
|  62|0x00000000a6000000, 0x00000000a6000000, 0x00000000a6100000|  0%| F|  |TAMS 0x00000000a6000000, 0x00000000a6000000| Untracked 
|  63|0x00000000a6100000, 0x00000000a6100000, 0x00000000a6200000|  0%| F|  |TAMS 0x00000000a6100000, 0x00000000a6100000| Untracked 
|  64|0x00000000a6200000, 0x00000000a6200000, 0x00000000a6300000|  0%| F|  |TAMS 0x00000000a6200000, 0x00000000a6200000| Untracked 
|  65|0x00000000a6300000, 0x00000000a6300000, 0x00000000a6400000|  0%| F|  |TAMS 0x00000000a6300000, 0x00000000a6300000| Untracked 
|  66|0x00000000a6400000, 0x00000000a6400000, 0x00000000a6500000|  0%| F|  |TAMS 0x00000000a6400000, 0x00000000a6400000| Untracked 
|  67|0x00000000a6500000, 0x00000000a6500000, 0x00000000a6600000|  0%| F|  |TAMS 0x00000000a6500000, 0x00000000a6500000| Untracked 
|  68|0x00000000a6600000, 0x00000000a6600000, 0x00000000a6700000|  0%| F|  |TAMS 0x00000000a6600000, 0x00000000a6600000| Untracked 
|  69|0x00000000a6700000, 0x00000000a6700000, 0x00000000a6800000|  0%| F|  |TAMS 0x00000000a6700000, 0x00000000a6700000| Untracked 
|  70|0x00000000a6800000, 0x00000000a6800000, 0x00000000a6900000|  0%| F|  |TAMS 0x00000000a6800000, 0x00000000a6800000| Untracked 
|  71|0x00000000a6900000, 0x00000000a6900000, 0x00000000a6a00000|  0%| F|  |TAMS 0x00000000a6900000, 0x00000000a6900000| Untracked 
|  72|0x00000000a6a00000, 0x00000000a6a00000, 0x00000000a6b00000|  0%| F|  |TAMS 0x00000000a6a00000, 0x00000000a6a00000| Untracked 
|  73|0x00000000a6b00000, 0x00000000a6b00000, 0x00000000a6c00000|  0%| F|  |TAMS 0x00000000a6b00000, 0x00000000a6b00000| Untracked 
|  74|0x00000000a6c00000, 0x00000000a6c0f150, 0x00000000a6d00000|  5%| S|CS|TAMS 0x00000000a6c00000, 0x00000000a6c00000| Complete 
|  75|0x00000000a6d00000, 0x00000000a6e00000, 0x00000000a6e00000|100%| S|CS|TAMS 0x00000000a6d00000, 0x00000000a6d00000| Complete 
|  76|0x00000000a6e00000, 0x00000000a6f00000, 0x00000000a6f00000|100%| S|CS|TAMS 0x00000000a6e00000, 0x00000000a6e00000| Complete 
|  77|0x00000000a6f00000, 0x00000000a6f00000, 0x00000000a7000000|  0%| F|  |TAMS 0x00000000a6f00000, 0x00000000a6f00000| Untracked 
|  78|0x00000000a7000000, 0x00000000a7000000, 0x00000000a7100000|  0%| F|  |TAMS 0x00000000a7000000, 0x00000000a7000000| Untracked 
|  79|0x00000000a7100000, 0x00000000a7100000, 0x00000000a7200000|  0%| F|  |TAMS 0x00000000a7100000, 0x00000000a7100000| Untracked 
|  80|0x00000000a7200000, 0x00000000a7200000, 0x00000000a7300000|  0%| F|  |TAMS 0x00000000a7200000, 0x00000000a7200000| Untracked 
|  81|0x00000000a7300000, 0x00000000a7300000, 0x00000000a7400000|  0%| F|  |TAMS 0x00000000a7300000, 0x00000000a7300000| Untracked 
|  82|0x00000000a7400000, 0x00000000a7400000, 0x00000000a7500000|  0%| F|  |TAMS 0x00000000a7400000, 0x00000000a7400000| Untracked 
|  83|0x00000000a7500000, 0x00000000a7500000, 0x00000000a7600000|  0%| F|  |TAMS 0x00000000a7500000, 0x00000000a7500000| Untracked 
|  84|0x00000000a7600000, 0x00000000a7600000, 0x00000000a7700000|  0%| F|  |TAMS 0x00000000a7600000, 0x00000000a7600000| Untracked 
|  85|0x00000000a7700000, 0x00000000a7700000, 0x00000000a7800000|  0%| F|  |TAMS 0x00000000a7700000, 0x00000000a7700000| Untracked 
|  86|0x00000000a7800000, 0x00000000a7800000, 0x00000000a7900000|  0%| F|  |TAMS 0x00000000a7800000, 0x00000000a7800000| Untracked 
|  87|0x00000000a7900000, 0x00000000a7900000, 0x00000000a7a00000|  0%| F|  |TAMS 0x00000000a7900000, 0x00000000a7900000| Untracked 
|  88|0x00000000a7a00000, 0x00000000a7a00000, 0x00000000a7b00000|  0%| F|  |TAMS 0x00000000a7a00000, 0x00000000a7a00000| Untracked 
|  89|0x00000000a7b00000, 0x00000000a7b00000, 0x00000000a7c00000|  0%| F|  |TAMS 0x00000000a7b00000, 0x00000000a7b00000| Untracked 
|  90|0x00000000a7c00000, 0x00000000a7c00000, 0x00000000a7d00000|  0%| F|  |TAMS 0x00000000a7c00000, 0x00000000a7c00000| Untracked 
|  91|0x00000000a7d00000, 0x00000000a7d00000, 0x00000000a7e00000|  0%| F|  |TAMS 0x00000000a7d00000, 0x00000000a7d00000| Untracked 
|  92|0x00000000a7e00000, 0x00000000a7e00000, 0x00000000a7f00000|  0%| F|  |TAMS 0x00000000a7e00000, 0x00000000a7e00000| Untracked 
|  93|0x00000000a7f00000, 0x00000000a7f00000, 0x00000000a8000000|  0%| F|  |TAMS 0x00000000a7f00000, 0x00000000a7f00000| Untracked 
|  94|0x00000000a8000000, 0x00000000a8000000, 0x00000000a8100000|  0%| F|  |TAMS 0x00000000a8000000, 0x00000000a8000000| Untracked 
|  95|0x00000000a8100000, 0x00000000a8100000, 0x00000000a8200000|  0%| F|  |TAMS 0x00000000a8100000, 0x00000000a8100000| Untracked 
|  96|0x00000000a8200000, 0x00000000a8200000, 0x00000000a8300000|  0%| F|  |TAMS 0x00000000a8200000, 0x00000000a8200000| Untracked 
|  97|0x00000000a8300000, 0x00000000a8300000, 0x00000000a8400000|  0%| F|  |TAMS 0x00000000a8300000, 0x00000000a8300000| Untracked 
|  98|0x00000000a8400000, 0x00000000a8400000, 0x00000000a8500000|  0%| F|  |TAMS 0x00000000a8400000, 0x00000000a8400000| Untracked 
|  99|0x00000000a8500000, 0x00000000a8500000, 0x00000000a8600000|  0%| F|  |TAMS 0x00000000a8500000, 0x00000000a8500000| Untracked 
|1500|0x00000000ffe00000, 0x00000000ffe00000, 0x00000000fff00000|  0%| F|  |TAMS 0x00000000ffe00000, 0x00000000ffe00000| Untracked 

Card table byte_map: [0x0000016596ef0000,0x00000165971e0000] _byte_map_base: 0x00000165969df000

Marking Bits (Prev, Next): (CMBitMap*) 0x0000016584227af0, (CMBitMap*) 0x0000016584227ab0
 Prev Bits: [0x0000016598c50000, 0x000001659a3c8000)
 Next Bits: [0x00000165974d0000, 0x0000016598c48000)

Polling page: 0x0000016582170000

Metaspace:

Usage:
  Non-class:     48.15 MB used.
      Class:      6.35 MB used.
       Both:     54.50 MB used.

Virtual space:
  Non-class space:       64.00 MB reserved,      48.31 MB ( 75%) committed,  1 nodes.
      Class space:        1.00 GB reserved,       6.44 MB ( <1%) committed,  1 nodes.
             Both:        1.06 GB reserved,      54.75 MB (  5%) committed. 

Chunk freelists:
   Non-Class:  15.61 MB
       Class:  9.50 MB
        Both:  25.11 MB

MaxMetaspaceSize: unlimited
CompressedClassSpaceSize: 1.00 GB
Initial GC threshold: 21.00 MB
Current GC threshold: 86.50 MB
CDS: off
MetaspaceReclaimPolicy: balanced
 - commit_granule_bytes: 65536.
 - commit_granule_words: 8192.
 - virtual_space_node_default_size: 8388608.
 - enlarge_chunks_in_place: 1.
 - new_chunks_are_fully_committed: 0.
 - uncommit_free_chunks: 1.
 - use_allocation_guard: 0.
 - handle_deallocations: 1.


Internal statistics:

num_allocs_failed_limit: 3.
num_arena_births: 196.
num_arena_deaths: 0.
num_vsnodes_births: 2.
num_vsnodes_deaths: 0.
num_space_committed: 874.
num_space_uncommitted: 0.
num_chunks_returned_to_freelist: 3.
num_chunks_taken_from_freelist: 1849.
num_chunk_merges: 3.
num_chunk_splits: 1493.
num_chunks_enlarged: 1311.
num_inconsistent_stats: 0.

CodeHeap 'non-profiled nmethods': size=120000Kb used=2624Kb max_used=2624Kb free=117375Kb
 bounds [0x000001658f180000, 0x000001658f420000, 0x00000165966b0000]
CodeHeap 'profiled nmethods': size=120000Kb used=13602Kb max_used=13602Kb free=106397Kb
 bounds [0x00000165876b0000, 0x0000016588400000, 0x000001658ebe0000]
CodeHeap 'non-nmethods': size=5760Kb used=1291Kb max_used=1337Kb free=4469Kb
 bounds [0x000001658ebe0000, 0x000001658ee50000, 0x000001658f180000]
 total_blobs=7176 nmethods=6576 adapters=511
 compilation: enabled
              stopped_count=0, restarted_count=0
 full_count=0

Compilation events (20 events):
Event: 13.885 Thread 0x000001659d2d6b70 nmethod 6677 0x00000165883f5410 code [0x00000165883f55a0, 0x00000165883f56b8]
Event: 13.886 Thread 0x000001659d2d6b70 6678       2       org.jetbrains.kotlin.psi.psiUtil.KtPsiUtilKt::getParentSubstitute (25 bytes)
Event: 13.886 Thread 0x000001659d2d6b70 nmethod 6678 0x00000165883f5790 code [0x00000165883f5a20, 0x00000165883f60a8]
Event: 13.886 Thread 0x000001659d2d6b70 6681       1       org.jetbrains.kotlin.resolve.scopes.LexicalScopeKind::getWithLocalDescriptors (5 bytes)
Event: 13.886 Thread 0x000001659d2d6b70 nmethod 6681 0x000001658f40f790 code [0x000001658f40f920, 0x000001658f40f9f8]
Event: 13.886 Thread 0x000001659d2d6b70 6679       1       org.jetbrains.kotlin.resolve.calls.model.KotlinCallComponents::getConstraintInjector (5 bytes)
Event: 13.886 Thread 0x000001659d2d6b70 nmethod 6679 0x000001658f40fa90 code [0x000001658f40fc20, 0x000001658f40fcf8]
Event: 13.886 Thread 0x000001659d2d6b70 6680       1       org.jetbrains.kotlin.resolve.calls.model.KotlinCallComponents::getBuiltIns (5 bytes)
Event: 13.887 Thread 0x000001659d2d6b70 nmethod 6680 0x000001658f40fd90 code [0x000001658f40ff20, 0x000001658f40fff8]
Event: 13.887 Thread 0x000001659d2d6b70 6682       2       kotlin.sequences.SequencesKt___SequencesKt::filter (26 bytes)
Event: 13.887 Thread 0x000001659d2d6b70 nmethod 6682 0x00000165883f6510 code [0x00000165883f67c0, 0x00000165883f7018]
Event: 13.887 Thread 0x000001659d2d6b70 6683       1       org.jetbrains.kotlin.load.java.structure.impl.classFiles.BinaryJavaField::getName (5 bytes)
Event: 13.888 Thread 0x000001659d2d6b70 nmethod 6683 0x000001658f410090 code [0x000001658f410220, 0x000001658f4102f8]
Event: 13.888 Thread 0x000001659d2d6b70 6684       2       java.util.AbstractList::subList (40 bytes)
Event: 13.888 Thread 0x000001659d2d6b70 nmethod 6684 0x00000165883f7510 code [0x00000165883f76e0, 0x00000165883f7a68]
Event: 13.888 Thread 0x000001659d2d6b70 6685       2       java.util.AbstractList$SubList::<init> (35 bytes)
Event: 13.889 Thread 0x000001659d2d6b70 nmethod 6685 0x00000165883f7b90 code [0x00000165883f7d20, 0x00000165883f7eb8]
Event: 13.889 Thread 0x000001659d2d6b70 6687       2       org.jetbrains.kotlin.utils.StringsKt::join (29 bytes)
Event: 13.889 Thread 0x000001659d2d6b70 nmethod 6687 0x00000165883f7f90 code [0x00000165883f81c0, 0x00000165883f8628]
Event: 13.889 Thread 0x000001659d2d6b70 6686   !   2       org.jetbrains.kotlin.psi.KtElementImplStub::getContainingKtFile (169 bytes)

GC Heap History (20 events):
Event: 6.259 GC heap after
{Heap after GC invocations=12 (full 0):
 garbage-first heap   total 86016K, used 30510K [0x00000000a2200000, 0x0000000100000000)
  region size 1024K, 6 young (6144K), 6 survivors (6144K)
 Metaspace       used 36738K, committed 36928K, reserved 1114112K
  class space    used 4393K, committed 4480K, reserved 1048576K
}
Event: 8.989 GC heap before
{Heap before GC invocations=12 (full 0):
 garbage-first heap   total 86016K, used 62254K [0x00000000a2200000, 0x0000000100000000)
  region size 1024K, 37 young (37888K), 6 survivors (6144K)
 Metaspace       used 43901K, committed 44160K, reserved 1114112K
  class space    used 5265K, committed 5376K, reserved 1048576K
}
Event: 9.004 GC heap after
{Heap after GC invocations=13 (full 0):
 garbage-first heap   total 86016K, used 34503K [0x00000000a2200000, 0x0000000100000000)
  region size 1024K, 4 young (4096K), 4 survivors (4096K)
 Metaspace       used 43901K, committed 44160K, reserved 1114112K
  class space    used 5265K, committed 5376K, reserved 1048576K
}
Event: 10.155 GC heap before
{Heap before GC invocations=13 (full 0):
 garbage-first heap   total 86016K, used 65223K [0x00000000a2200000, 0x0000000100000000)
  region size 1024K, 33 young (33792K), 4 survivors (4096K)
 Metaspace       used 45962K, committed 46208K, reserved 1114112K
  class space    used 5501K, committed 5632K, reserved 1048576K
}
Event: 10.169 GC heap after
{Heap after GC invocations=14 (full 0):
 garbage-first heap   total 86016K, used 40319K [0x00000000a2200000, 0x0000000100000000)
  region size 1024K, 5 young (5120K), 5 survivors (5120K)
 Metaspace       used 45962K, committed 46208K, reserved 1114112K
  class space    used 5501K, committed 5632K, reserved 1048576K
}
Event: 10.547 GC heap before
{Heap before GC invocations=14 (full 0):
 garbage-first heap   total 86016K, used 65919K [0x00000000a2200000, 0x0000000100000000)
  region size 1024K, 28 young (28672K), 5 survivors (5120K)
 Metaspace       used 47467K, committed 47680K, reserved 1114112K
  class space    used 5678K, committed 5760K, reserved 1048576K
}
Event: 10.558 GC heap after
{Heap after GC invocations=15 (full 0):
 garbage-first heap   total 86016K, used 44229K [0x00000000a2200000, 0x0000000100000000)
  region size 1024K, 2 young (2048K), 2 survivors (2048K)
 Metaspace       used 47467K, committed 47680K, reserved 1114112K
  class space    used 5678K, committed 5760K, reserved 1048576K
}
Event: 11.076 GC heap before
{Heap before GC invocations=15 (full 0):
 garbage-first heap   total 86016K, used 64709K [0x00000000a2200000, 0x0000000100000000)
  region size 1024K, 23 young (23552K), 2 survivors (2048K)
 Metaspace       used 49846K, committed 50112K, reserved 1114112K
  class space    used 5922K, committed 6016K, reserved 1048576K
}
Event: 11.089 GC heap after
{Heap after GC invocations=16 (full 0):
 garbage-first heap   total 103424K, used 48514K [0x00000000a2200000, 0x0000000100000000)
  region size 1024K, 3 young (3072K), 3 survivors (3072K)
 Metaspace       used 49846K, committed 50112K, reserved 1114112K
  class space    used 5922K, committed 6016K, reserved 1048576K
}
Event: 12.008 GC heap before
{Heap before GC invocations=17 (full 0):
 garbage-first heap   total 103424K, used 77186K [0x00000000a2200000, 0x0000000100000000)
  region size 1024K, 31 young (31744K), 3 survivors (3072K)
 Metaspace       used 52514K, committed 52736K, reserved 1114112K
  class space    used 6119K, committed 6208K, reserved 1048576K
}
Event: 12.024 GC heap after
{Heap after GC invocations=18 (full 0):
 garbage-first heap   total 103424K, used 54197K [0x00000000a2200000, 0x0000000100000000)
  region size 1024K, 4 young (4096K), 4 survivors (4096K)
 Metaspace       used 52514K, committed 52736K, reserved 1114112K
  class space    used 6119K, committed 6208K, reserved 1048576K
}
Event: 12.039 GC heap before
{Heap before GC invocations=18 (full 0):
 garbage-first heap   total 103424K, used 55221K [0x00000000a2200000, 0x0000000100000000)
  region size 1024K, 5 young (5120K), 4 survivors (4096K)
 Metaspace       used 52524K, committed 52736K, reserved 1114112K
  class space    used 6119K, committed 6208K, reserved 1048576K
}
Event: 12.053 GC heap after
{Heap after GC invocations=19 (full 0):
 garbage-first heap   total 103424K, used 51705K [0x00000000a2200000, 0x0000000100000000)
  region size 1024K, 1 young (1024K), 1 survivors (1024K)
 Metaspace       used 52524K, committed 52736K, reserved 1114112K
  class space    used 6119K, committed 6208K, reserved 1048576K
}
Event: 12.425 GC heap before
{Heap before GC invocations=19 (full 0):
 garbage-first heap   total 103424K, used 78329K [0x00000000a2200000, 0x0000000100000000)
  region size 1024K, 27 young (27648K), 1 survivors (1024K)
 Metaspace       used 52907K, committed 53120K, reserved 1114112K
  class space    used 6133K, committed 6208K, reserved 1048576K
}
Event: 12.438 GC heap after
{Heap after GC invocations=20 (full 0):
 garbage-first heap   total 103424K, used 56234K [0x00000000a2200000, 0x0000000100000000)
  region size 1024K, 4 young (4096K), 4 survivors (4096K)
 Metaspace       used 52907K, committed 53120K, reserved 1114112K
  class space    used 6133K, committed 6208K, reserved 1048576K
}
Event: 12.577 GC heap before
{Heap before GC invocations=21 (full 0):
 garbage-first heap   total 103424K, used 79786K [0x00000000a2200000, 0x0000000100000000)
  region size 1024K, 27 young (27648K), 4 survivors (4096K)
 Metaspace       used 53091K, committed 53376K, reserved 1114112K
  class space    used 6150K, committed 6272K, reserved 1048576K
}
Event: 12.589 GC heap after
{Heap after GC invocations=22 (full 0):
 garbage-first heap   total 103424K, used 58825K [0x00000000a2200000, 0x0000000100000000)
  region size 1024K, 3 young (3072K), 3 survivors (3072K)
 Metaspace       used 53091K, committed 53376K, reserved 1114112K
  class space    used 6150K, committed 6272K, reserved 1048576K
}
Event: 12.594 GC heap before
{Heap before GC invocations=22 (full 0):
 garbage-first heap   total 103424K, used 60873K [0x00000000a2200000, 0x0000000100000000)
  region size 1024K, 5 young (5120K), 3 survivors (3072K)
 Metaspace       used 53091K, committed 53376K, reserved 1114112K
  class space    used 6150K, committed 6272K, reserved 1048576K
}
Event: 12.601 GC heap after
{Heap after GC invocations=23 (full 0):
 garbage-first heap   total 103424K, used 57751K [0x00000000a2200000, 0x0000000100000000)
  region size 1024K, 1 young (1024K), 1 survivors (1024K)
 Metaspace       used 53091K, committed 53376K, reserved 1114112K
  class space    used 6150K, committed 6272K, reserved 1048576K
}
Event: 13.890 GC heap before
{Heap before GC invocations=23 (full 0):
 garbage-first heap   total 103424K, used 81303K [0x00000000a2200000, 0x0000000100000000)
  region size 1024K, 24 young (24576K), 1 survivors (1024K)
 Metaspace       used 55809K, committed 56064K, reserved 1114112K
  class space    used 6504K, committed 6592K, reserved 1048576K
}

Dll operation events (2 events):
Event: 0.023 Loaded shared library C:\Program Files\Android\Android Studio\jbr\bin\java.dll
Event: 1.539 Loaded shared library C:\Program Files\Android\Android Studio\jbr\bin\verify.dll

Deoptimization events (20 events):
Event: 13.574 Thread 0x00000165841db7a0 DEOPT PACKING pc=0x000001658f27d8e4 sp=0x00000010f03fbac0
Event: 13.574 Thread 0x00000165841db7a0 DEOPT UNPACKING pc=0x000001658ec369a3 sp=0x00000010f03fba48 mode 2
Event: 13.574 Thread 0x00000165841db7a0 Uncommon trap: trap_request=0xffffffde fr.pc=0x000001658f27d8e4 relative=0x0000000000000064
Event: 13.574 Thread 0x00000165841db7a0 Uncommon trap: reason=class_check action=maybe_recompile pc=0x000001658f27d8e4 method=java.util.Collections$UnmodifiableCollection.size()I @ 4 c2
Event: 13.574 Thread 0x00000165841db7a0 DEOPT PACKING pc=0x000001658f27d8e4 sp=0x00000010f03fbac0
Event: 13.574 Thread 0x00000165841db7a0 DEOPT UNPACKING pc=0x000001658ec369a3 sp=0x00000010f03fba48 mode 2
Event: 13.644 Thread 0x00000165841db7a0 Uncommon trap: trap_request=0xffffffc6 fr.pc=0x000001658f3ae73c relative=0x000000000000107c
Event: 13.644 Thread 0x00000165841db7a0 Uncommon trap: reason=bimorphic_or_optimized_type_check action=maybe_recompile pc=0x000001658f3ae73c method=kotlin.collections.CollectionsKt___CollectionsKt.toList(Ljava/lang/Iterable;)Ljava/util/List; @ 71 c2
Event: 13.644 Thread 0x00000165841db7a0 DEOPT PACKING pc=0x000001658f3ae73c sp=0x00000010f03fb820
Event: 13.644 Thread 0x00000165841db7a0 DEOPT UNPACKING pc=0x000001658ec369a3 sp=0x00000010f03fb7f0 mode 2
Event: 13.644 Thread 0x00000165841db7a0 Uncommon trap: trap_request=0xffffffc6 fr.pc=0x000001658f3ae73c relative=0x000000000000107c
Event: 13.644 Thread 0x00000165841db7a0 Uncommon trap: reason=bimorphic_or_optimized_type_check action=maybe_recompile pc=0x000001658f3ae73c method=kotlin.collections.CollectionsKt___CollectionsKt.toList(Ljava/lang/Iterable;)Ljava/util/List; @ 71 c2
Event: 13.644 Thread 0x00000165841db7a0 DEOPT PACKING pc=0x000001658f3ae73c sp=0x00000010f03fb780
Event: 13.644 Thread 0x00000165841db7a0 DEOPT UNPACKING pc=0x000001658ec369a3 sp=0x00000010f03fb750 mode 2
Event: 13.773 Thread 0x00000165841db7a0 DEOPT PACKING pc=0x000001658784fe02 sp=0x00000010f03f9df0
Event: 13.773 Thread 0x00000165841db7a0 DEOPT UNPACKING pc=0x000001658ec37143 sp=0x00000010f03f9290 mode 0
Event: 13.837 Thread 0x00000165841db7a0 Uncommon trap: trap_request=0xffffff45 fr.pc=0x000001658f3ff2d0 relative=0x00000000000006f0
Event: 13.837 Thread 0x00000165841db7a0 Uncommon trap: reason=unstable_if action=reinterpret pc=0x000001658f3ff2d0 method=java.util.HashMap.putVal(ILjava/lang/Object;Ljava/lang/Object;ZZ)Ljava/lang/Object; @ 94 c2
Event: 13.837 Thread 0x00000165841db7a0 DEOPT PACKING pc=0x000001658f3ff2d0 sp=0x00000010f03face0
Event: 13.837 Thread 0x00000165841db7a0 DEOPT UNPACKING pc=0x000001658ec369a3 sp=0x00000010f03fac78 mode 2

Classes unloaded (0 events):
No events

Classes redefined (0 events):
No events

Internal exceptions (20 events):
Event: 2.943 Thread 0x00000165841db7a0 Implicit null exception at 0x000001658f20cf0c to 0x000001658f20d0cd
Event: 3.058 Thread 0x00000165841db7a0 Exception <a 'java/lang/NoSuchMethodError'{0x00000000a7f97858}: 'void java.lang.invoke.DirectMethodHandle$Holder.invokeStatic(java.lang.Object, java.lang.Object, java.lang.Object, java.lang.Object)'> (0x00000000a7f97858) 
thrown [s\src\hotspot\share\interpreter\linkResolver.cpp, line 771]
Event: 3.188 Thread 0x00000165841db7a0 Exception <a 'java/lang/NoSuchMethodError'{0x00000000a42596e0}: 'void java.lang.invoke.DirectMethodHandle$Holder.invokeStaticInit(java.lang.Object, java.lang.Object)'> (0x00000000a42596e0) 
thrown [s\src\hotspot\share\interpreter\linkResolver.cpp, line 771]
Event: 3.200 Thread 0x00000165841db7a0 Exception <a 'java/lang/NoSuchMethodError'{0x00000000a4299608}: 'void java.lang.invoke.DirectMethodHandle$Holder.invokeInterface(java.lang.Object, java.lang.Object)'> (0x00000000a4299608) 
thrown [s\src\hotspot\share\interpreter\linkResolver.cpp, line 771]
Event: 3.423 Thread 0x00000165841db7a0 Exception <a 'java/lang/NoSuchMethodError'{0x00000000a5b0ffc8}: 'void java.lang.invoke.DirectMethodHandle$Holder.invokeVirtual(java.lang.Object, java.lang.Object)'> (0x00000000a5b0ffc8) 
thrown [s\src\hotspot\share\interpreter\linkResolver.cpp, line 771]
Event: 3.440 Thread 0x00000165841db7a0 Exception <a 'java/lang/NoSuchMethodError'{0x00000000a5b800e0}: 'int java.lang.invoke.DirectMethodHandle$Holder.invokeVirtual(java.lang.Object, java.lang.Object)'> (0x00000000a5b800e0) 
thrown [s\src\hotspot\share\interpreter\linkResolver.cpp, line 771]
Event: 3.469 Thread 0x00000165841db7a0 Exception <a 'java/lang/NoSuchMethodError'{0x00000000a5a33878}: 'java.lang.Object java.lang.invoke.Invokers$Holder.invokeExact_MT(java.lang.Object, java.lang.Object, java.lang.Object, java.lang.Object, java.lang.Object, java.lang.Object)'> (0x00000000a5a33878) 
thrown [s\src\hotspot\share\interpreter\linkResolver.cpp, line 771]
Event: 5.701 Thread 0x00000165841db7a0 Exception <a 'java/lang/NoSuchMethodError'{0x00000000a5cc7a98}: 'java.lang.Object java.lang.invoke.DirectMethodHandle$Holder.invokeVirtual(java.lang.Object, java.lang.Object, java.lang.Object)'> (0x00000000a5cc7a98) 
thrown [s\src\hotspot\share\interpreter\linkResolver.cpp, line 771]
Event: 8.145 Thread 0x00000165841db7a0 Exception <a 'java/lang/NoSuchMethodError'{0x00000000a5ee8fe8}: 'java.lang.Object java.lang.invoke.DirectMethodHandle$Holder.newInvokeSpecial(java.lang.Object, java.lang.Object, int)'> (0x00000000a5ee8fe8) 
thrown [s\src\hotspot\share\interpreter\linkResolver.cpp, line 771]
Event: 8.383 Thread 0x00000165841db7a0 Exception <a 'java/lang/NoSuchMethodError'{0x00000000a5c47420}: 'int java.lang.invoke.DirectMethodHandle$Holder.invokeSpecial(java.lang.Object, java.lang.Object, java.lang.Object)'> (0x00000000a5c47420) 
thrown [s\src\hotspot\share\interpreter\linkResolver.cpp, line 771]
Event: 8.493 Thread 0x00000165841db7a0 Implicit null exception at 0x000001658f2bf4cc to 0x000001658f2bf5a8
Event: 8.857 Thread 0x00000165841db7a0 Exception <a 'java/lang/NoSuchMethodError'{0x00000000a575b478}: 'java.lang.Object java.lang.invoke.DirectMethodHandle$Holder.newInvokeSpecial(java.lang.Object, java.lang.Object, java.lang.Object, int)'> (0x00000000a575b478) 
thrown [s\src\hotspot\share\interpreter\linkResolver.cpp, line 771]
Event: 8.858 Thread 0x00000165841db7a0 Exception <a 'java/lang/NoSuchMethodError'{0x00000000a575fb00}: 'java.lang.Object java.lang.invoke.DirectMethodHandle$Holder.invokeSpecial(java.lang.Object, java.lang.Object, java.lang.Object, java.lang.Object, int)'> (0x00000000a575fb00) 
thrown [s\src\hotspot\share\interpreter\linkResolver.cpp, line 771]
Event: 8.858 Thread 0x00000165841db7a0 Exception <a 'java/lang/NoSuchMethodError'{0x00000000a5763970}: 'java.lang.Object java.lang.invoke.Invokers$Holder.linkToTargetMethod(java.lang.Object, java.lang.Object, int, java.lang.Object)'> (0x00000000a5763970) 
thrown [s\src\hotspot\share\interpreter\linkResolver.cpp, line 771]
Event: 11.222 Thread 0x00000165841db7a0 Exception <a 'java/lang/NoSuchMethodError'{0x00000000a832d378}: 'java.lang.Object java.lang.invoke.DirectMethodHandle$Holder.newInvokeSpecial(java.lang.Object, java.lang.Object, java.lang.Object, java.lang.Object, java.lang.Object, java.lang.Object, java.lang.Object, java.lang.Object)'> (0x00000000a832d378) 
thrown [s\src\hotspot\share\interpreter\linkResolver.cpp, line 771]
Event: 11.222 Thread 0x00000165841db7a0 Exception <a 'java/lang/NoSuchMethodError'{0x00000000a8332990}: 'java.lang.Object java.lang.invoke.DirectMethodHandle$Holder.invokeSpecial(java.lang.Object, java.lang.Object, java.lang.Object, java.lang.Object, java.lang.Object, java.lang.Object, java.lang.Object, java.lang.Object, java.lang.Object)'> (0x00000000a8332990) 
thrown [s\src\hotspot\share\interpreter\linkResolver.cpp, line 771]
Event: 11.222 Thread 0x00000165841db7a0 Exception <a 'java/lang/NoSuchMethodError'{0x00000000a83378c0}: 'java.lang.Object java.lang.invoke.Invokers$Holder.linkToTargetMethod(java.lang.Object, java.lang.Object, java.lang.Object, java.lang.Object, java.lang.Object, java.lang.Object, java.lang.Object, java.lang.Object)'> (0x00000000a83378c0) 
thrown [s\src\hotspot\share\interpreter\linkResolver.cpp, line 771]
Event: 11.673 Thread 0x00000165841db7a0 Exception <a 'java/lang/NoSuchMethodError'{0x00000000a779c3b0}: 'java.lang.Object java.lang.invoke.DirectMethodHandle$Holder.invokeStaticInit(java.lang.Object, java.lang.Object, java.lang.Object)'> (0x00000000a779c3b0) 
thrown [s\src\hotspot\share\interpreter\linkResolver.cpp, line 771]
Event: 12.752 Thread 0x00000165841db7a0 Exception <a 'java/lang/NoSuchMethodError'{0x00000000a7eb76d8}: 'java.lang.Object java.lang.invoke.DirectMethodHandle$Holder.invokeInterface(java.lang.Object, java.lang.Object)'> (0x00000000a7eb76d8) 
thrown [s\src\hotspot\share\interpreter\linkResolver.cpp, line 771]
Event: 12.798 Thread 0x00000165841db7a0 Exception <a 'java/lang/NoSuchMethodError'{0x00000000a7dc9ba8}: 'java.lang.Object java.lang.invoke.DirectMethodHandle$Holder.newInvokeSpecial(java.lang.Object, java.lang.Object, java.lang.Object, java.lang.Object, java.lang.Object, java.lang.Object)'> (0x00000000a7dc9ba8) 
thrown [s\src\hotspot\share\interpreter\linkResolver.cpp, line 771]

VM Operations (20 events):
Event: 12.749 Executing VM operation: HandshakeAllThreads done
Event: 12.751 Executing VM operation: HandshakeAllThreads
Event: 12.751 Executing VM operation: HandshakeAllThreads done
Event: 12.760 Executing VM operation: HandshakeAllThreads
Event: 12.761 Executing VM operation: HandshakeAllThreads done
Event: 12.773 Executing VM operation: HandshakeAllThreads
Event: 12.773 Executing VM operation: HandshakeAllThreads done
Event: 12.909 Executing VM operation: HandshakeAllThreads
Event: 12.909 Executing VM operation: HandshakeAllThreads done
Event: 12.983 Executing VM operation: HandshakeAllThreads
Event: 12.983 Executing VM operation: HandshakeAllThreads done
Event: 13.143 Executing VM operation: HandshakeAllThreads
Event: 13.143 Executing VM operation: HandshakeAllThreads done
Event: 13.148 Executing VM operation: HandshakeAllThreads
Event: 13.148 Executing VM operation: HandshakeAllThreads done
Event: 13.199 Executing VM operation: ICBufferFull
Event: 13.199 Executing VM operation: ICBufferFull done
Event: 13.844 Executing VM operation: ICBufferFull
Event: 13.844 Executing VM operation: ICBufferFull done
Event: 13.890 Executing VM operation: G1CollectForAllocation

Events (20 events):
Event: 9.879 loading class java/io/InvalidObjectException
Event: 9.880 loading class java/io/ObjectStreamException
Event: 9.880 loading class java/io/ObjectStreamException done
Event: 9.880 loading class java/io/InvalidObjectException done
Event: 9.941 loading class java/util/AbstractList$SubList
Event: 9.942 loading class java/util/AbstractList$SubList done
Event: 9.942 loading class java/util/AbstractList$SubList$1
Event: 9.942 loading class java/util/AbstractList$SubList$1 done
Event: 9.942 loading class java/util/AbstractList$ListItr
Event: 9.942 loading class java/util/AbstractList$ListItr done
Event: 10.340 loading class java/text/StringCharacterIterator
Event: 10.341 loading class java/text/CharacterIterator
Event: 10.341 loading class java/text/CharacterIterator done
Event: 10.341 loading class java/text/StringCharacterIterator done
Event: 10.406 loading class java/util/Collections$SingletonMap
Event: 10.408 loading class java/util/Collections$SingletonMap done
Event: 10.659 loading class java/util/AbstractList$RandomAccessSubList
Event: 10.660 loading class java/util/AbstractList$RandomAccessSubList done
Event: 11.566 loading class java/util/RegularEnumSet$EnumSetIterator
Event: 11.566 loading class java/util/RegularEnumSet$EnumSetIterator done


Dynamic libraries:
0x00007ff728c10000 - 0x00007ff728c1a000 	C:\Program Files\Android\Android Studio\jbr\bin\java.exe
0x00007ffb2fe70000 - 0x00007ffb30087000 	C:\WINDOWS\SYSTEM32\ntdll.dll
0x00007ffb2e560000 - 0x00007ffb2e624000 	C:\WINDOWS\System32\KERNEL32.DLL
0x00007ffb2d660000 - 0x00007ffb2da0c000 	C:\WINDOWS\System32\KERNELBASE.dll
0x00007ffb2da90000 - 0x00007ffb2dba1000 	C:\WINDOWS\System32\ucrtbase.dll
0x00007ffb0bf50000 - 0x00007ffb0bf6b000 	C:\Program Files\Android\Android Studio\jbr\bin\VCRUNTIME140.dll
0x00007ffb00990000 - 0x00007ffb009a7000 	C:\Program Files\Android\Android Studio\jbr\bin\jli.dll
0x00007ffb2e630000 - 0x00007ffb2e7de000 	C:\WINDOWS\System32\USER32.dll
0x00007ffb2d430000 - 0x00007ffb2d456000 	C:\WINDOWS\System32\win32u.dll
0x00007ffb126e0000 - 0x00007ffb12973000 	C:\WINDOWS\WinSxS\amd64_microsoft.windows.common-controls_6595b64144ccf1df_6.0.22621.3672_none_2713b9d173822955\COMCTL32.dll
0x00007ffb2e7f0000 - 0x00007ffb2e897000 	C:\WINDOWS\System32\msvcrt.dll
0x00007ffb2f3e0000 - 0x00007ffb2f409000 	C:\WINDOWS\System32\GDI32.dll
0x00007ffb2d1a0000 - 0x00007ffb2d2b9000 	C:\WINDOWS\System32\gdi32full.dll
0x00007ffb2d5c0000 - 0x00007ffb2d65a000 	C:\WINDOWS\System32\msvcp_win.dll
0x00007ffb2e290000 - 0x00007ffb2e2c1000 	C:\WINDOWS\System32\IMM32.DLL
0x00007ffb0e4c0000 - 0x00007ffb0e4cc000 	C:\Program Files\Android\Android Studio\jbr\bin\vcruntime140_1.dll
0x00007ffaee5a0000 - 0x00007ffaee62d000 	C:\Program Files\Android\Android Studio\jbr\bin\msvcp140.dll
0x00007ffaef740000 - 0x00007ffaf03c3000 	C:\Program Files\Android\Android Studio\jbr\bin\server\jvm.dll
0x00007ffb2ed80000 - 0x00007ffb2ee32000 	C:\WINDOWS\System32\ADVAPI32.dll
0x00007ffb2f060000 - 0x00007ffb2f10a000 	C:\WINDOWS\System32\sechost.dll
0x00007ffb2d4d0000 - 0x00007ffb2d4f8000 	C:\WINDOWS\System32\bcrypt.dll
0x00007ffb2ef40000 - 0x00007ffb2f055000 	C:\WINDOWS\System32\RPCRT4.dll
0x00007ffb26a00000 - 0x00007ffb26a34000 	C:\WINDOWS\SYSTEM32\WINMM.dll
0x00007ffb2d060000 - 0x00007ffb2d0ad000 	C:\WINDOWS\SYSTEM32\POWRPROF.dll
0x00007ffb252c0000 - 0x00007ffb252ca000 	C:\WINDOWS\SYSTEM32\VERSION.dll
0x00007ffb0ea40000 - 0x00007ffb0ea49000 	C:\WINDOWS\SYSTEM32\WSOCK32.dll
0x00007ffb2f170000 - 0x00007ffb2f1e1000 	C:\WINDOWS\System32\WS2_32.dll
0x00007ffb2d040000 - 0x00007ffb2d053000 	C:\WINDOWS\SYSTEM32\UMPDC.dll
0x00007ffb2c1d0000 - 0x00007ffb2c1e8000 	C:\WINDOWS\SYSTEM32\kernel.appcore.dll
0x00007ffb0e7a0000 - 0x00007ffb0e7aa000 	C:\Program Files\Android\Android Studio\jbr\bin\jimage.dll
0x00007ffb2abc0000 - 0x00007ffb2adf2000 	C:\WINDOWS\SYSTEM32\DBGHELP.DLL
0x00007ffb2dc20000 - 0x00007ffb2dfa8000 	C:\WINDOWS\System32\combase.dll
0x00007ffb2e1b0000 - 0x00007ffb2e287000 	C:\WINDOWS\System32\OLEAUT32.dll
0x00007ffb1d7f0000 - 0x00007ffb1d822000 	C:\WINDOWS\SYSTEM32\dbgcore.DLL
0x00007ffb2da10000 - 0x00007ffb2da8b000 	C:\WINDOWS\System32\bcryptPrimitives.dll
0x00007ffb00c20000 - 0x00007ffb00c45000 	C:\Program Files\Android\Android Studio\jbr\bin\java.dll
0x00007ffb01c00000 - 0x00007ffb01c18000 	C:\Program Files\Android\Android Studio\jbr\bin\zip.dll
0x00007ffb2f5d0000 - 0x00007ffb2fe2c000 	C:\WINDOWS\System32\SHELL32.dll
0x00007ffb2b0f0000 - 0x00007ffb2b9e7000 	C:\WINDOWS\SYSTEM32\windows.storage.dll
0x00007ffb2afb0000 - 0x00007ffb2b0ef000 	C:\WINDOWS\SYSTEM32\wintypes.dll
0x00007ffb2ee40000 - 0x00007ffb2ef34000 	C:\WINDOWS\System32\SHCORE.dll
0x00007ffb2f110000 - 0x00007ffb2f16e000 	C:\WINDOWS\System32\shlwapi.dll
0x00007ffb2d0d0000 - 0x00007ffb2d0f1000 	C:\WINDOWS\SYSTEM32\profapi.dll
0x00007ffb00c00000 - 0x00007ffb00c19000 	C:\Program Files\Android\Android Studio\jbr\bin\net.dll
0x00007ffb29660000 - 0x00007ffb29796000 	C:\WINDOWS\SYSTEM32\WINHTTP.dll
0x00007ffb2c640000 - 0x00007ffb2c6a9000 	C:\WINDOWS\system32\mswsock.dll
0x00007ffb009c0000 - 0x00007ffb009d6000 	C:\Program Files\Android\Android Studio\jbr\bin\nio.dll
0x00007ffb0bf30000 - 0x00007ffb0bf40000 	C:\Program Files\Android\Android Studio\jbr\bin\verify.dll

dbghelp: loaded successfully - version: 4.0.5 - missing functions: none
symbol engine: initialized successfully - sym options: 0x614 - pdb path: .;C:\Program Files\Android\Android Studio\jbr\bin;C:\WINDOWS\SYSTEM32;C:\WINDOWS\WinSxS\amd64_microsoft.windows.common-controls_6595b64144ccf1df_6.0.22621.3672_none_2713b9d173822955;C:\Program Files\Android\Android Studio\jbr\bin\server

VM Arguments:
java_command: org.jetbrains.kotlin.cli.jvm.K2JVMCompiler @C:\Users\aksha\Downloads\CAMPUS-NAVIGATION-main\CAMPUS-NAVIGATION-main\app\build\20240617_17371145564331838458.compiler.options
java_class_path (initial): C:\Users\aksha\.gradle\caches\modules-2\files-2.1\org.jetbrains.kotlin\kotlin-compiler-embeddable\1.5.21\40ddbcae9ff100473f95370c2d589ba3fc48eed5\kotlin-compiler-embeddable-1.5.21.jar;C:\Users\aksha\.gradle\caches\modules-2\files-2.1\org.jetbrains.kotlin\kotlin-reflect\1.5.21\802f1f39735ae1eb2b75714a40fa19bb2e687e96\kotlin-reflect-1.5.21.jar;C:\Users\aksha\.gradle\caches\modules-2\files-2.1\org.jetbrains.kotlin\kotlin-stdlib\1.5.21\2f537cad7e9eeb9da73738c8812e1e4cf9b62e4e\kotlin-stdlib-1.5.21.jar;C:\Users\aksha\.gradle\caches\modules-2\files-2.1\org.jetbrains.kotlin\kotlin-script-runtime\1.5.21\96d49e89873fde985750af354b6eabb60cfa999b\kotlin-script-runtime-1.5.21.jar;C:\Users\aksha\.gradle\caches\modules-2\files-2.1\org.jetbrains.kotlin\kotlin-daemon-embeddable\1.5.21\17255809e66a940dfdf6289bccbdfb5a09f3145\kotlin-daemon-embeddable-1.5.21.jar;C:\Users\aksha\.gradle\caches\modules-2\files-2.1\org.jetbrains.intellij.deps\trove4j\1.0.20181211\216c2e14b070f334479d800987affe4054cd563f\trove4j-1.0.20181211.jar;C:\Users\aksha\.gradle\caches\modules-2\files-2.1\org.jetbrains\annotations\13.0\919f0dfe192fb4e063e7dacadee7f8bb9a2672a9\annotations-13.0.jar;C:\Users\aksha\.gradle\caches\modules-2\files-2.1\org.jetbrains.kotlin\kotlin-stdlib-common\1.5.21\cc8bf3586fd2ebcf234058b9440bb406e62dfacb\kotlin-stdlib-common-1.5.21.jar
Launcher Type: SUN_STANDARD

[Global flags]
     intx CICompilerCount                          = 4                                         {product} {ergonomic}
     uint ConcGCThreads                            = 3                                         {product} {ergonomic}
     uint G1ConcRefinementThreads                  = 10                                        {product} {ergonomic}
   size_t G1HeapRegionSize                         = 1048576                                   {product} {ergonomic}
    uintx GCDrainStackTargetSize                   = 64                                        {product} {ergonomic}
   size_t InitialHeapSize                          = 98566144                                  {product} {ergonomic}
   size_t MarkStackSize                            = 4194304                                   {product} {ergonomic}
   size_t MaxHeapSize                              = 1574961152                                {product} {ergonomic}
   size_t MaxNewSize                               = 944766976                                 {product} {ergonomic}
   size_t MinHeapDeltaBytes                        = 1048576                                   {product} {ergonomic}
   size_t MinHeapSize                              = 8388608                                   {product} {ergonomic}
    uintx NonNMethodCodeHeapSize                   = 5839372                                {pd product} {ergonomic}
    uintx NonProfiledCodeHeapSize                  = 122909434                              {pd product} {ergonomic}
    uintx ProfiledCodeHeapSize                     = 122909434                              {pd product} {ergonomic}
    uintx ReservedCodeCacheSize                    = 251658240                              {pd product} {ergonomic}
     bool SegmentedCodeCache                       = true                                      {product} {ergonomic}
   size_t SoftMaxHeapSize                          = 1574961152                             {manageable} {ergonomic}
     bool UseCompressedClassPointers               = true                           {product lp64_product} {ergonomic}
     bool UseCompressedOops                        = true                           {product lp64_product} {ergonomic}
     bool UseG1GC                                  = true                                      {product} {ergonomic}
     bool UseLargePagesIndividualAllocation        = false                                  {pd product} {ergonomic}

Logging:
Log output configuration:
 #0: stdout all=warning uptime,level,tags
 #1: stderr all=off uptime,level,tags

Environment Variables:
PATH=C:\WINDOWS\system32;C:\WINDOWS;C:\WINDOWS\System32\Wbem;C:\WINDOWS\System32\WindowsPowerShell\v1.0\;C:\WINDOWS\System32\OpenSSH\;C:\MinGW\bin;C:\Users\aksha\OneDrive\Desktop\VS;C:\Program Files\Git\cmd;C:\Program Files\MySQL\MySQL Server 8.0\bin;C:\Program Files\MySQL\MySQL Shell 8.0\bin\;C:\Users\aksha\AppData\Local\Programs\Python\Python311\Scripts\;C:\Users\aksha\AppData\Local\Programs\Python\Python311\;C:\Users\aksha\AppData\Local\Programs\Python\Launcher\;C:\Users\aksha\AppData\Local\Microsoft\WindowsApps;C:\MinGW\bin;C:\Users\aksha\AppData\Local\Programs\Microsoft VS Code\bin;C:\Users\aksha\AppData\Local\GitHubDesktop\bin
USERNAME=aksha
OS=Windows_NT
PROCESSOR_IDENTIFIER=AMD64 Family 23 Model 104 Stepping 1, AuthenticAMD
TMP=C:\Users\aksha\AppData\Local\Temp
TEMP=C:\Users\aksha\AppData\Local\Temp



Periodic native trim disabled

JNI global refs:
JNI global refs: 10, weak refs: 21

JNI global refs memory usage: 843, weak refs: 841

OOME stack traces (most recent first):
Classloader memory used:
Loader jdk.internal.loader.ClassLoaders$AppClassLoader                                 : 5308K
Loader bootstrap                                                                       : 1592K
Loader jdk.internal.loader.ClassLoaders$PlatformClassLoader                            : 34452B
Loader java.net.URLClassLoader                                                         : 24733B
Loader jdk.internal.reflect.DelegatingClassLoader                                      : 18450B


---------------  S Y S T E M  ---------------

OS:
 Windows 11 , 64 bit Build 22621 (10.0.22621.3672)
OS uptime: 1 days 11:38 hours

CPU: total 12 (initial active 12) (12 cores per cpu, 2 threads per core) family 23 model 104 stepping 1 microcode 0x0, cx8, cmov, fxsr, ht, mmx, 3dnowpref, sse, sse2, sse3, ssse3, sse4a, sse4.1, sse4.2, popcnt, lzcnt, tsc, tscinvbit, avx, avx2, aes, clmul, bmi1, bmi2, adx, sha, fma, vzeroupper, clflush, clflushopt
Processor Information for processor 0
  Max Mhz: 2100, Current Mhz: 2100, Mhz Limit: 2100
Processor Information for processor 1
  Max Mhz: 2100, Current Mhz: 2100, Mhz Limit: 2100
Processor Information for processor 2
  Max Mhz: 2100, Current Mhz: 2100, Mhz Limit: 2100
Processor Information for processor 3
  Max Mhz: 2100, Current Mhz: 1813, Mhz Limit: 2100
Processor Information for processor 4
  Max Mhz: 2100, Current Mhz: 2100, Mhz Limit: 2100
Processor Information for processor 5
  Max Mhz: 2100, Current Mhz: 1813, Mhz Limit: 2100
Processor Information for processor 6
  Max Mhz: 2100, Current Mhz: 1813, Mhz Limit: 2100
Processor Information for processor 7
  Max Mhz: 2100, Current Mhz: 2100, Mhz Limit: 2100
Processor Information for processor 8
  Max Mhz: 2100, Current Mhz: 1813, Mhz Limit: 2100
Processor Information for processor 9
  Max Mhz: 2100, Current Mhz: 1813, Mhz Limit: 2100
Processor Information for processor 10
  Max Mhz: 2100, Current Mhz: 2100, Mhz Limit: 2100
Processor Information for processor 11
  Max Mhz: 2100, Current Mhz: 1813, Mhz Limit: 2100

Memory: 4k page, system-wide physical 6005M (77M free)
TotalPageFile size 24437M (AvailPageFile size 127M)
current process WorkingSet (physical memory assigned to process): 205M, peak: 211M
current process commit charge ("private bytes"): 288M, peak: 491M

vm_info: OpenJDK 64-Bit Server VM (17.0.10+0--11572160) for windows-amd64 JRE (17.0.10+0--11572160), built on Mar 13 2024 23:56:38 by "androidbuild" with MS VC++ 16.10 / 16.11 (VS2019)

END.
